<?xml version="1.0" encoding="UTF-8"?>
<testsuite xmlns:xsi="http://www.w3.org/2001/XMLSchema-instance" xsi:noNamespaceSchemaLocation="https://maven.apache.org/surefire/maven-surefire-plugin/xsd/surefire-test-report-3.0.xsd" version="3.0" name="apitesting_restassured.Testsuite" time="16.104" tests="14" errors="0" skipped="0" failures="0">
  <properties>
    <property name="java.specification.version" value="22"/>
    <property name="sun.cpu.isalist" value="amd64"/>
    <property name="sun.jnu.encoding" value="Cp1252"/>
    <property name="java.class.path" value="E:\Restassured_Eclipse\DummyJSON_API\target\test-classes;E:\Restassured_Eclipse\DummyJSON_API\target\classes;C:\Users\kkkkr\.m2\repository\io\rest-assured\rest-assured\4.5.1\rest-assured-4.5.1.jar;C:\Users\kkkkr\.m2\repository\org\codehaus\groovy\groovy\3.0.9\groovy-3.0.9.jar;C:\Users\kkkkr\.m2\repository\org\codehaus\groovy\groovy-xml\3.0.9\groovy-xml-3.0.9.jar;C:\Users\kkkkr\.m2\repository\org\apache\httpcomponents\httpclient\4.5.13\httpclient-4.5.13.jar;C:\Users\kkkkr\.m2\repository\org\apache\httpcomponents\httpcore\4.4.13\httpcore-4.4.13.jar;C:\Users\kkkkr\.m2\repository\commons-logging\commons-logging\1.2\commons-logging-1.2.jar;C:\Users\kkkkr\.m2\repository\commons-codec\commons-codec\1.11\commons-codec-1.11.jar;C:\Users\kkkkr\.m2\repository\org\apache\httpcomponents\httpmime\4.5.13\httpmime-4.5.13.jar;C:\Users\kkkkr\.m2\repository\org\hamcrest\hamcrest\2.1\hamcrest-2.1.jar;C:\Users\kkkkr\.m2\repository\org\ccil\cowan\tagsoup\tagsoup\1.2.1\tagsoup-1.2.1.jar;C:\Users\kkkkr\.m2\repository\org\testng\testng\7.7.1\testng-7.7.1.jar;C:\Users\kkkkr\.m2\repository\org\slf4j\slf4j-api\1.7.36\slf4j-api-1.7.36.jar;C:\Users\kkkkr\.m2\repository\com\beust\jcommander\1.82\jcommander-1.82.jar;C:\Users\kkkkr\.m2\repository\org\webjars\jquery\3.6.1\jquery-3.6.1.jar;C:\Users\kkkkr\.m2\repository\com\googlecode\json-simple\json-simple\1.1.1\json-simple-1.1.1.jar;C:\Users\kkkkr\.m2\repository\junit\junit\4.10\junit-4.10.jar;C:\Users\kkkkr\.m2\repository\org\hamcrest\hamcrest-core\1.1\hamcrest-core-1.1.jar;C:\Users\kkkkr\.m2\repository\org\jsoup\jsoup\1.14.3\jsoup-1.14.3.jar;C:\Users\kkkkr\.m2\repository\io\rest-assured\json-path\4.5.1\json-path-4.5.1.jar;C:\Users\kkkkr\.m2\repository\org\codehaus\groovy\groovy-json\3.0.9\groovy-json-3.0.9.jar;C:\Users\kkkkr\.m2\repository\io\rest-assured\rest-assured-common\4.5.1\rest-assured-common-4.5.1.jar;C:\Users\kkkkr\.m2\repository\io\rest-assured\xml-path\4.5.1\xml-path-4.5.1.jar;C:\Users\kkkkr\.m2\repository\org\apache\commons\commons-lang3\3.11\commons-lang3-3.11.jar;C:\Users\kkkkr\.m2\repository\io\rest-assured\json-schema-validator\4.5.1\json-schema-validator-4.5.1.jar;C:\Users\kkkkr\.m2\repository\com\github\java-json-tools\json-schema-validator\2.2.14\json-schema-validator-2.2.14.jar;C:\Users\kkkkr\.m2\repository\com\google\guava\guava\28.2-android\guava-28.2-android.jar;C:\Users\kkkkr\.m2\repository\com\google\guava\failureaccess\1.0.1\failureaccess-1.0.1.jar;C:\Users\kkkkr\.m2\repository\com\google\guava\listenablefuture\9999.0-empty-to-avoid-conflict-with-guava\listenablefuture-9999.0-empty-to-avoid-conflict-with-guava.jar;C:\Users\kkkkr\.m2\repository\org\checkerframework\checker-compat-qual\2.5.5\checker-compat-qual-2.5.5.jar;C:\Users\kkkkr\.m2\repository\com\google\errorprone\error_prone_annotations\2.3.4\error_prone_annotations-2.3.4.jar;C:\Users\kkkkr\.m2\repository\com\google\j2objc\j2objc-annotations\1.3\j2objc-annotations-1.3.jar;C:\Users\kkkkr\.m2\repository\com\github\java-json-tools\jackson-coreutils-equivalence\1.0\jackson-coreutils-equivalence-1.0.jar;C:\Users\kkkkr\.m2\repository\com\fasterxml\jackson\core\jackson-databind\2.11.0\jackson-databind-2.11.0.jar;C:\Users\kkkkr\.m2\repository\com\fasterxml\jackson\core\jackson-annotations\2.11.0\jackson-annotations-2.11.0.jar;C:\Users\kkkkr\.m2\repository\com\fasterxml\jackson\core\jackson-core\2.11.0\jackson-core-2.11.0.jar;C:\Users\kkkkr\.m2\repository\com\github\java-json-tools\jackson-coreutils\2.0\jackson-coreutils-2.0.jar;C:\Users\kkkkr\.m2\repository\com\github\java-json-tools\msg-simple\1.2\msg-simple-1.2.jar;C:\Users\kkkkr\.m2\repository\com\github\java-json-tools\btf\1.3\btf-1.3.jar;C:\Users\kkkkr\.m2\repository\com\github\java-json-tools\json-schema-core\1.2.14\json-schema-core-1.2.14.jar;C:\Users\kkkkr\.m2\repository\com\github\java-json-tools\uri-template\0.10\uri-template-0.10.jar;C:\Users\kkkkr\.m2\repository\org\mozilla\rhino\1.7.7.2\rhino-1.7.7.2.jar;C:\Users\kkkkr\.m2\repository\com\sun\mail\mailapi\1.6.2\mailapi-1.6.2.jar;C:\Users\kkkkr\.m2\repository\joda-time\joda-time\2.10.5\joda-time-2.10.5.jar;C:\Users\kkkkr\.m2\repository\com\googlecode\libphonenumber\libphonenumber\8.11.1\libphonenumber-8.11.1.jar;C:\Users\kkkkr\.m2\repository\com\google\code\findbugs\jsr305\3.0.2\jsr305-3.0.2.jar;C:\Users\kkkkr\.m2\repository\net\sf\jopt-simple\jopt-simple\5.0.4\jopt-simple-5.0.4.jar;"/>
    <property name="java.vm.vendor" value="Oracle Corporation"/>
    <property name="sun.arch.data.model" value="64"/>
    <property name="user.variant" value=""/>
    <property name="java.vendor.url" value="https://java.oracle.com/"/>
    <property name="user.timezone" value="Asia/Calcutta"/>
    <property name="os.name" value="Windows 10"/>
    <property name="java.vm.specification.version" value="22"/>
    <property name="sun.java.launcher" value="SUN_STANDARD"/>
    <property name="user.country" value="US"/>
    <property name="sun.boot.library.path" value="C:\Program Files\Java\jdk-22\bin"/>
    <property name="sun.java.command" value="C:\Users\kkkkr\AppData\Local\Temp\surefire8966426922804114670\surefirebooter3281800765084789655.jar C:\Users\kkkkr\AppData\Local\Temp\surefire8966426922804114670 2024-07-20T10-11-09_289-jvmRun1 surefire11698983585452324209tmp surefire_014618270598669320752tmp"/>
    <property name="jdk.debug" value="release"/>
    <property name="surefire.test.class.path" value="E:\Restassured_Eclipse\DummyJSON_API\target\test-classes;E:\Restassured_Eclipse\DummyJSON_API\target\classes;C:\Users\kkkkr\.m2\repository\io\rest-assured\rest-assured\4.5.1\rest-assured-4.5.1.jar;C:\Users\kkkkr\.m2\repository\org\codehaus\groovy\groovy\3.0.9\groovy-3.0.9.jar;C:\Users\kkkkr\.m2\repository\org\codehaus\groovy\groovy-xml\3.0.9\groovy-xml-3.0.9.jar;C:\Users\kkkkr\.m2\repository\org\apache\httpcomponents\httpclient\4.5.13\httpclient-4.5.13.jar;C:\Users\kkkkr\.m2\repository\org\apache\httpcomponents\httpcore\4.4.13\httpcore-4.4.13.jar;C:\Users\kkkkr\.m2\repository\commons-logging\commons-logging\1.2\commons-logging-1.2.jar;C:\Users\kkkkr\.m2\repository\commons-codec\commons-codec\1.11\commons-codec-1.11.jar;C:\Users\kkkkr\.m2\repository\org\apache\httpcomponents\httpmime\4.5.13\httpmime-4.5.13.jar;C:\Users\kkkkr\.m2\repository\org\hamcrest\hamcrest\2.1\hamcrest-2.1.jar;C:\Users\kkkkr\.m2\repository\org\ccil\cowan\tagsoup\tagsoup\1.2.1\tagsoup-1.2.1.jar;C:\Users\kkkkr\.m2\repository\org\testng\testng\7.7.1\testng-7.7.1.jar;C:\Users\kkkkr\.m2\repository\org\slf4j\slf4j-api\1.7.36\slf4j-api-1.7.36.jar;C:\Users\kkkkr\.m2\repository\com\beust\jcommander\1.82\jcommander-1.82.jar;C:\Users\kkkkr\.m2\repository\org\webjars\jquery\3.6.1\jquery-3.6.1.jar;C:\Users\kkkkr\.m2\repository\com\googlecode\json-simple\json-simple\1.1.1\json-simple-1.1.1.jar;C:\Users\kkkkr\.m2\repository\junit\junit\4.10\junit-4.10.jar;C:\Users\kkkkr\.m2\repository\org\hamcrest\hamcrest-core\1.1\hamcrest-core-1.1.jar;C:\Users\kkkkr\.m2\repository\org\jsoup\jsoup\1.14.3\jsoup-1.14.3.jar;C:\Users\kkkkr\.m2\repository\io\rest-assured\json-path\4.5.1\json-path-4.5.1.jar;C:\Users\kkkkr\.m2\repository\org\codehaus\groovy\groovy-json\3.0.9\groovy-json-3.0.9.jar;C:\Users\kkkkr\.m2\repository\io\rest-assured\rest-assured-common\4.5.1\rest-assured-common-4.5.1.jar;C:\Users\kkkkr\.m2\repository\io\rest-assured\xml-path\4.5.1\xml-path-4.5.1.jar;C:\Users\kkkkr\.m2\repository\org\apache\commons\commons-lang3\3.11\commons-lang3-3.11.jar;C:\Users\kkkkr\.m2\repository\io\rest-assured\json-schema-validator\4.5.1\json-schema-validator-4.5.1.jar;C:\Users\kkkkr\.m2\repository\com\github\java-json-tools\json-schema-validator\2.2.14\json-schema-validator-2.2.14.jar;C:\Users\kkkkr\.m2\repository\com\google\guava\guava\28.2-android\guava-28.2-android.jar;C:\Users\kkkkr\.m2\repository\com\google\guava\failureaccess\1.0.1\failureaccess-1.0.1.jar;C:\Users\kkkkr\.m2\repository\com\google\guava\listenablefuture\9999.0-empty-to-avoid-conflict-with-guava\listenablefuture-9999.0-empty-to-avoid-conflict-with-guava.jar;C:\Users\kkkkr\.m2\repository\org\checkerframework\checker-compat-qual\2.5.5\checker-compat-qual-2.5.5.jar;C:\Users\kkkkr\.m2\repository\com\google\errorprone\error_prone_annotations\2.3.4\error_prone_annotations-2.3.4.jar;C:\Users\kkkkr\.m2\repository\com\google\j2objc\j2objc-annotations\1.3\j2objc-annotations-1.3.jar;C:\Users\kkkkr\.m2\repository\com\github\java-json-tools\jackson-coreutils-equivalence\1.0\jackson-coreutils-equivalence-1.0.jar;C:\Users\kkkkr\.m2\repository\com\fasterxml\jackson\core\jackson-databind\2.11.0\jackson-databind-2.11.0.jar;C:\Users\kkkkr\.m2\repository\com\fasterxml\jackson\core\jackson-annotations\2.11.0\jackson-annotations-2.11.0.jar;C:\Users\kkkkr\.m2\repository\com\fasterxml\jackson\core\jackson-core\2.11.0\jackson-core-2.11.0.jar;C:\Users\kkkkr\.m2\repository\com\github\java-json-tools\jackson-coreutils\2.0\jackson-coreutils-2.0.jar;C:\Users\kkkkr\.m2\repository\com\github\java-json-tools\msg-simple\1.2\msg-simple-1.2.jar;C:\Users\kkkkr\.m2\repository\com\github\java-json-tools\btf\1.3\btf-1.3.jar;C:\Users\kkkkr\.m2\repository\com\github\java-json-tools\json-schema-core\1.2.14\json-schema-core-1.2.14.jar;C:\Users\kkkkr\.m2\repository\com\github\java-json-tools\uri-template\0.10\uri-template-0.10.jar;C:\Users\kkkkr\.m2\repository\org\mozilla\rhino\1.7.7.2\rhino-1.7.7.2.jar;C:\Users\kkkkr\.m2\repository\com\sun\mail\mailapi\1.6.2\mailapi-1.6.2.jar;C:\Users\kkkkr\.m2\repository\joda-time\joda-time\2.10.5\joda-time-2.10.5.jar;C:\Users\kkkkr\.m2\repository\com\googlecode\libphonenumber\libphonenumber\8.11.1\libphonenumber-8.11.1.jar;C:\Users\kkkkr\.m2\repository\com\google\code\findbugs\jsr305\3.0.2\jsr305-3.0.2.jar;C:\Users\kkkkr\.m2\repository\net\sf\jopt-simple\jopt-simple\5.0.4\jopt-simple-5.0.4.jar;"/>
    <property name="sun.cpu.endian" value="little"/>
    <property name="user.home" value="C:\Users\kkkkr"/>
    <property name="user.language" value="en"/>
    <property name="java.specification.vendor" value="Oracle Corporation"/>
    <property name="java.version.date" value="2024-04-16"/>
    <property name="java.home" value="C:\Program Files\Java\jdk-22"/>
    <property name="file.separator" value="\"/>
    <property name="basedir" value="E:\Restassured_Eclipse\DummyJSON_API"/>
    <property name="java.vm.compressedOopsMode" value="Zero based"/>
    <property name="line.separator" value="&#10;"/>
    <property name="java.vm.specification.vendor" value="Oracle Corporation"/>
    <property name="java.specification.name" value="Java Platform API Specification"/>
    <property name="surefire.real.class.path" value="C:\Users\kkkkr\AppData\Local\Temp\surefire8966426922804114670\surefirebooter3281800765084789655.jar"/>
    <property name="user.script" value=""/>
    <property name="sun.management.compiler" value="HotSpot 64-Bit Tiered Compilers"/>
    <property name="java.runtime.version" value="22.0.1+8-16"/>
    <property name="user.name" value="kkkkr"/>
    <property name="stdout.encoding" value="Cp1252"/>
    <property name="path.separator" value=";"/>
    <property name="os.version" value="10.0"/>
    <property name="java.runtime.name" value="Java(TM) SE Runtime Environment"/>
    <property name="file.encoding" value="UTF-8"/>
    <property name="java.vm.name" value="Java HotSpot(TM) 64-Bit Server VM"/>
    <property name="localRepository" value="C:\Users\kkkkr\.m2\repository"/>
    <property name="java.vendor.url.bug" value="https://bugreport.java.com/bugreport/"/>
    <property name="java.io.tmpdir" value="C:\Users\kkkkr\AppData\Local\Temp\"/>
    <property name="java.version" value="22.0.1"/>
    <property name="user.dir" value="E:\Restassured_Eclipse\DummyJSON_API"/>
    <property name="os.arch" value="amd64"/>
    <property name="java.vm.specification.name" value="Java Virtual Machine Specification"/>
    <property name="sun.os.patch.level" value=""/>
    <property name="native.encoding" value="Cp1252"/>
    <property name="java.library.path" value="C:\Program Files\Java\jdk-22\bin;C:\Windows\Sun\Java\bin;C:\Windows\system32;C:\Windows;C:/Users/kkkkr/.p2/pool/plugins/org.eclipse.justj.openjdk.hotspot.jre.full.win32.x86_64_22.0.1.v20240426-1149/jre/bin/server;C:/Users/kkkkr/.p2/pool/plugins/org.eclipse.justj.openjdk.hotspot.jre.full.win32.x86_64_22.0.1.v20240426-1149/jre/bin;C:\Program Files\Common Files\Oracle\Java\javapath;C:\Program Files\Eclipse Adoptium\jdk-21.0.3.9-hotspot\bin;C:\Program Files (x86)\VMware\VMware Player\bin\;C:\Windows\system32;C:\Windows;C:\Windows\System32\Wbem;C:\Windows\System32\WindowsPowerShell\v1.0\;C:\Windows\System32\OpenSSH\;C:\Python311\;C:\Python311\Scripts\;C:\Program Files\nodejs\;C:\ProgramData\chocolatey\bin;C:\Program Files\Git\cmd;C:\Program Files\MySQL\MySQL Server 8.0\bin;C:\Program Files\Maven\apache-maven-3.9.8\bin;C:\Program Files\MySQL\MySQL Shell 8.0\bin\;C:\Users\kkkkr\AppData\Local\Programs\Python\Python312\Scripts\;C:\Users\kkkkr\AppData\Local\Programs\Python\Python312\;C:\Users\kkkkr\AppData\Local\Programs\Microsoft VS Code\bin;C:\Users\kkkkr\AppData\Roaming\npm;C:\Windows\system32;;."/>
    <property name="java.vm.info" value="mixed mode, sharing"/>
    <property name="stderr.encoding" value="Cp1252"/>
    <property name="java.vendor" value="Oracle Corporation"/>
    <property name="java.vm.version" value="22.0.1+8-16"/>
    <property name="sun.io.unicode.encoding" value="UnicodeLittle"/>
    <property name="java.class.version" value="66.0"/>
  </properties>
  <testcase name="Auth" classname="apitesting_restassured.Testsuite" time="4.172">
    <system-out><![CDATA[HTTP/1.1 200 OK
Server: Cowboy
Report-To: {"group":"heroku-nel","max_age":3600,"endpoints":[{"url":"https://nel.heroku.com/reports?ts=1721450474&sid=e11707d5-02a7-43ef-b45e-2cf4d2036f7d&s=e7%2FhceA9EyYuU0FHTDJSu41SDjSgdCdOdt3n7SR%2FxVA%3D"}]}
Reporting-Endpoints: heroku-nel=https://nel.heroku.com/reports?ts=1721450474&sid=e11707d5-02a7-43ef-b45e-2cf4d2036f7d&s=e7%2FhceA9EyYuU0FHTDJSu41SDjSgdCdOdt3n7SR%2FxVA%3D
Nel: {"report_to":"heroku-nel","max_age":3600,"success_fraction":0.005,"failure_fraction":0.05,"response_headers":["Via"]}
Connection: keep-alive
Access-Control-Allow-Origin: *
X-Dns-Prefetch-Control: off
X-Frame-Options: SAMEORIGIN
Strict-Transport-Security: max-age=15552000; includeSubDomains
X-Download-Options: noopen
X-Content-Type-Options: nosniff
X-Xss-Protection: 1; mode=block
X-Ratelimit-Limit: 100
X-Ratelimit-Remaining: 99
Date: Sat, 20 Jul 2024 04:41:14 GMT
X-Ratelimit-Reset: 1721450477
Content-Type: application/json; charset=utf-8
Content-Length: 954
Etag: W/"3ba-hxkCnum/X79bJ8oZmic9/eYTA+o"
Vary: Accept-Encoding
Via: 1.1 vegur

{
    "id": 2,
    "username": "michaelw",
    "email": "michael.williams@x.dummyjson.com",
    "firstName": "Michael",
    "lastName": "Williams",
    "gender": "male",
    "image": "https://dummyjson.com/icon/michaelw/128",
    "token": "eyJhbGciOiJIUzI1NiIsInR5cCI6IkpXVCJ9.eyJpZCI6MiwidXNlcm5hbWUiOiJtaWNoYWVsdyIsImVtYWlsIjoibWljaGFlbC53aWxsaWFtc0B4LmR1bW15anNvbi5jb20iLCJmaXJzdE5hbWUiOiJNaWNoYWVsIiwibGFzdE5hbWUiOiJXaWxsaWFtcyIsImdlbmRlciI6Im1hbGUiLCJpbWFnZSI6Imh0dHBzOi8vZHVtbXlqc29uLmNvbS9pY29uL21pY2hhZWx3LzEyOCIsImlhdCI6MTcyMTQ1MDQ3NCwiZXhwIjoxNzIxNDU0MDc0fQ.9m9iTX-ANWlFgaIkVq_fS4o8q9rWHe0oDxvpbBk7d_U",
    "refreshToken": "eyJhbGciOiJIUzI1NiIsInR5cCI6IkpXVCJ9.eyJpZCI6MiwidXNlcm5hbWUiOiJtaWNoYWVsdyIsImVtYWlsIjoibWljaGFlbC53aWxsaWFtc0B4LmR1bW15anNvbi5jb20iLCJmaXJzdE5hbWUiOiJNaWNoYWVsIiwibGFzdE5hbWUiOiJXaWxsaWFtcyIsImdlbmRlciI6Im1hbGUiLCJpbWFnZSI6Imh0dHBzOi8vZHVtbXlqc29uLmNvbS9pY29uL21pY2hhZWx3LzEyOCIsImlhdCI6MTcyMTQ1MDQ3NCwiZXhwIjoxNzI0MDQyNDc0fQ.BChWGyG51R0IhfYZmzh9q_o43BON_3BNrkM1TyRQSXI"
}
Token is: eyJhbGciOiJIUzI1NiIsInR5cCI6IkpXVCJ9.eyJpZCI6MiwidXNlcm5hbWUiOiJtaWNoYWVsdyIsImVtYWlsIjoibWljaGFlbC53aWxsaWFtc0B4LmR1bW15anNvbi5jb20iLCJmaXJzdE5hbWUiOiJNaWNoYWVsIiwibGFzdE5hbWUiOiJXaWxsaWFtcyIsImdlbmRlciI6Im1hbGUiLCJpbWFnZSI6Imh0dHBzOi8vZHVtbXlqc29uLmNvbS9pY29uL21pY2hhZWx3LzEyOCIsImlhdCI6MTcyMTQ1MDQ3NCwiZXhwIjoxNzIxNDU0MDc0fQ.9m9iTX-ANWlFgaIkVq_fS4o8q9rWHe0oDxvpbBk7d_U
]]></system-out>
    <system-err><![CDATA[SLF4J: Failed to load class "org.slf4j.impl.StaticLoggerBinder".
SLF4J: Defaulting to no-operation (NOP) logger implementation
SLF4J: See http://www.slf4j.org/codes.html#StaticLoggerBinder for further details.
]]></system-err>
  </testcase>
  <testcase name="deleteProduct" classname="apitesting_restassured.Testsuite" time="0.878">
    <system-out><![CDATA[HTTP/1.1 200 OK
Server: Cowboy
Report-To: {"group":"heroku-nel","max_age":3600,"endpoints":[{"url":"https://nel.heroku.com/reports?ts=1721450476&sid=e11707d5-02a7-43ef-b45e-2cf4d2036f7d&s=aJcEFFEYaE3SNL7lf%2BELesWAJ0sCgGkmojr7oSZLja4%3D"}]}
Reporting-Endpoints: heroku-nel=https://nel.heroku.com/reports?ts=1721450476&sid=e11707d5-02a7-43ef-b45e-2cf4d2036f7d&s=aJcEFFEYaE3SNL7lf%2BELesWAJ0sCgGkmojr7oSZLja4%3D
Nel: {"report_to":"heroku-nel","max_age":3600,"success_fraction":0.005,"failure_fraction":0.05,"response_headers":["Via"]}
Connection: keep-alive
Access-Control-Allow-Origin: *
X-Dns-Prefetch-Control: off
X-Frame-Options: SAMEORIGIN
Strict-Transport-Security: max-age=15552000; includeSubDomains
X-Download-Options: noopen
X-Content-Type-Options: nosniff
X-Xss-Protection: 1; mode=block
X-Ratelimit-Limit: 100
X-Ratelimit-Remaining: 98
Date: Sat, 20 Jul 2024 04:41:16 GMT
X-Ratelimit-Reset: 1721450477
Content-Type: application/json; charset=utf-8
Etag: W/"621-NEf1ezLzv+Zvfyp/y7WaEazeCRQ"
Vary: Accept-Encoding
Content-Encoding: gzip
Transfer-Encoding: chunked
Via: 1.1 vegur

{
    "id": 1,
    "title": "Essence Mascara Lash Princess",
    "description": "The Essence Mascara Lash Princess is a popular mascara known for its volumizing and lengthening effects. Achieve dramatic lashes with this long-lasting and cruelty-free formula.",
    "category": "beauty",
    "price": 9.99,
    "discountPercentage": 7.17,
    "rating": 4.94,
    "stock": 5,
    "tags": [
        "beauty",
        "mascara"
    ],
    "brand": "Essence",
    "sku": "RCH45Q1A",
    "weight": 2,
    "dimensions": {
        "width": 23.17,
        "height": 14.43,
        "depth": 28.01
    },
    "warrantyInformation": "1 month warranty",
    "shippingInformation": "Ships in 1 month",
    "availabilityStatus": "Low Stock",
    "reviews": [
        {
            "rating": 2,
            "comment": "Very unhappy with my purchase!",
            "date": "2024-05-23T08:56:21.618Z",
            "reviewerName": "John Doe",
            "reviewerEmail": "john.doe@x.dummyjson.com"
        },
        {
            "rating": 2,
            "comment": "Not as described!",
            "date": "2024-05-23T08:56:21.618Z",
            "reviewerName": "Nolan Gonzalez",
            "reviewerEmail": "nolan.gonzalez@x.dummyjson.com"
        },
        {
            "rating": 5,
            "comment": "Very satisfied!",
            "date": "2024-05-23T08:56:21.618Z",
            "reviewerName": "Scarlett Wright",
            "reviewerEmail": "scarlett.wright@x.dummyjson.com"
        }
    ],
    "returnPolicy": "30 days return policy",
    "minimumOrderQuantity": 24,
    "meta": {
        "createdAt": "2024-05-23T08:56:21.618Z",
        "updatedAt": "2024-05-23T08:56:21.618Z",
        "barcode": "9164035109868",
        "qrCode": "https://assets.dummyjson.com/public/qr-code.png"
    },
    "images": [
        "https://cdn.dummyjson.com/products/images/beauty/Essence%20Mascara%20Lash%20Princess/1.png"
    ],
    "thumbnail": "https://cdn.dummyjson.com/products/images/beauty/Essence%20Mascara%20Lash%20Princess/thumbnail.png",
    "isDeleted": true,
    "deletedOn": "2024-07-20T04:41:16.167Z"
}
]]></system-out>
  </testcase>
  <testcase name="fetchAllProducts" classname="apitesting_restassured.Testsuite" time="1.051">
    <system-out><![CDATA[HTTP/1.1 200 OK
Server: Cowboy
Report-To: {"group":"heroku-nel","max_age":3600,"endpoints":[{"url":"https://nel.heroku.com/reports?ts=1721450477&sid=e11707d5-02a7-43ef-b45e-2cf4d2036f7d&s=g88YgxIJjYR%2BCaU6yDAMODoixF%2FEZfENlbgoIzFtcQs%3D"}]}
Reporting-Endpoints: heroku-nel=https://nel.heroku.com/reports?ts=1721450477&sid=e11707d5-02a7-43ef-b45e-2cf4d2036f7d&s=g88YgxIJjYR%2BCaU6yDAMODoixF%2FEZfENlbgoIzFtcQs%3D
Nel: {"report_to":"heroku-nel","max_age":3600,"success_fraction":0.005,"failure_fraction":0.05,"response_headers":["Via"]}
Connection: keep-alive
Access-Control-Allow-Origin: *
X-Dns-Prefetch-Control: off
X-Frame-Options: SAMEORIGIN
Strict-Transport-Security: max-age=15552000; includeSubDomains
X-Download-Options: noopen
X-Content-Type-Options: nosniff
X-Xss-Protection: 1; mode=block
X-Ratelimit-Limit: 100
X-Ratelimit-Remaining: 99
Date: Sat, 20 Jul 2024 04:41:17 GMT
X-Ratelimit-Reset: 1721450487
Content-Type: application/json; charset=utf-8
Etag: W/"acf3-D4yhkvLTQv+3aQIytdEvzRbj4i4"
Vary: Accept-Encoding
Content-Encoding: gzip
Transfer-Encoding: chunked
Via: 1.1 vegur

{
    "products": [
        {
            "id": 1,
            "title": "Essence Mascara Lash Princess",
            "description": "The Essence Mascara Lash Princess is a popular mascara known for its volumizing and lengthening effects. Achieve dramatic lashes with this long-lasting and cruelty-free formula.",
            "category": "beauty",
            "price": 9.99,
            "discountPercentage": 7.17,
            "rating": 4.94,
            "stock": 5,
            "tags": [
                "beauty",
                "mascara"
            ],
            "brand": "Essence",
            "sku": "RCH45Q1A",
            "weight": 2,
            "dimensions": {
                "width": 23.17,
                "height": 14.43,
                "depth": 28.01
            },
            "warrantyInformation": "1 month warranty",
            "shippingInformation": "Ships in 1 month",
            "availabilityStatus": "Low Stock",
            "reviews": [
                {
                    "rating": 2,
                    "comment": "Very unhappy with my purchase!",
                    "date": "2024-05-23T08:56:21.618Z",
                    "reviewerName": "John Doe",
                    "reviewerEmail": "john.doe@x.dummyjson.com"
                },
                {
                    "rating": 2,
                    "comment": "Not as described!",
                    "date": "2024-05-23T08:56:21.618Z",
                    "reviewerName": "Nolan Gonzalez",
                    "reviewerEmail": "nolan.gonzalez@x.dummyjson.com"
                },
                {
                    "rating": 5,
                    "comment": "Very satisfied!",
                    "date": "2024-05-23T08:56:21.618Z",
                    "reviewerName": "Scarlett Wright",
                    "reviewerEmail": "scarlett.wright@x.dummyjson.com"
                }
            ],
            "returnPolicy": "30 days return policy",
            "minimumOrderQuantity": 24,
            "meta": {
                "createdAt": "2024-05-23T08:56:21.618Z",
                "updatedAt": "2024-05-23T08:56:21.618Z",
                "barcode": "9164035109868",
                "qrCode": "https://assets.dummyjson.com/public/qr-code.png"
            },
            "images": [
                "https://cdn.dummyjson.com/products/images/beauty/Essence%20Mascara%20Lash%20Princess/1.png"
            ],
            "thumbnail": "https://cdn.dummyjson.com/products/images/beauty/Essence%20Mascara%20Lash%20Princess/thumbnail.png"
        },
        {
            "id": 2,
            "title": "Eyeshadow Palette with Mirror",
            "description": "The Eyeshadow Palette with Mirror offers a versatile range of eyeshadow shades for creating stunning eye looks. With a built-in mirror, it's convenient for on-the-go makeup application.",
            "category": "beauty",
            "price": 19.99,
            "discountPercentage": 5.5,
            "rating": 3.28,
            "stock": 44,
            "tags": [
                "beauty",
                "eyeshadow"
            ],
            "brand": "Glamour Beauty",
            "sku": "MVCFH27F",
            "weight": 3,
            "dimensions": {
                "width": 12.42,
                "height": 8.63,
                "depth": 29.13
            },
            "warrantyInformation": "1 year warranty",
            "shippingInformation": "Ships in 2 weeks",
            "availabilityStatus": "In Stock",
            "reviews": [
                {
                    "rating": 4,
                    "comment": "Very satisfied!",
                    "date": "2024-05-23T08:56:21.618Z",
                    "reviewerName": "Liam Garcia",
                    "reviewerEmail": "liam.garcia@x.dummyjson.com"
                },
                {
                    "rating": 1,
                    "comment": "Very disappointed!",
                    "date": "2024-05-23T08:56:21.618Z",
                    "reviewerName": "Nora Russell",
                    "reviewerEmail": "nora.russell@x.dummyjson.com"
                },
                {
                    "rating": 5,
                    "comment": "Highly impressed!",
                    "date": "2024-05-23T08:56:21.618Z",
                    "reviewerName": "Elena Baker",
                    "reviewerEmail": "elena.baker@x.dummyjson.com"
                }
            ],
            "returnPolicy": "30 days return policy",
            "minimumOrderQuantity": 32,
            "meta": {
                "createdAt": "2024-05-23T08:56:21.618Z",
                "updatedAt": "2024-05-23T08:56:21.618Z",
                "barcode": "2817839095220",
                "qrCode": "https://assets.dummyjson.com/public/qr-code.png"
            },
            "images": [
                "https://cdn.dummyjson.com/products/images/beauty/Eyeshadow%20Palette%20with%20Mirror/1.png"
            ],
            "thumbnail": "https://cdn.dummyjson.com/products/images/beauty/Eyeshadow%20Palette%20with%20Mirror/thumbnail.png"
        },
        {
            "id": 3,
            "title": "Powder Canister",
            "description": "The Powder Canister is a finely milled setting powder designed to set makeup and control shine. With a lightweight and translucent formula, it provides a smooth and matte finish.",
            "category": "beauty",
            "price": 14.99,
            "discountPercentage": 18.14,
            "rating": 3.82,
            "stock": 59,
            "tags": [
                "beauty",
                "face powder"
            ],
            "brand": "Velvet Touch",
            "sku": "9EN8WLT2",
            "weight": 8,
            "dimensions": {
                "width": 24.16,
                "height": 10.7,
                "depth": 11.07
            },
            "warrantyInformation": "2 year warranty",
            "shippingInformation": "Ships in 1-2 business days",
            "availabilityStatus": "In Stock",
            "reviews": [
                {
                    "rating": 5,
                    "comment": "Very happy with my purchase!",
                    "date": "2024-05-23T08:56:21.618Z",
                    "reviewerName": "Ethan Thompson",
                    "reviewerEmail": "ethan.thompson@x.dummyjson.com"
                },
                {
                    "rating": 4,
                    "comment": "Great value for money!",
                    "date": "2024-05-23T08:56:21.618Z",
                    "reviewerName": "Levi Hicks",
                    "reviewerEmail": "levi.hicks@x.dummyjson.com"
                },
                {
                    "rating": 5,
                    "comment": "Highly impressed!",
                    "date": "2024-05-23T08:56:21.618Z",
                    "reviewerName": "Hazel Gardner",
                    "reviewerEmail": "hazel.gardner@x.dummyjson.com"
                }
            ],
            "returnPolicy": "60 days return policy",
            "minimumOrderQuantity": 25,
            "meta": {
                "createdAt": "2024-05-23T08:56:21.618Z",
                "updatedAt": "2024-05-23T08:56:21.618Z",
                "barcode": "0516267971277",
                "qrCode": "https://assets.dummyjson.com/public/qr-code.png"
            },
            "images": [
                "https://cdn.dummyjson.com/products/images/beauty/Powder%20Canister/1.png"
            ],
            "thumbnail": "https://cdn.dummyjson.com/products/images/beauty/Powder%20Canister/thumbnail.png"
        },
        {
            "id": 4,
            "title": "Red Lipstick",
            "description": "The Red Lipstick is a classic and bold choice for adding a pop of color to your lips. With a creamy and pigmented formula, it provides a vibrant and long-lasting finish.",
            "category": "beauty",
            "price": 12.99,
            "discountPercentage": 19.03,
            "rating": 2.51,
            "stock": 68,
            "tags": [
                "beauty",
                "lipstick"
            ],
            "brand": "Chic Cosmetics",
            "sku": "O5IF1NTA",
            "weight": 5,
            "dimensions": {
                "width": 14.37,
                "height": 13.94,
                "depth": 14.6
            },
            "warrantyInformation": "Lifetime warranty",
            "shippingInformation": "Ships in 2 weeks",
            "availabilityStatus": "In Stock",
            "reviews": [
                {
                    "rating": 5,
                    "comment": "Great product!",
                    "date": "2024-05-23T08:56:21.619Z",
                    "reviewerName": "Leo Rivera",
                    "reviewerEmail": "leo.rivera@x.dummyjson.com"
                },
                {
                    "rating": 4,
                    "comment": "Very pleased!",
                    "date": "2024-05-23T08:56:21.619Z",
                    "reviewerName": "Oscar Powers",
                    "reviewerEmail": "oscar.powers@x.dummyjson.com"
                },
                {
                    "rating": 5,
                    "comment": "Very pleased!",
                    "date": "2024-05-23T08:56:21.619Z",
                    "reviewerName": "Carter Rivera",
                    "reviewerEmail": "carter.rivera@x.dummyjson.com"
                }
            ],
            "returnPolicy": "90 days return policy",
            "minimumOrderQuantity": 6,
            "meta": {
                "createdAt": "2024-05-23T08:56:21.619Z",
                "updatedAt": "2024-05-23T08:56:21.619Z",
                "barcode": "9444582199406",
                "qrCode": "https://assets.dummyjson.com/public/qr-code.png"
            },
            "images": [
                "https://cdn.dummyjson.com/products/images/beauty/Red%20Lipstick/1.png"
            ],
            "thumbnail": "https://cdn.dummyjson.com/products/images/beauty/Red%20Lipstick/thumbnail.png"
        },
        {
            "id": 5,
            "title": "Red Nail Polish",
            "description": "The Red Nail Polish offers a rich and glossy red hue for vibrant and polished nails. With a quick-drying formula, it provides a salon-quality finish at home.",
            "category": "beauty",
            "price": 8.99,
            "discountPercentage": 2.46,
            "rating": 3.91,
            "stock": 71,
            "tags": [
                "beauty",
                "nail polish"
            ],
            "brand": "Nail Couture",
            "sku": "YUIIIP4W",
            "weight": 9,
            "dimensions": {
                "width": 8.11,
                "height": 10.89,
                "depth": 29.06
            },
            "warrantyInformation": "1 year warranty",
            "shippingInformation": "Ships in 1 week",
            "availabilityStatus": "In Stock",
            "reviews": [
                {
                    "rating": 5,
                    "comment": "Very pleased!",
                    "date": "2024-05-23T08:56:21.619Z",
                    "reviewerName": "Leo Rivera",
                    "reviewerEmail": "leo.rivera@x.dummyjson.com"
                },
                {
                    "rating": 5,
                    "comment": "Great product!",
                    "date": "2024-05-23T08:56:21.619Z",
                    "reviewerName": "Evan Reed",
                    "reviewerEmail": "evan.reed@x.dummyjson.com"
                },
                {
                    "rating": 4,
                    "comment": "Highly recommended!",
                    "date": "2024-05-23T08:56:21.619Z",
                    "reviewerName": "Evelyn Sanchez",
                    "reviewerEmail": "evelyn.sanchez@x.dummyjson.com"
                }
            ],
            "returnPolicy": "No return policy",
            "minimumOrderQuantity": 46,
            "meta": {
                "createdAt": "2024-05-23T08:56:21.619Z",
                "updatedAt": "2024-05-23T08:56:21.619Z",
                "barcode": "3212847902461",
                "qrCode": "https://assets.dummyjson.com/public/qr-code.png"
            },
            "images": [
                "https://cdn.dummyjson.com/products/images/beauty/Red%20Nail%20Polish/1.png"
            ],
            "thumbnail": "https://cdn.dummyjson.com/products/images/beauty/Red%20Nail%20Polish/thumbnail.png"
        },
        {
            "id": 6,
            "title": "Calvin Klein CK One",
            "description": "CK One by Calvin Klein is a classic unisex fragrance, known for its fresh and clean scent. It's a versatile fragrance suitable for everyday wear.",
            "category": "fragrances",
            "price": 49.99,
            "discountPercentage": 0.32,
            "rating": 4.85,
            "stock": 17,
            "tags": [
                "fragrances",
                "perfumes"
            ],
            "brand": "Calvin Klein",
            "sku": "DZM2JQZE",
            "weight": 5,
            "dimensions": {
                "width": 11.53,
                "height": 14.44,
                "depth": 6.81
            },
            "warrantyInformation": "5 year warranty",
            "shippingInformation": "Ships overnight",
            "availabilityStatus": "In Stock",
            "reviews": [
                {
                    "rating": 5,
                    "comment": "Great value for money!",
                    "date": "2024-05-23T08:56:21.619Z",
                    "reviewerName": "Sophia Brown",
                    "reviewerEmail": "sophia.brown@x.dummyjson.com"
                },
                {
                    "rating": 3,
                    "comment": "Very disappointed!",
                    "date": "2024-05-23T08:56:21.619Z",
                    "reviewerName": "Madison Collins",
                    "reviewerEmail": "madison.collins@x.dummyjson.com"
                },
                {
                    "rating": 1,
                    "comment": "Poor quality!",
                    "date": "2024-05-23T08:56:21.619Z",
                    "reviewerName": "Maya Reed",
                    "reviewerEmail": "maya.reed@x.dummyjson.com"
                }
            ],
            "returnPolicy": "No return policy",
            "minimumOrderQuantity": 20,
            "meta": {
                "createdAt": "2024-05-23T08:56:21.619Z",
                "updatedAt": "2024-05-23T08:56:21.619Z",
                "barcode": "2210136215089",
                "qrCode": "https://assets.dummyjson.com/public/qr-code.png"
            },
            "images": [
                "https://cdn.dummyjson.com/products/images/fragrances/Calvin%20Klein%20CK%20One/1.png",
                "https://cdn.dummyjson.com/products/images/fragrances/Calvin%20Klein%20CK%20One/2.png",
                "https://cdn.dummyjson.com/products/images/fragrances/Calvin%20Klein%20CK%20One/3.png"
            ],
            "thumbnail": "https://cdn.dummyjson.com/products/images/fragrances/Calvin%20Klein%20CK%20One/thumbnail.png"
        },
        {
            "id": 7,
            "title": "Chanel Coco Noir Eau De",
            "description": "Coco Noir by Chanel is an elegant and mysterious fragrance, featuring notes of grapefruit, rose, and sandalwood. Perfect for evening occasions.",
            "category": "fragrances",
            "price": 129.99,
            "discountPercentage": 18.64,
            "rating": 2.76,
            "stock": 41,
            "tags": [
                "fragrances",
                "perfumes"
            ],
            "brand": "Chanel",
            "sku": "K71HBCGS",
            "weight": 4,
            "dimensions": {
                "width": 21.27,
                "height": 28,
                "depth": 11.89
            },
            "warrantyInformation": "1 week warranty",
            "shippingInformation": "Ships in 1 month",
            "availabilityStatus": "In Stock",
            "reviews": [
                {
                    "rating": 1,
                    "comment": "Disappointing product!",
                    "date": "2024-05-23T08:56:21.619Z",
                    "reviewerName": "Lincoln Kelly",
                    "reviewerEmail": "lincoln.kelly@x.dummyjson.com"
                },
                {
                    "rating": 4,
                    "comment": "Great product!",
                    "date": "2024-05-23T08:56:21.619Z",
                    "reviewerName": "Lincoln Kelly",
                    "reviewerEmail": "lincoln.kelly@x.dummyjson.com"
                },
                {
                    "rating": 4,
                    "comment": "Excellent quality!",
                    "date": "2024-05-23T08:56:21.619Z",
                    "reviewerName": "Lucas Allen",
                    "reviewerEmail": "lucas.allen@x.dummyjson.com"
                }
            ],
            "returnPolicy": "60 days return policy",
            "minimumOrderQuantity": 5,
            "meta": {
                "createdAt": "2024-05-23T08:56:21.619Z",
                "updatedAt": "2024-05-23T08:56:21.619Z",
                "barcode": "1435582999795",
                "qrCode": "https://assets.dummyjson.com/public/qr-code.png"
            },
            "images": [
                "https://cdn.dummyjson.com/products/images/fragrances/Chanel%20Coco%20Noir%20Eau%20De/1.png",
                "https://cdn.dummyjson.com/products/images/fragrances/Chanel%20Coco%20Noir%20Eau%20De/2.png",
                "https://cdn.dummyjson.com/products/images/fragrances/Chanel%20Coco%20Noir%20Eau%20De/3.png"
            ],
            "thumbnail": "https://cdn.dummyjson.com/products/images/fragrances/Chanel%20Coco%20Noir%20Eau%20De/thumbnail.png"
        },
        {
            "id": 8,
            "title": "Dior J'adore",
            "description": "J'adore by Dior is a luxurious and floral fragrance, known for its blend of ylang-ylang, rose, and jasmine. It embodies femininity and sophistication.",
            "category": "fragrances",
            "price": 89.99,
            "discountPercentage": 17.44,
            "rating": 3.31,
            "stock": 91,
            "tags": [
                "fragrances",
                "perfumes"
            ],
            "brand": "Dior",
            "sku": "E70NB03B",
            "weight": 10,
            "dimensions": {
                "width": 21.51,
                "height": 7,
                "depth": 26.51
            },
            "warrantyInformation": "Lifetime warranty",
            "shippingInformation": "Ships in 2 weeks",
            "availabilityStatus": "In Stock",
            "reviews": [
                {
                    "rating": 5,
                    "comment": "Fast shipping!",
                    "date": "2024-05-23T08:56:21.619Z",
                    "reviewerName": "Zoe Nicholson",
                    "reviewerEmail": "zoe.nicholson@x.dummyjson.com"
                },
                {
                    "rating": 4,
                    "comment": "Excellent quality!",
                    "date": "2024-05-23T08:56:21.619Z",
                    "reviewerName": "Addison Wright",
                    "reviewerEmail": "addison.wright@x.dummyjson.com"
                },
                {
                    "rating": 4,
                    "comment": "Would buy again!",
                    "date": "2024-05-23T08:56:21.619Z",
                    "reviewerName": "Clara Berry",
                    "reviewerEmail": "clara.berry@x.dummyjson.com"
                }
            ],
            "returnPolicy": "7 days return policy",
            "minimumOrderQuantity": 8,
            "meta": {
                "createdAt": "2024-05-23T08:56:21.619Z",
                "updatedAt": "2024-05-23T08:56:21.619Z",
                "barcode": "0887083199279",
                "qrCode": "https://assets.dummyjson.com/public/qr-code.png"
            },
            "images": [
                "https://cdn.dummyjson.com/products/images/fragrances/Dior%20J'adore/1.png",
                "https://cdn.dummyjson.com/products/images/fragrances/Dior%20J'adore/2.png",
                "https://cdn.dummyjson.com/products/images/fragrances/Dior%20J'adore/3.png"
            ],
            "thumbnail": "https://cdn.dummyjson.com/products/images/fragrances/Dior%20J'adore/thumbnail.png"
        },
        {
            "id": 9,
            "title": "Dolce Shine Eau de",
            "description": "Dolce Shine by Dolce & Gabbana is a vibrant and fruity fragrance, featuring notes of mango, jasmine, and blonde woods. It's a joyful and youthful scent.",
            "category": "fragrances",
            "price": 69.99,
            "discountPercentage": 11.47,
            "rating": 2.68,
            "stock": 3,
            "tags": [
                "fragrances",
                "perfumes"
            ],
            "brand": "Dolce & Gabbana",
            "sku": "1NBFK980",
            "weight": 5,
            "dimensions": {
                "width": 17,
                "height": 24.57,
                "depth": 13.3
            },
            "warrantyInformation": "5 year warranty",
            "shippingInformation": "Ships in 1-2 business days",
            "availabilityStatus": "Low Stock",
            "reviews": [
                {
                    "rating": 4,
                    "comment": "Very satisfied!",
                    "date": "2024-05-23T08:56:21.619Z",
                    "reviewerName": "Xavier Wright",
                    "reviewerEmail": "xavier.wright@x.dummyjson.com"
                },
                {
                    "rating": 1,
                    "comment": "Poor quality!",
                    "date": "2024-05-23T08:56:21.619Z",
                    "reviewerName": "Mila Hernandez",
                    "reviewerEmail": "mila.hernandez@x.dummyjson.com"
                },
                {
                    "rating": 5,
                    "comment": "Very happy with my purchase!",
                    "date": "2024-05-23T08:56:21.619Z",
                    "reviewerName": "Sophia Brown",
                    "reviewerEmail": "sophia.brown@x.dummyjson.com"
                }
            ],
            "returnPolicy": "30 days return policy",
            "minimumOrderQuantity": 9,
            "meta": {
                "createdAt": "2024-05-23T08:56:21.619Z",
                "updatedAt": "2024-05-23T08:56:21.619Z",
                "barcode": "1939383392674",
                "qrCode": "https://assets.dummyjson.com/public/qr-code.png"
            },
            "images": [
                "https://cdn.dummyjson.com/products/images/fragrances/Dolce%20Shine%20Eau%20de/1.png",
                "https://cdn.dummyjson.com/products/images/fragrances/Dolce%20Shine%20Eau%20de/2.png",
                "https://cdn.dummyjson.com/products/images/fragrances/Dolce%20Shine%20Eau%20de/3.png"
            ],
            "thumbnail": "https://cdn.dummyjson.com/products/images/fragrances/Dolce%20Shine%20Eau%20de/thumbnail.png"
        },
        {
            "id": 10,
            "title": "Gucci Bloom Eau de",
            "description": "Gucci Bloom by Gucci is a floral and captivating fragrance, with notes of tuberose, jasmine, and Rangoon creeper. It's a modern and romantic scent.",
            "category": "fragrances",
            "price": 79.99,
            "discountPercentage": 8.9,
            "rating": 2.69,
            "stock": 93,
            "tags": [
                "fragrances",
                "perfumes"
            ],
            "brand": "Gucci",
            "sku": "FFKZ6HOF",
            "weight": 10,
            "dimensions": {
                "width": 22.28,
                "height": 17.81,
                "depth": 27.18
            },
            "warrantyInformation": "No warranty",
            "shippingInformation": "Ships in 2 weeks",
            "availabilityStatus": "In Stock",
            "reviews": [
                {
                    "rating": 5,
                    "comment": "Great value for money!",
                    "date": "2024-05-23T08:56:21.620Z",
                    "reviewerName": "Aria Parker",
                    "reviewerEmail": "aria.parker@x.dummyjson.com"
                },
                {
                    "rating": 4,
                    "comment": "Excellent quality!",
                    "date": "2024-05-23T08:56:21.620Z",
                    "reviewerName": "Natalie Harris",
                    "reviewerEmail": "natalie.harris@x.dummyjson.com"
                },
                {
                    "rating": 4,
                    "comment": "Fast shipping!",
                    "date": "2024-05-23T08:56:21.620Z",
                    "reviewerName": "Ava Harris",
                    "reviewerEmail": "ava.harris@x.dummyjson.com"
                }
            ],
            "returnPolicy": "No return policy",
            "minimumOrderQuantity": 10,
            "meta": {
                "createdAt": "2024-05-23T08:56:21.620Z",
                "updatedAt": "2024-05-23T08:56:21.620Z",
                "barcode": "8232190382069",
                "qrCode": "https://assets.dummyjson.com/public/qr-code.png"
            },
            "images": [
                "https://cdn.dummyjson.com/products/images/fragrances/Gucci%20Bloom%20Eau%20de/1.png",
                "https://cdn.dummyjson.com/products/images/fragrances/Gucci%20Bloom%20Eau%20de/2.png",
                "https://cdn.dummyjson.com/products/images/fragrances/Gucci%20Bloom%20Eau%20de/3.png"
            ],
            "thumbnail": "https://cdn.dummyjson.com/products/images/fragrances/Gucci%20Bloom%20Eau%20de/thumbnail.png"
        },
        {
            "id": 11,
            "title": "Annibale Colombo Bed",
            "description": "The Annibale Colombo Bed is a luxurious and elegant bed frame, crafted with high-quality materials for a comfortable and stylish bedroom.",
            "category": "furniture",
            "price": 1899.99,
            "discountPercentage": 0.29,
            "rating": 4.14,
            "stock": 47,
            "tags": [
                "furniture",
                "beds"
            ],
            "brand": "Annibale Colombo",
            "sku": "4KMDTZWF",
            "weight": 3,
            "dimensions": {
                "width": 28.75,
                "height": 26.88,
                "depth": 24.47
            },
            "warrantyInformation": "2 year warranty",
            "shippingInformation": "Ships overnight",
            "availabilityStatus": "In Stock",
            "reviews": [
                {
                    "rating": 4,
                    "comment": "Great value for money!",
                    "date": "2024-05-23T08:56:21.620Z",
                    "reviewerName": "Julian Newton",
                    "reviewerEmail": "julian.newton@x.dummyjson.com"
                },
                {
                    "rating": 5,
                    "comment": "Would buy again!",
                    "date": "2024-05-23T08:56:21.620Z",
                    "reviewerName": "Madison Collins",
                    "reviewerEmail": "madison.collins@x.dummyjson.com"
                },
                {
                    "rating": 4,
                    "comment": "Would buy again!",
                    "date": "2024-05-23T08:56:21.620Z",
                    "reviewerName": "Clara Berry",
                    "reviewerEmail": "clara.berry@x.dummyjson.com"
                }
            ],
            "returnPolicy": "7 days return policy",
            "minimumOrderQuantity": 1,
            "meta": {
                "createdAt": "2024-05-23T08:56:21.620Z",
                "updatedAt": "2024-05-23T08:56:21.620Z",
                "barcode": "7113807059215",
                "qrCode": "https://assets.dummyjson.com/public/qr-code.png"
            },
            "images": [
                "https://cdn.dummyjson.com/products/images/furniture/Annibale%20Colombo%20Bed/1.png",
                "https://cdn.dummyjson.com/products/images/furniture/Annibale%20Colombo%20Bed/2.png",
                "https://cdn.dummyjson.com/products/images/furniture/Annibale%20Colombo%20Bed/3.png"
            ],
            "thumbnail": "https://cdn.dummyjson.com/products/images/furniture/Annibale%20Colombo%20Bed/thumbnail.png"
        },
        {
            "id": 12,
            "title": "Annibale Colombo Sofa",
            "description": "The Annibale Colombo Sofa is a sophisticated and comfortable seating option, featuring exquisite design and premium upholstery for your living room.",
            "category": "furniture",
            "price": 2499.99,
            "discountPercentage": 18.54,
            "rating": 3.08,
            "stock": 16,
            "tags": [
                "furniture",
                "sofas"
            ],
            "brand": "Annibale Colombo",
            "sku": "LUU95CQP",
            "weight": 3,
            "dimensions": {
                "width": 20.97,
                "height": 19.11,
                "depth": 25.81
            },
            "warrantyInformation": "1 month warranty",
            "shippingInformation": "Ships overnight",
            "availabilityStatus": "In Stock",
            "reviews": [
                {
                    "rating": 5,
                    "comment": "Very satisfied!",
                    "date": "2024-05-23T08:56:21.620Z",
                    "reviewerName": "Tyler Davis",
                    "reviewerEmail": "tyler.davis@x.dummyjson.com"
                },
                {
                    "rating": 5,
                    "comment": "Excellent quality!",
                    "date": "2024-05-23T08:56:21.620Z",
                    "reviewerName": "Hannah Robinson",
                    "reviewerEmail": "hannah.robinson@x.dummyjson.com"
                },
                {
                    "rating": 3,
                    "comment": "Waste of money!",
                    "date": "2024-05-23T08:56:21.620Z",
                    "reviewerName": "Madison Collins",
                    "reviewerEmail": "madison.collins@x.dummyjson.com"
                }
            ],
            "returnPolicy": "7 days return policy",
            "minimumOrderQuantity": 1,
            "meta": {
                "createdAt": "2024-05-23T08:56:21.620Z",
                "updatedAt": "2024-05-23T08:56:21.620Z",
                "barcode": "0426785817074",
                "qrCode": "https://assets.dummyjson.com/public/qr-code.png"
            },
            "images": [
                "https://cdn.dummyjson.com/products/images/furniture/Annibale%20Colombo%20Sofa/1.png",
                "https://cdn.dummyjson.com/products/images/furniture/Annibale%20Colombo%20Sofa/2.png",
                "https://cdn.dummyjson.com/products/images/furniture/Annibale%20Colombo%20Sofa/3.png"
            ],
            "thumbnail": "https://cdn.dummyjson.com/products/images/furniture/Annibale%20Colombo%20Sofa/thumbnail.png"
        },
        {
            "id": 13,
            "title": "Bedside Table African Cherry",
            "description": "The Bedside Table in African Cherry is a stylish and functional addition to your bedroom, providing convenient storage space and a touch of elegance.",
            "category": "furniture",
            "price": 299.99,
            "discountPercentage": 9.58,
            "rating": 4.48,
            "stock": 16,
            "tags": [
                "furniture",
                "bedside tables"
            ],
            "brand": "Furniture Co.",
            "sku": "OWPLTZYX",
            "weight": 10,
            "dimensions": {
                "width": 25.43,
                "height": 20.2,
                "depth": 24.95
            },
            "warrantyInformation": "6 months warranty",
            "shippingInformation": "Ships in 1-2 business days",
            "availabilityStatus": "In Stock",
            "reviews": [
                {
                    "rating": 5,
                    "comment": "Very happy with my purchase!",
                    "date": "2024-05-23T08:56:21.620Z",
                    "reviewerName": "John Doe",
                    "reviewerEmail": "john.doe@x.dummyjson.com"
                },
                {
                    "rating": 4,
                    "comment": "Highly recommended!",
                    "date": "2024-05-23T08:56:21.620Z",
                    "reviewerName": "Avery Carter",
                    "reviewerEmail": "avery.carter@x.dummyjson.com"
                },
                {
                    "rating": 4,
                    "comment": "Very pleased!",
                    "date": "2024-05-23T08:56:21.620Z",
                    "reviewerName": "Evelyn Sanchez",
                    "reviewerEmail": "evelyn.sanchez@x.dummyjson.com"
                }
            ],
            "returnPolicy": "No return policy",
            "minimumOrderQuantity": 5,
            "meta": {
                "createdAt": "2024-05-23T08:56:21.620Z",
                "updatedAt": "2024-05-23T08:56:21.620Z",
                "barcode": "2913244159666",
                "qrCode": "https://assets.dummyjson.com/public/qr-code.png"
            },
            "images": [
                "https://cdn.dummyjson.com/products/images/furniture/Bedside%20Table%20African%20Cherry/1.png",
                "https://cdn.dummyjson.com/products/images/furniture/Bedside%20Table%20African%20Cherry/2.png",
                "https://cdn.dummyjson.com/products/images/furniture/Bedside%20Table%20African%20Cherry/3.png"
            ],
            "thumbnail": "https://cdn.dummyjson.com/products/images/furniture/Bedside%20Table%20African%20Cherry/thumbnail.png"
        },
        {
            "id": 14,
            "title": "Knoll Saarinen Executive Conference Chair",
            "description": "The Knoll Saarinen Executive Conference Chair is a modern and ergonomic chair, perfect for your office or conference room with its timeless design.",
            "category": "furniture",
            "price": 499.99,
            "discountPercentage": 15.23,
            "rating": 4.11,
            "stock": 47,
            "tags": [
                "furniture",
                "office chairs"
            ],
            "brand": "Knoll",
            "sku": "RKHVJ4FE",
            "weight": 3,
            "dimensions": {
                "width": 16.59,
                "height": 21.46,
                "depth": 29.07
            },
            "warrantyInformation": "Lifetime warranty",
            "shippingInformation": "Ships in 3-5 business days",
            "availabilityStatus": "In Stock",
            "reviews": [
                {
                    "rating": 4,
                    "comment": "Very happy with my purchase!",
                    "date": "2024-05-23T08:56:21.620Z",
                    "reviewerName": "Leah Gutierrez",
                    "reviewerEmail": "leah.gutierrez@x.dummyjson.com"
                },
                {
                    "rating": 4,
                    "comment": "Would buy again!",
                    "date": "2024-05-23T08:56:21.620Z",
                    "reviewerName": "Nolan Gonzalez",
                    "reviewerEmail": "nolan.gonzalez@x.dummyjson.com"
                },
                {
                    "rating": 2,
                    "comment": "Waste of money!",
                    "date": "2024-05-23T08:56:21.620Z",
                    "reviewerName": "Stella Morris",
                    "reviewerEmail": "stella.morris@x.dummyjson.com"
                }
            ],
            "returnPolicy": "30 days return policy",
            "minimumOrderQuantity": 5,
            "meta": {
                "createdAt": "2024-05-23T08:56:21.620Z",
                "updatedAt": "2024-05-23T08:56:21.620Z",
                "barcode": "0726316339746",
                "qrCode": "https://assets.dummyjson.com/public/qr-code.png"
            },
            "images": [
                "https://cdn.dummyjson.com/products/images/furniture/Knoll%20Saarinen%20Executive%20Conference%20Chair/1.png",
                "https://cdn.dummyjson.com/products/images/furniture/Knoll%20Saarinen%20Executive%20Conference%20Chair/2.png",
                "https://cdn.dummyjson.com/products/images/furniture/Knoll%20Saarinen%20Executive%20Conference%20Chair/3.png"
            ],
            "thumbnail": "https://cdn.dummyjson.com/products/images/furniture/Knoll%20Saarinen%20Executive%20Conference%20Chair/thumbnail.png"
        },
        {
            "id": 15,
            "title": "Wooden Bathroom Sink With Mirror",
            "description": "The Wooden Bathroom Sink with Mirror is a unique and stylish addition to your bathroom, featuring a wooden sink countertop and a matching mirror.",
            "category": "furniture",
            "price": 799.99,
            "discountPercentage": 11.22,
            "rating": 3.26,
            "stock": 95,
            "tags": [
                "furniture",
                "bathroom"
            ],
            "brand": "Bath Trends",
            "sku": "7OLTIEVO",
            "weight": 6,
            "dimensions": {
                "width": 7.32,
                "height": 22.64,
                "depth": 12.37
            },
            "warrantyInformation": "6 months warranty",
            "shippingInformation": "Ships in 3-5 business days",
            "availabilityStatus": "In Stock",
            "reviews": [
                {
                    "rating": 5,
                    "comment": "Highly recommended!",
                    "date": "2024-05-23T08:56:21.620Z",
                    "reviewerName": "Charlotte Lopez",
                    "reviewerEmail": "charlotte.lopez@x.dummyjson.com"
                },
                {
                    "rating": 1,
                    "comment": "Would not recommend!",
                    "date": "2024-05-23T08:56:21.620Z",
                    "reviewerName": "William Gonzalez",
                    "reviewerEmail": "william.gonzalez@x.dummyjson.com"
                },
                {
                    "rating": 2,
                    "comment": "Not worth the price!",
                    "date": "2024-05-23T08:56:21.620Z",
                    "reviewerName": "Ava Harrison",
                    "reviewerEmail": "ava.harrison@x.dummyjson.com"
                }
            ],
            "returnPolicy": "7 days return policy",
            "minimumOrderQuantity": 1,
            "meta": {
                "createdAt": "2024-05-23T08:56:21.620Z",
                "updatedAt": "2024-05-23T08:56:21.620Z",
                "barcode": "7839797529453",
                "qrCode": "https://assets.dummyjson.com/public/qr-code.png"
            },
            "images": [
                "https://cdn.dummyjson.com/products/images/furniture/Wooden%20Bathroom%20Sink%20With%20Mirror/1.png",
                "https://cdn.dummyjson.com/products/images/furniture/Wooden%20Bathroom%20Sink%20With%20Mirror/2.png",
                "https://cdn.dummyjson.com/products/images/furniture/Wooden%20Bathroom%20Sink%20With%20Mirror/3.png"
            ],
            "thumbnail": "https://cdn.dummyjson.com/products/images/furniture/Wooden%20Bathroom%20Sink%20With%20Mirror/thumbnail.png"
        },
        {
            "id": 16,
            "title": "Apple",
            "description": "Fresh and crisp apples, perfect for snacking or incorporating into various recipes.",
            "category": "groceries",
            "price": 1.99,
            "discountPercentage": 1.97,
            "rating": 2.96,
            "stock": 9,
            "tags": [
                "fruits"
            ],
            "sku": "QTROUV79",
            "weight": 8,
            "dimensions": {
                "width": 8.29,
                "height": 5.58,
                "depth": 12.41
            },
            "warrantyInformation": "2 year warranty",
            "shippingInformation": "Ships in 2 weeks",
            "availabilityStatus": "In Stock",
            "reviews": [
                {
                    "rating": 4,
                    "comment": "Great product!",
                    "date": "2024-05-23T08:56:21.620Z",
                    "reviewerName": "Logan Lee",
                    "reviewerEmail": "logan.lee@x.dummyjson.com"
                },
                {
                    "rating": 4,
                    "comment": "Great product!",
                    "date": "2024-05-23T08:56:21.620Z",
                    "reviewerName": "Elena Long",
                    "reviewerEmail": "elena.long@x.dummyjson.com"
                },
                {
                    "rating": 1,
                    "comment": "Not as described!",
                    "date": "2024-05-23T08:56:21.620Z",
                    "reviewerName": "Grayson Coleman",
                    "reviewerEmail": "grayson.coleman@x.dummyjson.com"
                }
            ],
            "returnPolicy": "60 days return policy",
            "minimumOrderQuantity": 44,
            "meta": {
                "createdAt": "2024-05-23T08:56:21.620Z",
                "updatedAt": "2024-05-23T08:56:21.620Z",
                "barcode": "2517819903837",
                "qrCode": "https://assets.dummyjson.com/public/qr-code.png"
            },
            "images": [
                "https://cdn.dummyjson.com/products/images/groceries/Apple/1.png"
            ],
            "thumbnail": "https://cdn.dummyjson.com/products/images/groceries/Apple/thumbnail.png"
        },
        {
            "id": 17,
            "title": "Beef Steak",
            "description": "High-quality beef steak, great for grilling or cooking to your preferred level of doneness.",
            "category": "groceries",
            "price": 12.99,
            "discountPercentage": 17.99,
            "rating": 2.83,
            "stock": 96,
            "tags": [
                "meat"
            ],
            "sku": "BWWA2MSO",
            "weight": 9,
            "dimensions": {
                "width": 23.35,
                "height": 13.48,
                "depth": 26.4
            },
            "warrantyInformation": "1 month warranty",
            "shippingInformation": "Ships overnight",
            "availabilityStatus": "In Stock",
            "reviews": [
                {
                    "rating": 4,
                    "comment": "Very pleased!",
                    "date": "2024-05-23T08:56:21.620Z",
                    "reviewerName": "Ethan Martinez",
                    "reviewerEmail": "ethan.martinez@x.dummyjson.com"
                },
                {
                    "rating": 3,
                    "comment": "Disappointing product!",
                    "date": "2024-05-23T08:56:21.620Z",
                    "reviewerName": "Owen Fisher",
                    "reviewerEmail": "owen.fisher@x.dummyjson.com"
                },
                {
                    "rating": 4,
                    "comment": "Very happy with my purchase!",
                    "date": "2024-05-23T08:56:21.620Z",
                    "reviewerName": "Scarlett Wright",
                    "reviewerEmail": "scarlett.wright@x.dummyjson.com"
                }
            ],
            "returnPolicy": "90 days return policy",
            "minimumOrderQuantity": 21,
            "meta": {
                "createdAt": "2024-05-23T08:56:21.620Z",
                "updatedAt": "2024-05-23T08:56:21.620Z",
                "barcode": "8335515097879",
                "qrCode": "https://assets.dummyjson.com/public/qr-code.png"
            },
            "images": [
                "https://cdn.dummyjson.com/products/images/groceries/Beef%20Steak/1.png"
            ],
            "thumbnail": "https://cdn.dummyjson.com/products/images/groceries/Beef%20Steak/thumbnail.png"
        },
        {
            "id": 18,
            "title": "Cat Food",
            "description": "Nutritious cat food formulated to meet the dietary needs of your feline friend.",
            "category": "groceries",
            "price": 8.99,
            "discountPercentage": 9.57,
            "rating": 2.88,
            "stock": 13,
            "tags": [
                "pet supplies",
                "cat food"
            ],
            "sku": "C3F8QN6O",
            "weight": 9,
            "dimensions": {
                "width": 15.4,
                "height": 13.97,
                "depth": 25.13
            },
            "warrantyInformation": "3 months warranty",
            "shippingInformation": "Ships in 1-2 business days",
            "availabilityStatus": "In Stock",
            "reviews": [
                {
                    "rating": 5,
                    "comment": "Very pleased!",
                    "date": "2024-05-23T08:56:21.620Z",
                    "reviewerName": "Mateo Bennett",
                    "reviewerEmail": "mateo.bennett@x.dummyjson.com"
                },
                {
                    "rating": 5,
                    "comment": "Very pleased!",
                    "date": "2024-05-23T08:56:21.620Z",
                    "reviewerName": "Aurora Barnes",
                    "reviewerEmail": "aurora.barnes@x.dummyjson.com"
                },
                {
                    "rating": 5,
                    "comment": "Great value for money!",
                    "date": "2024-05-23T08:56:21.620Z",
                    "reviewerName": "Ellie Stewart",
                    "reviewerEmail": "ellie.stewart@x.dummyjson.com"
                }
            ],
            "returnPolicy": "7 days return policy",
            "minimumOrderQuantity": 48,
            "meta": {
                "createdAt": "2024-05-23T08:56:21.620Z",
                "updatedAt": "2024-05-23T08:56:21.620Z",
                "barcode": "5503491330693",
                "qrCode": "https://assets.dummyjson.com/public/qr-code.png"
            },
            "images": [
                "https://cdn.dummyjson.com/products/images/groceries/Cat%20Food/1.png"
            ],
            "thumbnail": "https://cdn.dummyjson.com/products/images/groceries/Cat%20Food/thumbnail.png"
        },
        {
            "id": 19,
            "title": "Chicken Meat",
            "description": "Fresh and tender chicken meat, suitable for various culinary preparations.",
            "category": "groceries",
            "price": 9.99,
            "discountPercentage": 10.46,
            "rating": 4.61,
            "stock": 69,
            "tags": [
                "meat"
            ],
            "sku": "G5YEHW7B",
            "weight": 7,
            "dimensions": {
                "width": 15.96,
                "height": 29.24,
                "depth": 26.25
            },
            "warrantyInformation": "Lifetime warranty",
            "shippingInformation": "Ships in 1 month",
            "availabilityStatus": "In Stock",
            "reviews": [
                {
                    "rating": 5,
                    "comment": "Very satisfied!",
                    "date": "2024-05-23T08:56:21.620Z",
                    "reviewerName": "Sophia Jones",
                    "reviewerEmail": "sophia.jones@x.dummyjson.com"
                },
                {
                    "rating": 5,
                    "comment": "Great value for money!",
                    "date": "2024-05-23T08:56:21.620Z",
                    "reviewerName": "Maya Reed",
                    "reviewerEmail": "maya.reed@x.dummyjson.com"
                },
                {
                    "rating": 4,
                    "comment": "Highly recommended!",
                    "date": "2024-05-23T08:56:21.620Z",
                    "reviewerName": "Harper Turner",
                    "reviewerEmail": "harper.turner@x.dummyjson.com"
                }
            ],
            "returnPolicy": "7 days return policy",
            "minimumOrderQuantity": 46,
            "meta": {
                "createdAt": "2024-05-23T08:56:21.620Z",
                "updatedAt": "2024-05-23T08:56:21.620Z",
                "barcode": "0966223559510",
                "qrCode": "https://assets.dummyjson.com/public/qr-code.png"
            },
            "images": [
                "https://cdn.dummyjson.com/products/images/groceries/Chicken%20Meat/1.png",
                "https://cdn.dummyjson.com/products/images/groceries/Chicken%20Meat/2.png"
            ],
            "thumbnail": "https://cdn.dummyjson.com/products/images/groceries/Chicken%20Meat/thumbnail.png"
        },
        {
            "id": 20,
            "title": "Cooking Oil",
            "description": "Versatile cooking oil suitable for frying, sautéing, and various culinary applications.",
            "category": "groceries",
            "price": 4.99,
            "discountPercentage": 18.89,
            "rating": 4.01,
            "stock": 22,
            "tags": [
                "cooking essentials"
            ],
            "sku": "Q6ZP1UY8",
            "weight": 8,
            "dimensions": {
                "width": 8.18,
                "height": 27.45,
                "depth": 27.88
            },
            "warrantyInformation": "Lifetime warranty",
            "shippingInformation": "Ships in 1 month",
            "availabilityStatus": "In Stock",
            "reviews": [
                {
                    "rating": 5,
                    "comment": "Would buy again!",
                    "date": "2024-05-23T08:56:21.620Z",
                    "reviewerName": "Mason Parker",
                    "reviewerEmail": "mason.parker@x.dummyjson.com"
                },
                {
                    "rating": 3,
                    "comment": "Poor quality!",
                    "date": "2024-05-23T08:56:21.620Z",
                    "reviewerName": "Jonathan Pierce",
                    "reviewerEmail": "jonathan.pierce@x.dummyjson.com"
                },
                {
                    "rating": 5,
                    "comment": "Would buy again!",
                    "date": "2024-05-23T08:56:21.620Z",
                    "reviewerName": "Alexander Hernandez",
                    "reviewerEmail": "alexander.hernandez@x.dummyjson.com"
                }
            ],
            "returnPolicy": "60 days return policy",
            "minimumOrderQuantity": 2,
            "meta": {
                "createdAt": "2024-05-23T08:56:21.620Z",
                "updatedAt": "2024-05-23T08:56:21.620Z",
                "barcode": "6707669443381",
                "qrCode": "https://assets.dummyjson.com/public/qr-code.png"
            },
            "images": [
                "https://cdn.dummyjson.com/products/images/groceries/Cooking%20Oil/1.png"
            ],
            "thumbnail": "https://cdn.dummyjson.com/products/images/groceries/Cooking%20Oil/thumbnail.png"
        },
        {
            "id": 21,
            "title": "Cucumber",
            "description": "Crisp and hydrating cucumbers, ideal for salads, snacks, or as a refreshing side.",
            "category": "groceries",
            "price": 1.49,
            "discountPercentage": 11.44,
            "rating": 4.71,
            "stock": 22,
            "tags": [
                "vegetables"
            ],
            "sku": "6KGF2K6Z",
            "weight": 9,
            "dimensions": {
                "width": 11.04,
                "height": 20.5,
                "depth": 8.18
            },
            "warrantyInformation": "5 year warranty",
            "shippingInformation": "Ships overnight",
            "availabilityStatus": "In Stock",
            "reviews": [
                {
                    "rating": 4,
                    "comment": "Very satisfied!",
                    "date": "2024-05-23T08:56:21.620Z",
                    "reviewerName": "Elijah Hill",
                    "reviewerEmail": "elijah.hill@x.dummyjson.com"
                },
                {
                    "rating": 5,
                    "comment": "Fast shipping!",
                    "date": "2024-05-23T08:56:21.620Z",
                    "reviewerName": "Liam Garcia",
                    "reviewerEmail": "liam.garcia@x.dummyjson.com"
                },
                {
                    "rating": 4,
                    "comment": "Excellent quality!",
                    "date": "2024-05-23T08:56:21.620Z",
                    "reviewerName": "Ella Cook",
                    "reviewerEmail": "ella.cook@x.dummyjson.com"
                }
            ],
            "returnPolicy": "30 days return policy",
            "minimumOrderQuantity": 7,
            "meta": {
                "createdAt": "2024-05-23T08:56:21.620Z",
                "updatedAt": "2024-05-23T08:56:21.620Z",
                "barcode": "2597004869708",
                "qrCode": "https://assets.dummyjson.com/public/qr-code.png"
            },
            "images": [
                "https://cdn.dummyjson.com/products/images/groceries/Cucumber/1.png"
            ],
            "thumbnail": "https://cdn.dummyjson.com/products/images/groceries/Cucumber/thumbnail.png"
        },
        {
            "id": 22,
            "title": "Dog Food",
            "description": "Specially formulated dog food designed to provide essential nutrients for your canine companion.",
            "category": "groceries",
            "price": 10.99,
            "discountPercentage": 18.15,
            "rating": 2.74,
            "stock": 40,
            "tags": [
                "pet supplies",
                "dog food"
            ],
            "sku": "A6QRCH37",
            "weight": 2,
            "dimensions": {
                "width": 29.39,
                "height": 29.77,
                "depth": 20.54
            },
            "warrantyInformation": "1 year warranty",
            "shippingInformation": "Ships in 1 month",
            "availabilityStatus": "In Stock",
            "reviews": [
                {
                    "rating": 5,
                    "comment": "Highly impressed!",
                    "date": "2024-05-23T08:56:21.620Z",
                    "reviewerName": "Leo Rivera",
                    "reviewerEmail": "leo.rivera@x.dummyjson.com"
                },
                {
                    "rating": 4,
                    "comment": "Highly recommended!",
                    "date": "2024-05-23T08:56:21.620Z",
                    "reviewerName": "Alexander Jones",
                    "reviewerEmail": "alexander.jones@x.dummyjson.com"
                },
                {
                    "rating": 4,
                    "comment": "Would buy again!",
                    "date": "2024-05-23T08:56:21.620Z",
                    "reviewerName": "Addison Wright",
                    "reviewerEmail": "addison.wright@x.dummyjson.com"
                }
            ],
            "returnPolicy": "90 days return policy",
            "minimumOrderQuantity": 29,
            "meta": {
                "createdAt": "2024-05-23T08:56:21.620Z",
                "updatedAt": "2024-05-23T08:56:21.620Z",
                "barcode": "7957222289508",
                "qrCode": "https://assets.dummyjson.com/public/qr-code.png"
            },
            "images": [
                "https://cdn.dummyjson.com/products/images/groceries/Dog%20Food/1.png"
            ],
            "thumbnail": "https://cdn.dummyjson.com/products/images/groceries/Dog%20Food/thumbnail.png"
        },
        {
            "id": 23,
            "title": "Eggs",
            "description": "Fresh eggs, a versatile ingredient for baking, cooking, or breakfast.",
            "category": "groceries",
            "price": 2.99,
            "discountPercentage": 5.8,
            "rating": 4.46,
            "stock": 10,
            "tags": [
                "dairy"
            ],
            "sku": "YA617RI7",
            "weight": 4,
            "dimensions": {
                "width": 12.3,
                "height": 10.99,
                "depth": 15.53
            },
            "warrantyInformation": "3 year warranty",
            "shippingInformation": "Ships overnight",
            "availabilityStatus": "In Stock",
            "reviews": [
                {
                    "rating": 2,
                    "comment": "Very unhappy with my purchase!",
                    "date": "2024-05-23T08:56:21.620Z",
                    "reviewerName": "Mateo Perez",
                    "reviewerEmail": "mateo.perez@x.dummyjson.com"
                },
                {
                    "rating": 4,
                    "comment": "Very happy with my purchase!",
                    "date": "2024-05-23T08:56:21.620Z",
                    "reviewerName": "Cameron Perez",
                    "reviewerEmail": "cameron.perez@x.dummyjson.com"
                },
                {
                    "rating": 5,
                    "comment": "Very happy with my purchase!",
                    "date": "2024-05-23T08:56:21.620Z",
                    "reviewerName": "Aurora Barnes",
                    "reviewerEmail": "aurora.barnes@x.dummyjson.com"
                }
            ],
            "returnPolicy": "30 days return policy",
            "minimumOrderQuantity": 43,
            "meta": {
                "createdAt": "2024-05-23T08:56:21.620Z",
                "updatedAt": "2024-05-23T08:56:21.620Z",
                "barcode": "7095702028776",
                "qrCode": "https://assets.dummyjson.com/public/qr-code.png"
            },
            "images": [
                "https://cdn.dummyjson.com/products/images/groceries/Eggs/1.png"
            ],
            "thumbnail": "https://cdn.dummyjson.com/products/images/groceries/Eggs/thumbnail.png"
        },
        {
            "id": 24,
            "title": "Fish Steak",
            "description": "Quality fish steak, suitable for grilling, baking, or pan-searing.",
            "category": "groceries",
            "price": 14.99,
            "discountPercentage": 7,
            "rating": 4.83,
            "stock": 99,
            "tags": [
                "seafood"
            ],
            "sku": "XNIH1MTA",
            "weight": 8,
            "dimensions": {
                "width": 20.14,
                "height": 8.4,
                "depth": 10.01
            },
            "warrantyInformation": "1 year warranty",
            "shippingInformation": "Ships in 1 month",
            "availabilityStatus": "In Stock",
            "reviews": [
                {
                    "rating": 5,
                    "comment": "Great value for money!",
                    "date": "2024-05-23T08:56:21.620Z",
                    "reviewerName": "Michael Johnson",
                    "reviewerEmail": "michael.johnson@x.dummyjson.com"
                },
                {
                    "rating": 4,
                    "comment": "Would buy again!",
                    "date": "2024-05-23T08:56:21.620Z",
                    "reviewerName": "Julian Newton",
                    "reviewerEmail": "julian.newton@x.dummyjson.com"
                },
                {
                    "rating": 5,
                    "comment": "Excellent quality!",
                    "date": "2024-05-23T08:56:21.620Z",
                    "reviewerName": "Lila Hudson",
                    "reviewerEmail": "lila.hudson@x.dummyjson.com"
                }
            ],
            "returnPolicy": "30 days return policy",
            "minimumOrderQuantity": 49,
            "meta": {
                "createdAt": "2024-05-23T08:56:21.620Z",
                "updatedAt": "2024-05-23T08:56:21.620Z",
                "barcode": "4250692197342",
                "qrCode": "https://assets.dummyjson.com/public/qr-code.png"
            },
            "images": [
                "https://cdn.dummyjson.com/products/images/groceries/Fish%20Steak/1.png"
            ],
            "thumbnail": "https://cdn.dummyjson.com/products/images/groceries/Fish%20Steak/thumbnail.png"
        },
        {
            "id": 25,
            "title": "Green Bell Pepper",
            "description": "Fresh and vibrant green bell pepper, perfect for adding color and flavor to your dishes.",
            "category": "groceries",
            "price": 1.29,
            "discountPercentage": 15.5,
            "rating": 4.28,
            "stock": 89,
            "tags": [
                "vegetables"
            ],
            "sku": "HU7S7VQ0",
            "weight": 7,
            "dimensions": {
                "width": 7.32,
                "height": 14.31,
                "depth": 21.38
            },
            "warrantyInformation": "5 year warranty",
            "shippingInformation": "Ships overnight",
            "availabilityStatus": "In Stock",
            "reviews": [
                {
                    "rating": 4,
                    "comment": "Excellent quality!",
                    "date": "2024-05-23T08:56:21.620Z",
                    "reviewerName": "Maya Reed",
                    "reviewerEmail": "maya.reed@x.dummyjson.com"
                },
                {
                    "rating": 4,
                    "comment": "Would buy again!",
                    "date": "2024-05-23T08:56:21.620Z",
                    "reviewerName": "Madison Collins",
                    "reviewerEmail": "madison.collins@x.dummyjson.com"
                },
                {
                    "rating": 5,
                    "comment": "Would buy again!",
                    "date": "2024-05-23T08:56:21.620Z",
                    "reviewerName": "Ethan Thompson",
                    "reviewerEmail": "ethan.thompson@x.dummyjson.com"
                }
            ],
            "returnPolicy": "30 days return policy",
            "minimumOrderQuantity": 1,
            "meta": {
                "createdAt": "2024-05-23T08:56:21.620Z",
                "updatedAt": "2024-05-23T08:56:21.620Z",
                "barcode": "7583442707568",
                "qrCode": "https://assets.dummyjson.com/public/qr-code.png"
            },
            "images": [
                "https://cdn.dummyjson.com/products/images/groceries/Green%20Bell%20Pepper/1.png"
            ],
            "thumbnail": "https://cdn.dummyjson.com/products/images/groceries/Green%20Bell%20Pepper/thumbnail.png"
        },
        {
            "id": 26,
            "title": "Green Chili Pepper",
            "description": "Spicy green chili pepper, ideal for adding heat to your favorite recipes.",
            "category": "groceries",
            "price": 0.99,
            "discountPercentage": 18.51,
            "rating": 4.43,
            "stock": 8,
            "tags": [
                "vegetables"
            ],
            "sku": "Y4RM3JCB",
            "weight": 2,
            "dimensions": {
                "width": 18.67,
                "height": 21.17,
                "depth": 25.26
            },
            "warrantyInformation": "No warranty",
            "shippingInformation": "Ships in 1-2 business days",
            "availabilityStatus": "In Stock",
            "reviews": [
                {
                    "rating": 2,
                    "comment": "Disappointing product!",
                    "date": "2024-05-23T08:56:21.620Z",
                    "reviewerName": "Mateo Bennett",
                    "reviewerEmail": "mateo.bennett@x.dummyjson.com"
                },
                {
                    "rating": 5,
                    "comment": "Very pleased!",
                    "date": "2024-05-23T08:56:21.620Z",
                    "reviewerName": "Natalie Price",
                    "reviewerEmail": "natalie.price@x.dummyjson.com"
                },
                {
                    "rating": 4,
                    "comment": "Very satisfied!",
                    "date": "2024-05-23T08:56:21.620Z",
                    "reviewerName": "Avery Barnes",
                    "reviewerEmail": "avery.barnes@x.dummyjson.com"
                }
            ],
            "returnPolicy": "30 days return policy",
            "minimumOrderQuantity": 43,
            "meta": {
                "createdAt": "2024-05-23T08:56:21.620Z",
                "updatedAt": "2024-05-23T08:56:21.620Z",
                "barcode": "8400326844874",
                "qrCode": "https://assets.dummyjson.com/public/qr-code.png"
            },
            "images": [
                "https://cdn.dummyjson.com/products/images/groceries/Green%20Chili%20Pepper/1.png"
            ],
            "thumbnail": "https://cdn.dummyjson.com/products/images/groceries/Green%20Chili%20Pepper/thumbnail.png"
        },
        {
            "id": 27,
            "title": "Honey Jar",
            "description": "Pure and natural honey in a convenient jar, perfect for sweetening beverages or drizzling over food.",
            "category": "groceries",
            "price": 6.99,
            "discountPercentage": 1.91,
            "rating": 3.5,
            "stock": 25,
            "tags": [
                "condiments"
            ],
            "sku": "BTBNIIOU",
            "weight": 9,
            "dimensions": {
                "width": 26.53,
                "height": 27.11,
                "depth": 6.63
            },
            "warrantyInformation": "2 year warranty",
            "shippingInformation": "Ships overnight",
            "availabilityStatus": "In Stock",
            "reviews": [
                {
                    "rating": 4,
                    "comment": "Fast shipping!",
                    "date": "2024-05-23T08:56:21.620Z",
                    "reviewerName": "Nicholas Bailey",
                    "reviewerEmail": "nicholas.bailey@x.dummyjson.com"
                },
                {
                    "rating": 5,
                    "comment": "Awesome product!",
                    "date": "2024-05-23T08:56:21.620Z",
                    "reviewerName": "Gabriel Hayes",
                    "reviewerEmail": "gabriel.hayes@x.dummyjson.com"
                },
                {
                    "rating": 5,
                    "comment": "Highly impressed!",
                    "date": "2024-05-23T08:56:21.620Z",
                    "reviewerName": "James Garcia",
                    "reviewerEmail": "james.garcia@x.dummyjson.com"
                }
            ],
            "returnPolicy": "90 days return policy",
            "minimumOrderQuantity": 1,
            "meta": {
                "createdAt": "2024-05-23T08:56:21.620Z",
                "updatedAt": "2024-05-23T08:56:21.620Z",
                "barcode": "0668665656044",
                "qrCode": "https://assets.dummyjson.com/public/qr-code.png"
            },
            "images": [
                "https://cdn.dummyjson.com/products/images/groceries/Honey%20Jar/1.png"
            ],
            "thumbnail": "https://cdn.dummyjson.com/products/images/groceries/Honey%20Jar/thumbnail.png"
        },
        {
            "id": 28,
            "title": "Ice Cream",
            "description": "Creamy and delicious ice cream, available in various flavors for a delightful treat.",
            "category": "groceries",
            "price": 5.49,
            "discountPercentage": 7.58,
            "rating": 3.77,
            "stock": 76,
            "tags": [
                "desserts"
            ],
            "sku": "VEZMU1EQ",
            "weight": 5,
            "dimensions": {
                "width": 17.66,
                "height": 24.49,
                "depth": 25.98
            },
            "warrantyInformation": "2 year warranty",
            "shippingInformation": "Ships in 2 weeks",
            "availabilityStatus": "In Stock",
            "reviews": [
                {
                    "rating": 5,
                    "comment": "Great product!",
                    "date": "2024-05-23T08:56:21.620Z",
                    "reviewerName": "Elena Baker",
                    "reviewerEmail": "elena.baker@x.dummyjson.com"
                },
                {
                    "rating": 5,
                    "comment": "Highly impressed!",
                    "date": "2024-05-23T08:56:21.620Z",
                    "reviewerName": "Madeline Simpson",
                    "reviewerEmail": "madeline.simpson@x.dummyjson.com"
                },
                {
                    "rating": 5,
                    "comment": "Very happy with my purchase!",
                    "date": "2024-05-23T08:56:21.620Z",
                    "reviewerName": "Caleb Nelson",
                    "reviewerEmail": "caleb.nelson@x.dummyjson.com"
                }
            ],
            "returnPolicy": "No return policy",
            "minimumOrderQuantity": 19,
            "meta": {
                "createdAt": "2024-05-23T08:56:21.620Z",
                "updatedAt": "2024-05-23T08:56:21.620Z",
                "barcode": "9603960319256",
                "qrCode": "https://assets.dummyjson.com/public/qr-code.png"
            },
            "images": [
                "https://cdn.dummyjson.com/products/images/groceries/Ice%20Cream/1.png",
                "https://cdn.dummyjson.com/products/images/groceries/Ice%20Cream/2.png",
                "https://cdn.dummyjson.com/products/images/groceries/Ice%20Cream/3.png",
                "https://cdn.dummyjson.com/products/images/groceries/Ice%20Cream/4.png"
            ],
            "thumbnail": "https://cdn.dummyjson.com/products/images/groceries/Ice%20Cream/thumbnail.png"
        },
        {
            "id": 29,
            "title": "Juice",
            "description": "Refreshing fruit juice, packed with vitamins and great for staying hydrated.",
            "category": "groceries",
            "price": 3.99,
            "discountPercentage": 5.45,
            "rating": 3.41,
            "stock": 99,
            "tags": [
                "beverages"
            ],
            "sku": "M2K19S06",
            "weight": 2,
            "dimensions": {
                "width": 8.97,
                "height": 12.26,
                "depth": 15.05
            },
            "warrantyInformation": "1 week warranty",
            "shippingInformation": "Ships in 1-2 business days",
            "availabilityStatus": "In Stock",
            "reviews": [
                {
                    "rating": 4,
                    "comment": "Very satisfied!",
                    "date": "2024-05-23T08:56:21.620Z",
                    "reviewerName": "Leo Rivera",
                    "reviewerEmail": "leo.rivera@x.dummyjson.com"
                },
                {
                    "rating": 2,
                    "comment": "Not worth the price!",
                    "date": "2024-05-23T08:56:21.620Z",
                    "reviewerName": "Ethan Martinez",
                    "reviewerEmail": "ethan.martinez@x.dummyjson.com"
                },
                {
                    "rating": 4,
                    "comment": "Excellent quality!",
                    "date": "2024-05-23T08:56:21.620Z",
                    "reviewerName": "Max Parker",
                    "reviewerEmail": "max.parker@x.dummyjson.com"
                }
            ],
            "returnPolicy": "90 days return policy",
            "minimumOrderQuantity": 26,
            "meta": {
                "createdAt": "2024-05-23T08:56:21.620Z",
                "updatedAt": "2024-05-23T08:56:21.620Z",
                "barcode": "8546824122355",
                "qrCode": "https://assets.dummyjson.com/public/qr-code.png"
            },
            "images": [
                "https://cdn.dummyjson.com/products/images/groceries/Juice/1.png"
            ],
            "thumbnail": "https://cdn.dummyjson.com/products/images/groceries/Juice/thumbnail.png"
        },
        {
            "id": 30,
            "title": "Kiwi",
            "description": "Nutrient-rich kiwi, perfect for snacking or adding a tropical twist to your dishes.",
            "category": "groceries",
            "price": 2.49,
            "discountPercentage": 10.32,
            "rating": 4.37,
            "stock": 1,
            "tags": [
                "fruits"
            ],
            "sku": "0X3NORB9",
            "weight": 8,
            "dimensions": {
                "width": 27.3,
                "height": 7.48,
                "depth": 15.08
            },
            "warrantyInformation": "6 months warranty",
            "shippingInformation": "Ships in 3-5 business days",
            "availabilityStatus": "Low Stock",
            "reviews": [
                {
                    "rating": 5,
                    "comment": "Very pleased!",
                    "date": "2024-05-23T08:56:21.620Z",
                    "reviewerName": "Nora Russell",
                    "reviewerEmail": "nora.russell@x.dummyjson.com"
                },
                {
                    "rating": 5,
                    "comment": "Very pleased!",
                    "date": "2024-05-23T08:56:21.620Z",
                    "reviewerName": "Dylan Wells",
                    "reviewerEmail": "dylan.wells@x.dummyjson.com"
                },
                {
                    "rating": 5,
                    "comment": "Great product!",
                    "date": "2024-05-23T08:56:21.620Z",
                    "reviewerName": "Noah Hernandez",
                    "reviewerEmail": "noah.hernandez@x.dummyjson.com"
                }
            ],
            "returnPolicy": "7 days return policy",
            "minimumOrderQuantity": 8,
            "meta": {
                "createdAt": "2024-05-23T08:56:21.620Z",
                "updatedAt": "2024-05-23T08:56:21.620Z",
                "barcode": "3325493172934",
                "qrCode": "https://assets.dummyjson.com/public/qr-code.png"
            },
            "images": [
                "https://cdn.dummyjson.com/products/images/groceries/Kiwi/1.png"
            ],
            "thumbnail": "https://cdn.dummyjson.com/products/images/groceries/Kiwi/thumbnail.png"
        }
    ],
    "total": 194,
    "skip": 0,
    "limit": 30
}
]]></system-out>
  </testcase>
  <testcase name="fetchSingleProduct" classname="apitesting_restassured.Testsuite" time="0.727">
    <system-out><![CDATA[HTTP/1.1 200 OK
Server: Cowboy
Report-To: {"group":"heroku-nel","max_age":3600,"endpoints":[{"url":"https://nel.heroku.com/reports?ts=1721450477&sid=e11707d5-02a7-43ef-b45e-2cf4d2036f7d&s=g88YgxIJjYR%2BCaU6yDAMODoixF%2FEZfENlbgoIzFtcQs%3D"}]}
Reporting-Endpoints: heroku-nel=https://nel.heroku.com/reports?ts=1721450477&sid=e11707d5-02a7-43ef-b45e-2cf4d2036f7d&s=g88YgxIJjYR%2BCaU6yDAMODoixF%2FEZfENlbgoIzFtcQs%3D
Nel: {"report_to":"heroku-nel","max_age":3600,"success_fraction":0.005,"failure_fraction":0.05,"response_headers":["Via"]}
Connection: keep-alive
Access-Control-Allow-Origin: *
X-Dns-Prefetch-Control: off
X-Frame-Options: SAMEORIGIN
Strict-Transport-Security: max-age=15552000; includeSubDomains
X-Download-Options: noopen
X-Content-Type-Options: nosniff
X-Xss-Protection: 1; mode=block
X-Ratelimit-Limit: 100
X-Ratelimit-Remaining: 98
Date: Sat, 20 Jul 2024 04:41:17 GMT
X-Ratelimit-Reset: 1721450487
Content-Type: application/json; charset=utf-8
Etag: W/"5e9-rNCsHVhH6XnW8T9B5vjd9mXU+pc"
Vary: Accept-Encoding
Content-Encoding: gzip
Transfer-Encoding: chunked
Via: 1.1 vegur

{
    "id": 1,
    "title": "Essence Mascara Lash Princess",
    "description": "The Essence Mascara Lash Princess is a popular mascara known for its volumizing and lengthening effects. Achieve dramatic lashes with this long-lasting and cruelty-free formula.",
    "category": "beauty",
    "price": 9.99,
    "discountPercentage": 7.17,
    "rating": 4.94,
    "stock": 5,
    "tags": [
        "beauty",
        "mascara"
    ],
    "brand": "Essence",
    "sku": "RCH45Q1A",
    "weight": 2,
    "dimensions": {
        "width": 23.17,
        "height": 14.43,
        "depth": 28.01
    },
    "warrantyInformation": "1 month warranty",
    "shippingInformation": "Ships in 1 month",
    "availabilityStatus": "Low Stock",
    "reviews": [
        {
            "rating": 2,
            "comment": "Very unhappy with my purchase!",
            "date": "2024-05-23T08:56:21.618Z",
            "reviewerName": "John Doe",
            "reviewerEmail": "john.doe@x.dummyjson.com"
        },
        {
            "rating": 2,
            "comment": "Not as described!",
            "date": "2024-05-23T08:56:21.618Z",
            "reviewerName": "Nolan Gonzalez",
            "reviewerEmail": "nolan.gonzalez@x.dummyjson.com"
        },
        {
            "rating": 5,
            "comment": "Very satisfied!",
            "date": "2024-05-23T08:56:21.618Z",
            "reviewerName": "Scarlett Wright",
            "reviewerEmail": "scarlett.wright@x.dummyjson.com"
        }
    ],
    "returnPolicy": "30 days return policy",
    "minimumOrderQuantity": 24,
    "meta": {
        "createdAt": "2024-05-23T08:56:21.618Z",
        "updatedAt": "2024-05-23T08:56:21.618Z",
        "barcode": "9164035109868",
        "qrCode": "https://assets.dummyjson.com/public/qr-code.png"
    },
    "images": [
        "https://cdn.dummyjson.com/products/images/beauty/Essence%20Mascara%20Lash%20Princess/1.png"
    ],
    "thumbnail": "https://cdn.dummyjson.com/products/images/beauty/Essence%20Mascara%20Lash%20Princess/thumbnail.png"
}
]]></system-out>
  </testcase>
  <testcase name="getAllProductCategories" classname="apitesting_restassured.Testsuite" time="0.876">
    <system-out><![CDATA[HTTP/1.1 200 OK
Server: Cowboy
Report-To: {"group":"heroku-nel","max_age":3600,"endpoints":[{"url":"https://nel.heroku.com/reports?ts=1721450478&sid=e11707d5-02a7-43ef-b45e-2cf4d2036f7d&s=nVtMt7MS4yJweAu6%2F7Cysz%2FEMCrWPOeGOYT6%2BZTehx8%3D"}]}
Reporting-Endpoints: heroku-nel=https://nel.heroku.com/reports?ts=1721450478&sid=e11707d5-02a7-43ef-b45e-2cf4d2036f7d&s=nVtMt7MS4yJweAu6%2F7Cysz%2FEMCrWPOeGOYT6%2BZTehx8%3D
Nel: {"report_to":"heroku-nel","max_age":3600,"success_fraction":0.005,"failure_fraction":0.05,"response_headers":["Via"]}
Connection: keep-alive
Access-Control-Allow-Origin: *
X-Dns-Prefetch-Control: off
X-Frame-Options: SAMEORIGIN
Strict-Transport-Security: max-age=15552000; includeSubDomains
X-Download-Options: noopen
X-Content-Type-Options: nosniff
X-Xss-Protection: 1; mode=block
X-Ratelimit-Limit: 100
X-Ratelimit-Remaining: 97
Date: Sat, 20 Jul 2024 04:41:18 GMT
X-Ratelimit-Reset: 1721450487
Content-Type: application/json; charset=utf-8
Etag: W/"9d0-QmRzWSDU7v9xEumlsVypMgUm22A"
Vary: Accept-Encoding
Content-Encoding: gzip
Transfer-Encoding: chunked
Via: 1.1 vegur

[
    {
        "slug": "beauty",
        "name": "Beauty",
        "url": "https://dummyjson.com/products/category/beauty"
    },
    {
        "slug": "fragrances",
        "name": "Fragrances",
        "url": "https://dummyjson.com/products/category/fragrances"
    },
    {
        "slug": "furniture",
        "name": "Furniture",
        "url": "https://dummyjson.com/products/category/furniture"
    },
    {
        "slug": "groceries",
        "name": "Groceries",
        "url": "https://dummyjson.com/products/category/groceries"
    },
    {
        "slug": "home-decoration",
        "name": "Home Decoration",
        "url": "https://dummyjson.com/products/category/home-decoration"
    },
    {
        "slug": "kitchen-accessories",
        "name": "Kitchen Accessories",
        "url": "https://dummyjson.com/products/category/kitchen-accessories"
    },
    {
        "slug": "laptops",
        "name": "Laptops",
        "url": "https://dummyjson.com/products/category/laptops"
    },
    {
        "slug": "mens-shirts",
        "name": "Mens Shirts",
        "url": "https://dummyjson.com/products/category/mens-shirts"
    },
    {
        "slug": "mens-shoes",
        "name": "Mens Shoes",
        "url": "https://dummyjson.com/products/category/mens-shoes"
    },
    {
        "slug": "mens-watches",
        "name": "Mens Watches",
        "url": "https://dummyjson.com/products/category/mens-watches"
    },
    {
        "slug": "mobile-accessories",
        "name": "Mobile Accessories",
        "url": "https://dummyjson.com/products/category/mobile-accessories"
    },
    {
        "slug": "motorcycle",
        "name": "Motorcycle",
        "url": "https://dummyjson.com/products/category/motorcycle"
    },
    {
        "slug": "skin-care",
        "name": "Skin Care",
        "url": "https://dummyjson.com/products/category/skin-care"
    },
    {
        "slug": "smartphones",
        "name": "Smartphones",
        "url": "https://dummyjson.com/products/category/smartphones"
    },
    {
        "slug": "sports-accessories",
        "name": "Sports Accessories",
        "url": "https://dummyjson.com/products/category/sports-accessories"
    },
    {
        "slug": "sunglasses",
        "name": "Sunglasses",
        "url": "https://dummyjson.com/products/category/sunglasses"
    },
    {
        "slug": "tablets",
        "name": "Tablets",
        "url": "https://dummyjson.com/products/category/tablets"
    },
    {
        "slug": "tops",
        "name": "Tops",
        "url": "https://dummyjson.com/products/category/tops"
    },
    {
        "slug": "vehicle",
        "name": "Vehicle",
        "url": "https://dummyjson.com/products/category/vehicle"
    },
    {
        "slug": "womens-bags",
        "name": "Womens Bags",
        "url": "https://dummyjson.com/products/category/womens-bags"
    },
    {
        "slug": "womens-dresses",
        "name": "Womens Dresses",
        "url": "https://dummyjson.com/products/category/womens-dresses"
    },
    {
        "slug": "womens-jewellery",
        "name": "Womens Jewellery",
        "url": "https://dummyjson.com/products/category/womens-jewellery"
    },
    {
        "slug": "womens-shoes",
        "name": "Womens Shoes",
        "url": "https://dummyjson.com/products/category/womens-shoes"
    },
    {
        "slug": "womens-watches",
        "name": "Womens Watches",
        "url": "https://dummyjson.com/products/category/womens-watches"
    }
]
]]></system-out>
  </testcase>
  <testcase name="getProductsByCategory" classname="apitesting_restassured.Testsuite" time="0.913">
    <system-out><![CDATA[HTTP/1.1 200 OK
Server: Cowboy
Report-To: {"group":"heroku-nel","max_age":3600,"endpoints":[{"url":"https://nel.heroku.com/reports?ts=1721450479&sid=e11707d5-02a7-43ef-b45e-2cf4d2036f7d&s=rxX5fcqfyYGDW%2Ft1gw%2FbgklLP2fAuN7r1ZEwbjJX4bY%3D"}]}
Reporting-Endpoints: heroku-nel=https://nel.heroku.com/reports?ts=1721450479&sid=e11707d5-02a7-43ef-b45e-2cf4d2036f7d&s=rxX5fcqfyYGDW%2Ft1gw%2FbgklLP2fAuN7r1ZEwbjJX4bY%3D
Nel: {"report_to":"heroku-nel","max_age":3600,"success_fraction":0.005,"failure_fraction":0.05,"response_headers":["Via"]}
Connection: keep-alive
Access-Control-Allow-Origin: *
X-Dns-Prefetch-Control: off
X-Frame-Options: SAMEORIGIN
Strict-Transport-Security: max-age=15552000; includeSubDomains
X-Download-Options: noopen
X-Content-Type-Options: nosniff
X-Xss-Protection: 1; mode=block
X-Ratelimit-Limit: 100
X-Ratelimit-Remaining: 96
Date: Sat, 20 Jul 2024 04:41:19 GMT
X-Ratelimit-Reset: 1721450487
Content-Type: application/json; charset=utf-8
Etag: W/"660c-r/QstuPlkipwGjO1xR6GUS57z84"
Vary: Accept-Encoding
Content-Encoding: gzip
Transfer-Encoding: chunked
Via: 1.1 vegur

{
    "products": [
        {
            "id": 121,
            "title": "iPhone 5s",
            "description": "The iPhone 5s is a classic smartphone known for its compact design and advanced features during its release. While it's an older model, it still provides a reliable user experience.",
            "category": "smartphones",
            "price": 199.99,
            "discountPercentage": 11.85,
            "rating": 3.92,
            "stock": 65,
            "tags": [
                "smartphones",
                "apple"
            ],
            "brand": "Apple",
            "sku": "AZ1L68SM",
            "weight": 4,
            "dimensions": {
                "width": 8.49,
                "height": 25.34,
                "depth": 18.12
            },
            "warrantyInformation": "1 week warranty",
            "shippingInformation": "Ships in 1 week",
            "availabilityStatus": "In Stock",
            "reviews": [
                {
                    "rating": 4,
                    "comment": "Highly impressed!",
                    "date": "2024-05-23T08:56:21.625Z",
                    "reviewerName": "Wyatt Perry",
                    "reviewerEmail": "wyatt.perry@x.dummyjson.com"
                },
                {
                    "rating": 5,
                    "comment": "Awesome product!",
                    "date": "2024-05-23T08:56:21.625Z",
                    "reviewerName": "Olivia Anderson",
                    "reviewerEmail": "olivia.anderson@x.dummyjson.com"
                },
                {
                    "rating": 4,
                    "comment": "Highly recommended!",
                    "date": "2024-05-23T08:56:21.625Z",
                    "reviewerName": "Mateo Nguyen",
                    "reviewerEmail": "mateo.nguyen@x.dummyjson.com"
                }
            ],
            "returnPolicy": "No return policy",
            "minimumOrderQuantity": 2,
            "meta": {
                "createdAt": "2024-05-23T08:56:21.625Z",
                "updatedAt": "2024-05-23T08:56:21.625Z",
                "barcode": "2903942810911",
                "qrCode": "https://assets.dummyjson.com/public/qr-code.png"
            },
            "images": [
                "https://cdn.dummyjson.com/products/images/smartphones/iPhone%205s/1.png",
                "https://cdn.dummyjson.com/products/images/smartphones/iPhone%205s/2.png",
                "https://cdn.dummyjson.com/products/images/smartphones/iPhone%205s/3.png"
            ],
            "thumbnail": "https://cdn.dummyjson.com/products/images/smartphones/iPhone%205s/thumbnail.png"
        },
        {
            "id": 122,
            "title": "iPhone 6",
            "description": "The iPhone 6 is a stylish and capable smartphone with a larger display and improved performance. It introduced new features and design elements, making it a popular choice in its time.",
            "category": "smartphones",
            "price": 299.99,
            "discountPercentage": 4.54,
            "rating": 3.76,
            "stock": 99,
            "tags": [
                "smartphones",
                "apple"
            ],
            "brand": "Apple",
            "sku": "ZPXH3X9J",
            "weight": 8,
            "dimensions": {
                "width": 16.21,
                "height": 22.94,
                "depth": 5.63
            },
            "warrantyInformation": "3 year warranty",
            "shippingInformation": "Ships overnight",
            "availabilityStatus": "In Stock",
            "reviews": [
                {
                    "rating": 5,
                    "comment": "Would buy again!",
                    "date": "2024-05-23T08:56:21.625Z",
                    "reviewerName": "Nicholas Bailey",
                    "reviewerEmail": "nicholas.bailey@x.dummyjson.com"
                },
                {
                    "rating": 5,
                    "comment": "Great product!",
                    "date": "2024-05-23T08:56:21.625Z",
                    "reviewerName": "Clara Berry",
                    "reviewerEmail": "clara.berry@x.dummyjson.com"
                },
                {
                    "rating": 3,
                    "comment": "Not as described!",
                    "date": "2024-05-23T08:56:21.625Z",
                    "reviewerName": "Gavin Stanley",
                    "reviewerEmail": "gavin.stanley@x.dummyjson.com"
                }
            ],
            "returnPolicy": "60 days return policy",
            "minimumOrderQuantity": 3,
            "meta": {
                "createdAt": "2024-05-23T08:56:21.625Z",
                "updatedAt": "2024-05-23T08:56:21.625Z",
                "barcode": "2517230562429",
                "qrCode": "https://assets.dummyjson.com/public/qr-code.png"
            },
            "images": [
                "https://cdn.dummyjson.com/products/images/smartphones/iPhone%206/1.png",
                "https://cdn.dummyjson.com/products/images/smartphones/iPhone%206/2.png",
                "https://cdn.dummyjson.com/products/images/smartphones/iPhone%206/3.png"
            ],
            "thumbnail": "https://cdn.dummyjson.com/products/images/smartphones/iPhone%206/thumbnail.png"
        },
        {
            "id": 123,
            "title": "iPhone 13 Pro",
            "description": "The iPhone 13 Pro is a cutting-edge smartphone with a powerful camera system, high-performance chip, and stunning display. It offers advanced features for users who demand top-notch technology.",
            "category": "smartphones",
            "price": 1099.99,
            "discountPercentage": 18.3,
            "rating": 3.42,
            "stock": 26,
            "tags": [
                "smartphones",
                "apple"
            ],
            "brand": "Apple",
            "sku": "YGQKHPGK",
            "weight": 8,
            "dimensions": {
                "width": 22.39,
                "height": 9.77,
                "depth": 19.6
            },
            "warrantyInformation": "1 year warranty",
            "shippingInformation": "Ships in 2 weeks",
            "availabilityStatus": "In Stock",
            "reviews": [
                {
                    "rating": 5,
                    "comment": "Highly impressed!",
                    "date": "2024-05-23T08:56:21.625Z",
                    "reviewerName": "Aria Roberts",
                    "reviewerEmail": "aria.roberts@x.dummyjson.com"
                },
                {
                    "rating": 4,
                    "comment": "Great product!",
                    "date": "2024-05-23T08:56:21.625Z",
                    "reviewerName": "Ryan Graham",
                    "reviewerEmail": "ryan.graham@x.dummyjson.com"
                },
                {
                    "rating": 2,
                    "comment": "Poor quality!",
                    "date": "2024-05-23T08:56:21.625Z",
                    "reviewerName": "Mason Wright",
                    "reviewerEmail": "mason.wright@x.dummyjson.com"
                }
            ],
            "returnPolicy": "7 days return policy",
            "minimumOrderQuantity": 1,
            "meta": {
                "createdAt": "2024-05-23T08:56:21.625Z",
                "updatedAt": "2024-05-23T08:56:21.625Z",
                "barcode": "2986724589988",
                "qrCode": "https://assets.dummyjson.com/public/qr-code.png"
            },
            "images": [
                "https://cdn.dummyjson.com/products/images/smartphones/iPhone%2013%20Pro/1.png",
                "https://cdn.dummyjson.com/products/images/smartphones/iPhone%2013%20Pro/2.png",
                "https://cdn.dummyjson.com/products/images/smartphones/iPhone%2013%20Pro/3.png"
            ],
            "thumbnail": "https://cdn.dummyjson.com/products/images/smartphones/iPhone%2013%20Pro/thumbnail.png"
        },
        {
            "id": 124,
            "title": "iPhone X",
            "description": "The iPhone X is a flagship smartphone featuring a bezel-less OLED display, facial recognition technology (Face ID), and impressive performance. It represents a milestone in iPhone design and innovation.",
            "category": "smartphones",
            "price": 899.99,
            "discountPercentage": 14.19,
            "rating": 4.96,
            "stock": 99,
            "tags": [
                "smartphones",
                "apple"
            ],
            "brand": "Apple",
            "sku": "9QN3UDUD",
            "weight": 10,
            "dimensions": {
                "width": 27.86,
                "height": 8.53,
                "depth": 17.07
            },
            "warrantyInformation": "3 months warranty",
            "shippingInformation": "Ships in 1 month",
            "availabilityStatus": "In Stock",
            "reviews": [
                {
                    "rating": 1,
                    "comment": "Very unhappy with my purchase!",
                    "date": "2024-05-23T08:56:21.625Z",
                    "reviewerName": "Eleanor Tyler",
                    "reviewerEmail": "eleanor.tyler@x.dummyjson.com"
                },
                {
                    "rating": 5,
                    "comment": "Very satisfied!",
                    "date": "2024-05-23T08:56:21.625Z",
                    "reviewerName": "Maya Reed",
                    "reviewerEmail": "maya.reed@x.dummyjson.com"
                },
                {
                    "rating": 4,
                    "comment": "Fast shipping!",
                    "date": "2024-05-23T08:56:21.625Z",
                    "reviewerName": "Elena Baker",
                    "reviewerEmail": "elena.baker@x.dummyjson.com"
                }
            ],
            "returnPolicy": "30 days return policy",
            "minimumOrderQuantity": 2,
            "meta": {
                "createdAt": "2024-05-23T08:56:21.625Z",
                "updatedAt": "2024-05-23T08:56:21.625Z",
                "barcode": "4331405454760",
                "qrCode": "https://assets.dummyjson.com/public/qr-code.png"
            },
            "images": [
                "https://cdn.dummyjson.com/products/images/smartphones/iPhone%20X/1.png",
                "https://cdn.dummyjson.com/products/images/smartphones/iPhone%20X/2.png",
                "https://cdn.dummyjson.com/products/images/smartphones/iPhone%20X/3.png"
            ],
            "thumbnail": "https://cdn.dummyjson.com/products/images/smartphones/iPhone%20X/thumbnail.png"
        },
        {
            "id": 125,
            "title": "Oppo A57",
            "description": "The Oppo A57 is a mid-range smartphone known for its sleek design and capable features. It offers a balance of performance and affordability, making it a popular choice.",
            "category": "smartphones",
            "price": 249.99,
            "discountPercentage": 12.17,
            "rating": 3.1,
            "stock": 76,
            "tags": [
                "smartphones",
                "oppo"
            ],
            "brand": "Oppo",
            "sku": "J1NO9ULG",
            "weight": 3,
            "dimensions": {
                "width": 29.52,
                "height": 11.25,
                "depth": 14.41
            },
            "warrantyInformation": "No warranty",
            "shippingInformation": "Ships in 1 month",
            "availabilityStatus": "In Stock",
            "reviews": [
                {
                    "rating": 2,
                    "comment": "Not worth the price!",
                    "date": "2024-05-23T08:56:21.625Z",
                    "reviewerName": "Owen Fisher",
                    "reviewerEmail": "owen.fisher@x.dummyjson.com"
                },
                {
                    "rating": 4,
                    "comment": "Fast shipping!",
                    "date": "2024-05-23T08:56:21.625Z",
                    "reviewerName": "Jack Ward",
                    "reviewerEmail": "jack.ward@x.dummyjson.com"
                },
                {
                    "rating": 2,
                    "comment": "Very dissatisfied!",
                    "date": "2024-05-23T08:56:21.625Z",
                    "reviewerName": "Nora Mills",
                    "reviewerEmail": "nora.mills@x.dummyjson.com"
                }
            ],
            "returnPolicy": "30 days return policy",
            "minimumOrderQuantity": 5,
            "meta": {
                "createdAt": "2024-05-23T08:56:21.625Z",
                "updatedAt": "2024-05-23T08:56:21.625Z",
                "barcode": "1743445108634",
                "qrCode": "https://assets.dummyjson.com/public/qr-code.png"
            },
            "images": [
                "https://cdn.dummyjson.com/products/images/smartphones/Oppo%20A57/1.png",
                "https://cdn.dummyjson.com/products/images/smartphones/Oppo%20A57/2.png",
                "https://cdn.dummyjson.com/products/images/smartphones/Oppo%20A57/3.png"
            ],
            "thumbnail": "https://cdn.dummyjson.com/products/images/smartphones/Oppo%20A57/thumbnail.png"
        },
        {
            "id": 126,
            "title": "Oppo F19 Pro Plus",
            "description": "The Oppo F19 Pro Plus is a feature-rich smartphone with a focus on camera capabilities. It boasts advanced photography features and a powerful performance for a premium user experience.",
            "category": "smartphones",
            "price": 399.99,
            "discountPercentage": 15.62,
            "rating": 2.57,
            "stock": 92,
            "tags": [
                "smartphones",
                "oppo"
            ],
            "brand": "Oppo",
            "sku": "H2TTGWXB",
            "weight": 2,
            "dimensions": {
                "width": 20.35,
                "height": 16.4,
                "depth": 13.31
            },
            "warrantyInformation": "3 year warranty",
            "shippingInformation": "Ships in 1-2 business days",
            "availabilityStatus": "In Stock",
            "reviews": [
                {
                    "rating": 4,
                    "comment": "Would buy again!",
                    "date": "2024-05-23T08:56:21.625Z",
                    "reviewerName": "Benjamin Foster",
                    "reviewerEmail": "benjamin.foster@x.dummyjson.com"
                },
                {
                    "rating": 5,
                    "comment": "Very pleased!",
                    "date": "2024-05-23T08:56:21.625Z",
                    "reviewerName": "Lillian Bishop",
                    "reviewerEmail": "lillian.bishop@x.dummyjson.com"
                },
                {
                    "rating": 3,
                    "comment": "Would not recommend!",
                    "date": "2024-05-23T08:56:21.625Z",
                    "reviewerName": "Harper Garcia",
                    "reviewerEmail": "harper.garcia@x.dummyjson.com"
                }
            ],
            "returnPolicy": "30 days return policy",
            "minimumOrderQuantity": 5,
            "meta": {
                "createdAt": "2024-05-23T08:56:21.625Z",
                "updatedAt": "2024-05-23T08:56:21.625Z",
                "barcode": "7451360954140",
                "qrCode": "https://assets.dummyjson.com/public/qr-code.png"
            },
            "images": [
                "https://cdn.dummyjson.com/products/images/smartphones/Oppo%20F19%20Pro%20Plus/1.png",
                "https://cdn.dummyjson.com/products/images/smartphones/Oppo%20F19%20Pro%20Plus/2.png",
                "https://cdn.dummyjson.com/products/images/smartphones/Oppo%20F19%20Pro%20Plus/3.png"
            ],
            "thumbnail": "https://cdn.dummyjson.com/products/images/smartphones/Oppo%20F19%20Pro%20Plus/thumbnail.png"
        },
        {
            "id": 127,
            "title": "Oppo K1",
            "description": "The Oppo K1 series offers a range of smartphones with various features and specifications. Known for their stylish design and reliable performance, the Oppo K1 series caters to diverse user preferences.",
            "category": "smartphones",
            "price": 299.99,
            "discountPercentage": 14.58,
            "rating": 3.39,
            "stock": 61,
            "tags": [
                "smartphones",
                "oppo"
            ],
            "brand": "Oppo",
            "sku": "ELZ94HM3",
            "weight": 2,
            "dimensions": {
                "width": 21.83,
                "height": 27.83,
                "depth": 27.47
            },
            "warrantyInformation": "2 year warranty",
            "shippingInformation": "Ships in 2 weeks",
            "availabilityStatus": "In Stock",
            "reviews": [
                {
                    "rating": 2,
                    "comment": "Would not buy again!",
                    "date": "2024-05-23T08:56:21.625Z",
                    "reviewerName": "Penelope Harper",
                    "reviewerEmail": "penelope.harper@x.dummyjson.com"
                },
                {
                    "rating": 4,
                    "comment": "Very satisfied!",
                    "date": "2024-05-23T08:56:21.625Z",
                    "reviewerName": "Nathan Reed",
                    "reviewerEmail": "nathan.reed@x.dummyjson.com"
                },
                {
                    "rating": 5,
                    "comment": "Very happy with my purchase!",
                    "date": "2024-05-23T08:56:21.625Z",
                    "reviewerName": "Madison Stewart",
                    "reviewerEmail": "madison.stewart@x.dummyjson.com"
                }
            ],
            "returnPolicy": "No return policy",
            "minimumOrderQuantity": 1,
            "meta": {
                "createdAt": "2024-05-23T08:56:21.625Z",
                "updatedAt": "2024-05-23T08:56:21.625Z",
                "barcode": "7535531820285",
                "qrCode": "https://assets.dummyjson.com/public/qr-code.png"
            },
            "images": [
                "https://cdn.dummyjson.com/products/images/smartphones/Oppo%20K1/1.png",
                "https://cdn.dummyjson.com/products/images/smartphones/Oppo%20K1/2.png",
                "https://cdn.dummyjson.com/products/images/smartphones/Oppo%20K1/3.png",
                "https://cdn.dummyjson.com/products/images/smartphones/Oppo%20K1/4.png"
            ],
            "thumbnail": "https://cdn.dummyjson.com/products/images/smartphones/Oppo%20K1/thumbnail.png"
        },
        {
            "id": 128,
            "title": "Realme C35",
            "description": "The Realme C35 is a budget-friendly smartphone with a focus on providing essential features for everyday use. It offers a reliable performance and user-friendly experience.",
            "category": "smartphones",
            "price": 149.99,
            "discountPercentage": 16.47,
            "rating": 2.56,
            "stock": 81,
            "tags": [
                "smartphones",
                "realme"
            ],
            "brand": "Realme",
            "sku": "25KENV7J",
            "weight": 6,
            "dimensions": {
                "width": 21.74,
                "height": 28.75,
                "depth": 22.22
            },
            "warrantyInformation": "Lifetime warranty",
            "shippingInformation": "Ships in 1 week",
            "availabilityStatus": "In Stock",
            "reviews": [
                {
                    "rating": 5,
                    "comment": "Very happy with my purchase!",
                    "date": "2024-05-23T08:56:21.625Z",
                    "reviewerName": "Ava Harrison",
                    "reviewerEmail": "ava.harrison@x.dummyjson.com"
                },
                {
                    "rating": 3,
                    "comment": "Waste of money!",
                    "date": "2024-05-23T08:56:21.625Z",
                    "reviewerName": "Sophia Brown",
                    "reviewerEmail": "sophia.brown@x.dummyjson.com"
                },
                {
                    "rating": 5,
                    "comment": "Great product!",
                    "date": "2024-05-23T08:56:21.625Z",
                    "reviewerName": "Grace Perry",
                    "reviewerEmail": "grace.perry@x.dummyjson.com"
                }
            ],
            "returnPolicy": "30 days return policy",
            "minimumOrderQuantity": 1,
            "meta": {
                "createdAt": "2024-05-23T08:56:21.625Z",
                "updatedAt": "2024-05-23T08:56:21.625Z",
                "barcode": "3119744926904",
                "qrCode": "https://assets.dummyjson.com/public/qr-code.png"
            },
            "images": [
                "https://cdn.dummyjson.com/products/images/smartphones/Realme%20C35/1.png",
                "https://cdn.dummyjson.com/products/images/smartphones/Realme%20C35/2.png",
                "https://cdn.dummyjson.com/products/images/smartphones/Realme%20C35/3.png"
            ],
            "thumbnail": "https://cdn.dummyjson.com/products/images/smartphones/Realme%20C35/thumbnail.png"
        },
        {
            "id": 129,
            "title": "Realme X",
            "description": "The Realme X is a mid-range smartphone known for its sleek design and impressive display. It offers a good balance of performance and camera capabilities for users seeking a quality device.",
            "category": "smartphones",
            "price": 299.99,
            "discountPercentage": 2.39,
            "rating": 4.42,
            "stock": 87,
            "tags": [
                "smartphones",
                "realme"
            ],
            "brand": "Realme",
            "sku": "5E11C5C4",
            "weight": 1,
            "dimensions": {
                "width": 29.32,
                "height": 16.3,
                "depth": 24.12
            },
            "warrantyInformation": "1 month warranty",
            "shippingInformation": "Ships in 3-5 business days",
            "availabilityStatus": "In Stock",
            "reviews": [
                {
                    "rating": 4,
                    "comment": "Highly recommended!",
                    "date": "2024-05-23T08:56:21.625Z",
                    "reviewerName": "Benjamin Foster",
                    "reviewerEmail": "benjamin.foster@x.dummyjson.com"
                },
                {
                    "rating": 4,
                    "comment": "Very satisfied!",
                    "date": "2024-05-23T08:56:21.625Z",
                    "reviewerName": "Madison Collins",
                    "reviewerEmail": "madison.collins@x.dummyjson.com"
                },
                {
                    "rating": 5,
                    "comment": "Fast shipping!",
                    "date": "2024-05-23T08:56:21.625Z",
                    "reviewerName": "Emily Johnson",
                    "reviewerEmail": "emily.johnson@x.dummyjson.com"
                }
            ],
            "returnPolicy": "7 days return policy",
            "minimumOrderQuantity": 1,
            "meta": {
                "createdAt": "2024-05-23T08:56:21.625Z",
                "updatedAt": "2024-05-23T08:56:21.625Z",
                "barcode": "0139612574728",
                "qrCode": "https://assets.dummyjson.com/public/qr-code.png"
            },
            "images": [
                "https://cdn.dummyjson.com/products/images/smartphones/Realme%20X/1.png",
                "https://cdn.dummyjson.com/products/images/smartphones/Realme%20X/2.png",
                "https://cdn.dummyjson.com/products/images/smartphones/Realme%20X/3.png"
            ],
            "thumbnail": "https://cdn.dummyjson.com/products/images/smartphones/Realme%20X/thumbnail.png"
        },
        {
            "id": 130,
            "title": "Realme XT",
            "description": "The Realme XT is a feature-rich smartphone with a focus on camera technology. It comes equipped with advanced camera sensors, delivering high-quality photos and videos for photography enthusiasts.",
            "category": "smartphones",
            "price": 349.99,
            "discountPercentage": 3.03,
            "rating": 4.14,
            "stock": 53,
            "tags": [
                "smartphones",
                "realme"
            ],
            "brand": "Realme",
            "sku": "GHDMRAP2",
            "weight": 4,
            "dimensions": {
                "width": 28.82,
                "height": 23.44,
                "depth": 6.21
            },
            "warrantyInformation": "1 week warranty",
            "shippingInformation": "Ships in 1 month",
            "availabilityStatus": "In Stock",
            "reviews": [
                {
                    "rating": 5,
                    "comment": "Awesome product!",
                    "date": "2024-05-23T08:56:21.625Z",
                    "reviewerName": "Hannah Howard",
                    "reviewerEmail": "hannah.howard@x.dummyjson.com"
                },
                {
                    "rating": 1,
                    "comment": "Would not recommend!",
                    "date": "2024-05-23T08:56:21.625Z",
                    "reviewerName": "Claire Foster",
                    "reviewerEmail": "claire.foster@x.dummyjson.com"
                },
                {
                    "rating": 1,
                    "comment": "Very dissatisfied!",
                    "date": "2024-05-23T08:56:21.625Z",
                    "reviewerName": "Nora Russell",
                    "reviewerEmail": "nora.russell@x.dummyjson.com"
                }
            ],
            "returnPolicy": "60 days return policy",
            "minimumOrderQuantity": 5,
            "meta": {
                "createdAt": "2024-05-23T08:56:21.625Z",
                "updatedAt": "2024-05-23T08:56:21.625Z",
                "barcode": "3985844484131",
                "qrCode": "https://assets.dummyjson.com/public/qr-code.png"
            },
            "images": [
                "https://cdn.dummyjson.com/products/images/smartphones/Realme%20XT/1.png",
                "https://cdn.dummyjson.com/products/images/smartphones/Realme%20XT/2.png",
                "https://cdn.dummyjson.com/products/images/smartphones/Realme%20XT/3.png"
            ],
            "thumbnail": "https://cdn.dummyjson.com/products/images/smartphones/Realme%20XT/thumbnail.png"
        },
        {
            "id": 131,
            "title": "Samsung Galaxy S7",
            "description": "The Samsung Galaxy S7 is a flagship smartphone known for its sleek design and advanced features. It features a high-resolution display, powerful camera, and robust performance.",
            "category": "smartphones",
            "price": 299.99,
            "discountPercentage": 8.83,
            "rating": 4.9,
            "stock": 55,
            "tags": [
                "smartphones",
                "samsung galaxy"
            ],
            "brand": "Samsung",
            "sku": "VZF4Z58Z",
            "weight": 8,
            "dimensions": {
                "width": 23.33,
                "height": 27.33,
                "depth": 27.02
            },
            "warrantyInformation": "1 month warranty",
            "shippingInformation": "Ships in 2 weeks",
            "availabilityStatus": "In Stock",
            "reviews": [
                {
                    "rating": 5,
                    "comment": "Would buy again!",
                    "date": "2024-05-23T08:56:21.625Z",
                    "reviewerName": "Jace Smith",
                    "reviewerEmail": "jace.smith@x.dummyjson.com"
                },
                {
                    "rating": 4,
                    "comment": "Would buy again!",
                    "date": "2024-05-23T08:56:21.625Z",
                    "reviewerName": "Ruby Andrews",
                    "reviewerEmail": "ruby.andrews@x.dummyjson.com"
                },
                {
                    "rating": 5,
                    "comment": "Great value for money!",
                    "date": "2024-05-23T08:56:21.625Z",
                    "reviewerName": "Aria Roberts",
                    "reviewerEmail": "aria.roberts@x.dummyjson.com"
                }
            ],
            "returnPolicy": "No return policy",
            "minimumOrderQuantity": 1,
            "meta": {
                "createdAt": "2024-05-23T08:56:21.625Z",
                "updatedAt": "2024-05-23T08:56:21.625Z",
                "barcode": "8841359359362",
                "qrCode": "https://assets.dummyjson.com/public/qr-code.png"
            },
            "images": [
                "https://cdn.dummyjson.com/products/images/smartphones/Samsung%20Galaxy%20S7/1.png",
                "https://cdn.dummyjson.com/products/images/smartphones/Samsung%20Galaxy%20S7/2.png",
                "https://cdn.dummyjson.com/products/images/smartphones/Samsung%20Galaxy%20S7/3.png"
            ],
            "thumbnail": "https://cdn.dummyjson.com/products/images/smartphones/Samsung%20Galaxy%20S7/thumbnail.png"
        },
        {
            "id": 132,
            "title": "Samsung Galaxy S8",
            "description": "The Samsung Galaxy S8 is a premium smartphone with an Infinity Display, offering a stunning visual experience. It boasts advanced camera capabilities and cutting-edge technology.",
            "category": "smartphones",
            "price": 499.99,
            "discountPercentage": 2.69,
            "rating": 3.69,
            "stock": 75,
            "tags": [
                "smartphones",
                "samsung galaxy"
            ],
            "brand": "Samsung",
            "sku": "GLXQQKBF",
            "weight": 6,
            "dimensions": {
                "width": 6.88,
                "height": 8.96,
                "depth": 18.13
            },
            "warrantyInformation": "Lifetime warranty",
            "shippingInformation": "Ships in 3-5 business days",
            "availabilityStatus": "In Stock",
            "reviews": [
                {
                    "rating": 2,
                    "comment": "Very unhappy with my purchase!",
                    "date": "2024-05-23T08:56:21.625Z",
                    "reviewerName": "Christopher West",
                    "reviewerEmail": "christopher.west@x.dummyjson.com"
                },
                {
                    "rating": 5,
                    "comment": "Very happy with my purchase!",
                    "date": "2024-05-23T08:56:21.625Z",
                    "reviewerName": "Hazel Evans",
                    "reviewerEmail": "hazel.evans@x.dummyjson.com"
                },
                {
                    "rating": 4,
                    "comment": "Very happy with my purchase!",
                    "date": "2024-05-23T08:56:21.625Z",
                    "reviewerName": "Luna Russell",
                    "reviewerEmail": "luna.russell@x.dummyjson.com"
                }
            ],
            "returnPolicy": "No return policy",
            "minimumOrderQuantity": 1,
            "meta": {
                "createdAt": "2024-05-23T08:56:21.625Z",
                "updatedAt": "2024-05-23T08:56:21.625Z",
                "barcode": "1337599403784",
                "qrCode": "https://assets.dummyjson.com/public/qr-code.png"
            },
            "images": [
                "https://cdn.dummyjson.com/products/images/smartphones/Samsung%20Galaxy%20S8/1.png",
                "https://cdn.dummyjson.com/products/images/smartphones/Samsung%20Galaxy%20S8/2.png",
                "https://cdn.dummyjson.com/products/images/smartphones/Samsung%20Galaxy%20S8/3.png"
            ],
            "thumbnail": "https://cdn.dummyjson.com/products/images/smartphones/Samsung%20Galaxy%20S8/thumbnail.png"
        },
        {
            "id": 133,
            "title": "Samsung Galaxy S10",
            "description": "The Samsung Galaxy S10 is a flagship device featuring a dynamic AMOLED display, versatile camera system, and powerful performance. It represents innovation and excellence in smartphone technology.",
            "category": "smartphones",
            "price": 699.99,
            "discountPercentage": 0.97,
            "rating": 2.81,
            "stock": 40,
            "tags": [
                "smartphones",
                "samsung galaxy"
            ],
            "brand": "Samsung",
            "sku": "5GJFL98I",
            "weight": 3,
            "dimensions": {
                "width": 28.23,
                "height": 7.35,
                "depth": 10.68
            },
            "warrantyInformation": "1 month warranty",
            "shippingInformation": "Ships overnight",
            "availabilityStatus": "In Stock",
            "reviews": [
                {
                    "rating": 4,
                    "comment": "Great value for money!",
                    "date": "2024-05-23T08:56:21.625Z",
                    "reviewerName": "Grace Perry",
                    "reviewerEmail": "grace.perry@x.dummyjson.com"
                },
                {
                    "rating": 4,
                    "comment": "Highly impressed!",
                    "date": "2024-05-23T08:56:21.625Z",
                    "reviewerName": "Elijah Hill",
                    "reviewerEmail": "elijah.hill@x.dummyjson.com"
                },
                {
                    "rating": 4,
                    "comment": "Would buy again!",
                    "date": "2024-05-23T08:56:21.625Z",
                    "reviewerName": "Eleanor Tyler",
                    "reviewerEmail": "eleanor.tyler@x.dummyjson.com"
                }
            ],
            "returnPolicy": "No return policy",
            "minimumOrderQuantity": 1,
            "meta": {
                "createdAt": "2024-05-23T08:56:21.625Z",
                "updatedAt": "2024-05-23T08:56:21.625Z",
                "barcode": "0311929399881",
                "qrCode": "https://assets.dummyjson.com/public/qr-code.png"
            },
            "images": [
                "https://cdn.dummyjson.com/products/images/smartphones/Samsung%20Galaxy%20S10/1.png",
                "https://cdn.dummyjson.com/products/images/smartphones/Samsung%20Galaxy%20S10/2.png",
                "https://cdn.dummyjson.com/products/images/smartphones/Samsung%20Galaxy%20S10/3.png"
            ],
            "thumbnail": "https://cdn.dummyjson.com/products/images/smartphones/Samsung%20Galaxy%20S10/thumbnail.png"
        },
        {
            "id": 134,
            "title": "Vivo S1",
            "description": "The Vivo S1 is a stylish and mid-range smartphone offering a blend of design and performance. It features a vibrant display, capable camera system, and reliable functionality.",
            "category": "smartphones",
            "price": 249.99,
            "discountPercentage": 4.25,
            "rating": 2.83,
            "stock": 13,
            "tags": [
                "smartphones",
                "vivo"
            ],
            "brand": "Vivo",
            "sku": "BG6974E7",
            "weight": 1,
            "dimensions": {
                "width": 28.83,
                "height": 26.69,
                "depth": 23.12
            },
            "warrantyInformation": "1 week warranty",
            "shippingInformation": "Ships overnight",
            "availabilityStatus": "In Stock",
            "reviews": [
                {
                    "rating": 5,
                    "comment": "Very pleased!",
                    "date": "2024-05-23T08:56:21.625Z",
                    "reviewerName": "Alice Smith",
                    "reviewerEmail": "alice.smith@x.dummyjson.com"
                },
                {
                    "rating": 5,
                    "comment": "Great value for money!",
                    "date": "2024-05-23T08:56:21.625Z",
                    "reviewerName": "Harper Kelly",
                    "reviewerEmail": "harper.kelly@x.dummyjson.com"
                },
                {
                    "rating": 5,
                    "comment": "Great product!",
                    "date": "2024-05-23T08:56:21.625Z",
                    "reviewerName": "Lillian Simmons",
                    "reviewerEmail": "lillian.simmons@x.dummyjson.com"
                }
            ],
            "returnPolicy": "7 days return policy",
            "minimumOrderQuantity": 3,
            "meta": {
                "createdAt": "2024-05-23T08:56:21.625Z",
                "updatedAt": "2024-05-23T08:56:21.625Z",
                "barcode": "4070349673041",
                "qrCode": "https://assets.dummyjson.com/public/qr-code.png"
            },
            "images": [
                "https://cdn.dummyjson.com/products/images/smartphones/Vivo%20S1/1.png",
                "https://cdn.dummyjson.com/products/images/smartphones/Vivo%20S1/2.png",
                "https://cdn.dummyjson.com/products/images/smartphones/Vivo%20S1/3.png"
            ],
            "thumbnail": "https://cdn.dummyjson.com/products/images/smartphones/Vivo%20S1/thumbnail.png"
        },
        {
            "id": 135,
            "title": "Vivo V9",
            "description": "The Vivo V9 is a smartphone known for its sleek design and emphasis on capturing high-quality selfies. It features a notch display, dual-camera setup, and a modern design.",
            "category": "smartphones",
            "price": 299.99,
            "discountPercentage": 14.57,
            "rating": 3.1,
            "stock": 19,
            "tags": [
                "smartphones",
                "vivo"
            ],
            "brand": "Vivo",
            "sku": "N9WFE2WH",
            "weight": 5,
            "dimensions": {
                "width": 27.29,
                "height": 9.73,
                "depth": 14.79
            },
            "warrantyInformation": "1 week warranty",
            "shippingInformation": "Ships overnight",
            "availabilityStatus": "In Stock",
            "reviews": [
                {
                    "rating": 3,
                    "comment": "Would not recommend!",
                    "date": "2024-05-23T08:56:21.625Z",
                    "reviewerName": "Elijah Stewart",
                    "reviewerEmail": "elijah.stewart@x.dummyjson.com"
                },
                {
                    "rating": 4,
                    "comment": "Great product!",
                    "date": "2024-05-23T08:56:21.625Z",
                    "reviewerName": "Aria Roberts",
                    "reviewerEmail": "aria.roberts@x.dummyjson.com"
                },
                {
                    "rating": 4,
                    "comment": "Very happy with my purchase!",
                    "date": "2024-05-23T08:56:21.625Z",
                    "reviewerName": "Hannah Howard",
                    "reviewerEmail": "hannah.howard@x.dummyjson.com"
                }
            ],
            "returnPolicy": "No return policy",
            "minimumOrderQuantity": 2,
            "meta": {
                "createdAt": "2024-05-23T08:56:21.625Z",
                "updatedAt": "2024-05-23T08:56:21.625Z",
                "barcode": "1506104702332",
                "qrCode": "https://assets.dummyjson.com/public/qr-code.png"
            },
            "images": [
                "https://cdn.dummyjson.com/products/images/smartphones/Vivo%20V9/1.png",
                "https://cdn.dummyjson.com/products/images/smartphones/Vivo%20V9/2.png",
                "https://cdn.dummyjson.com/products/images/smartphones/Vivo%20V9/3.png"
            ],
            "thumbnail": "https://cdn.dummyjson.com/products/images/smartphones/Vivo%20V9/thumbnail.png"
        },
        {
            "id": 136,
            "title": "Vivo X21",
            "description": "The Vivo X21 is a premium smartphone with a focus on cutting-edge technology. It features an in-display fingerprint sensor, a high-resolution display, and advanced camera capabilities.",
            "category": "smartphones",
            "price": 499.99,
            "discountPercentage": 7.32,
            "rating": 2.75,
            "stock": 0,
            "tags": [
                "smartphones",
                "vivo"
            ],
            "brand": "Vivo",
            "sku": "KSF00BOC",
            "weight": 7,
            "dimensions": {
                "width": 5.72,
                "height": 16.47,
                "depth": 27.76
            },
            "warrantyInformation": "1 week warranty",
            "shippingInformation": "Ships overnight",
            "availabilityStatus": "Out of Stock",
            "reviews": [
                {
                    "rating": 5,
                    "comment": "Highly recommended!",
                    "date": "2024-05-23T08:56:21.625Z",
                    "reviewerName": "Logan Lee",
                    "reviewerEmail": "logan.lee@x.dummyjson.com"
                },
                {
                    "rating": 5,
                    "comment": "Highly recommended!",
                    "date": "2024-05-23T08:56:21.625Z",
                    "reviewerName": "Nolan Gonzalez",
                    "reviewerEmail": "nolan.gonzalez@x.dummyjson.com"
                },
                {
                    "rating": 4,
                    "comment": "Fast shipping!",
                    "date": "2024-05-23T08:56:21.625Z",
                    "reviewerName": "Bella Grant",
                    "reviewerEmail": "bella.grant@x.dummyjson.com"
                }
            ],
            "returnPolicy": "30 days return policy",
            "minimumOrderQuantity": 4,
            "meta": {
                "createdAt": "2024-05-23T08:56:21.625Z",
                "updatedAt": "2024-05-23T08:56:21.625Z",
                "barcode": "2543504494043",
                "qrCode": "https://assets.dummyjson.com/public/qr-code.png"
            },
            "images": [
                "https://cdn.dummyjson.com/products/images/smartphones/Vivo%20X21/1.png",
                "https://cdn.dummyjson.com/products/images/smartphones/Vivo%20X21/2.png",
                "https://cdn.dummyjson.com/products/images/smartphones/Vivo%20X21/3.png"
            ],
            "thumbnail": "https://cdn.dummyjson.com/products/images/smartphones/Vivo%20X21/thumbnail.png"
        }
    ],
    "total": 16,
    "skip": 0,
    "limit": 16
}
]]></system-out>
  </testcase>
  <testcase name="getProductsCategoryList" classname="apitesting_restassured.Testsuite" time="0.803">
    <system-out><![CDATA[HTTP/1.1 200 OK
Server: Cowboy
Report-To: {"group":"heroku-nel","max_age":3600,"endpoints":[{"url":"https://nel.heroku.com/reports?ts=1721450480&sid=e11707d5-02a7-43ef-b45e-2cf4d2036f7d&s=4NX%2Fmf0UMPxUBofF9cLQcVM%2BCg8gn36KKZcYnObLsC0%3D"}]}
Reporting-Endpoints: heroku-nel=https://nel.heroku.com/reports?ts=1721450480&sid=e11707d5-02a7-43ef-b45e-2cf4d2036f7d&s=4NX%2Fmf0UMPxUBofF9cLQcVM%2BCg8gn36KKZcYnObLsC0%3D
Nel: {"report_to":"heroku-nel","max_age":3600,"success_fraction":0.005,"failure_fraction":0.05,"response_headers":["Via"]}
Connection: keep-alive
Access-Control-Allow-Origin: *
X-Dns-Prefetch-Control: off
X-Frame-Options: SAMEORIGIN
Strict-Transport-Security: max-age=15552000; includeSubDomains
X-Download-Options: noopen
X-Content-Type-Options: nosniff
X-Xss-Protection: 1; mode=block
X-Ratelimit-Limit: 100
X-Ratelimit-Remaining: 95
Date: Sat, 20 Jul 2024 04:41:20 GMT
X-Ratelimit-Reset: 1721450487
Content-Type: application/json; charset=utf-8
Content-Length: 342
Etag: W/"156-8GSmapwnkZIOOiVZRKE52oLajsg"
Vary: Accept-Encoding
Via: 1.1 vegur

[
    "beauty",
    "fragrances",
    "furniture",
    "groceries",
    "home-decoration",
    "kitchen-accessories",
    "laptops",
    "mens-shirts",
    "mens-shoes",
    "mens-watches",
    "mobile-accessories",
    "motorcycle",
    "skin-care",
    "smartphones",
    "sports-accessories",
    "sunglasses",
    "tablets",
    "tops",
    "vehicle",
    "womens-bags",
    "womens-dresses",
    "womens-jewellery",
    "womens-shoes",
    "womens-watches"
]
]]></system-out>
  </testcase>
  <testcase name="limitAndSkipProducts" classname="apitesting_restassured.Testsuite" time="0.871">
    <system-out><![CDATA[HTTP/1.1 200 OK
Server: Cowboy
Report-To: {"group":"heroku-nel","max_age":3600,"endpoints":[{"url":"https://nel.heroku.com/reports?ts=1721450481&sid=e11707d5-02a7-43ef-b45e-2cf4d2036f7d&s=qA89FiW77qnnz6mllvQm3HbdQ6RTJadEfr0At0TkocY%3D"}]}
Reporting-Endpoints: heroku-nel=https://nel.heroku.com/reports?ts=1721450481&sid=e11707d5-02a7-43ef-b45e-2cf4d2036f7d&s=qA89FiW77qnnz6mllvQm3HbdQ6RTJadEfr0At0TkocY%3D
Nel: {"report_to":"heroku-nel","max_age":3600,"success_fraction":0.005,"failure_fraction":0.05,"response_headers":["Via"]}
Connection: keep-alive
Access-Control-Allow-Origin: *
X-Dns-Prefetch-Control: off
X-Frame-Options: SAMEORIGIN
Strict-Transport-Security: max-age=15552000; includeSubDomains
X-Download-Options: noopen
X-Content-Type-Options: nosniff
X-Xss-Protection: 1; mode=block
X-Ratelimit-Limit: 100
X-Ratelimit-Remaining: 94
Date: Sat, 20 Jul 2024 04:41:21 GMT
X-Ratelimit-Reset: 1721450487
Content-Type: application/json; charset=utf-8
Content-Length: 588
Etag: W/"24c-Ixzqnac0wdL7dYxmEYVxYgj0DEw"
Vary: Accept-Encoding
Via: 1.1 vegur

{
    "products": [
        {
            "id": 11,
            "title": "Annibale Colombo Bed",
            "price": 1899.99
        },
        {
            "id": 12,
            "title": "Annibale Colombo Sofa",
            "price": 2499.99
        },
        {
            "id": 13,
            "title": "Bedside Table African Cherry",
            "price": 299.99
        },
        {
            "id": 14,
            "title": "Knoll Saarinen Executive Conference Chair",
            "price": 499.99
        },
        {
            "id": 15,
            "title": "Wooden Bathroom Sink With Mirror",
            "price": 799.99
        },
        {
            "id": 16,
            "title": "Apple",
            "price": 1.99
        },
        {
            "id": 17,
            "title": "Beef Steak",
            "price": 12.99
        },
        {
            "id": 18,
            "title": "Cat Food",
            "price": 8.99
        },
        {
            "id": 19,
            "title": "Chicken Meat",
            "price": 9.99
        },
        {
            "id": 20,
            "title": "Cooking Oil",
            "price": 4.99
        }
    ],
    "total": 194,
    "skip": 10,
    "limit": 10
}
]]></system-out>
  </testcase>
  <testcase name="searchProducts" classname="apitesting_restassured.Testsuite" time="0.924">
    <system-out><![CDATA[HTTP/1.1 200 OK
Server: Cowboy
Report-To: {"group":"heroku-nel","max_age":3600,"endpoints":[{"url":"https://nel.heroku.com/reports?ts=1721450482&sid=e11707d5-02a7-43ef-b45e-2cf4d2036f7d&s=%2Bset7%2B1N9wU1DVomVITGVsyLA2jvOaT5cTX%2FaYXzRfE%3D"}]}
Reporting-Endpoints: heroku-nel=https://nel.heroku.com/reports?ts=1721450482&sid=e11707d5-02a7-43ef-b45e-2cf4d2036f7d&s=%2Bset7%2B1N9wU1DVomVITGVsyLA2jvOaT5cTX%2FaYXzRfE%3D
Nel: {"report_to":"heroku-nel","max_age":3600,"success_fraction":0.005,"failure_fraction":0.05,"response_headers":["Via"]}
Connection: keep-alive
Access-Control-Allow-Origin: *
X-Dns-Prefetch-Control: off
X-Frame-Options: SAMEORIGIN
Strict-Transport-Security: max-age=15552000; includeSubDomains
X-Download-Options: noopen
X-Content-Type-Options: nosniff
X-Xss-Protection: 1; mode=block
X-Ratelimit-Limit: 100
X-Ratelimit-Remaining: 93
Date: Sat, 20 Jul 2024 04:41:22 GMT
X-Ratelimit-Reset: 1721450487
Content-Type: application/json; charset=utf-8
Etag: W/"926e-Te5s6eRrh2BfNKZ9N2JyN2eqO7M"
Vary: Accept-Encoding
Content-Encoding: gzip
Transfer-Encoding: chunked
Via: 1.1 vegur

{
    "products": [
        {
            "id": 101,
            "title": "Apple AirPods Max Silver",
            "description": "The Apple AirPods Max in Silver are premium over-ear headphones with high-fidelity audio, adaptive EQ, and active noise cancellation. Experience immersive sound in style.",
            "category": "mobile-accessories",
            "price": 549.99,
            "discountPercentage": 11.7,
            "rating": 3.11,
            "stock": 7,
            "tags": [
                "electronics",
                "over-ear headphones"
            ],
            "brand": "Apple",
            "sku": "HPK82VDE",
            "weight": 4,
            "dimensions": {
                "width": 7.73,
                "height": 18.36,
                "depth": 17.87
            },
            "warrantyInformation": "3 months warranty",
            "shippingInformation": "Ships in 1 month",
            "availabilityStatus": "In Stock",
            "reviews": [
                {
                    "rating": 1,
                    "comment": "Waste of money!",
                    "date": "2024-05-23T08:56:21.624Z",
                    "reviewerName": "Harper Kelly",
                    "reviewerEmail": "harper.kelly@x.dummyjson.com"
                },
                {
                    "rating": 3,
                    "comment": "Not as described!",
                    "date": "2024-05-23T08:56:21.624Z",
                    "reviewerName": "Abigail Rivera",
                    "reviewerEmail": "abigail.rivera@x.dummyjson.com"
                },
                {
                    "rating": 5,
                    "comment": "Excellent quality!",
                    "date": "2024-05-23T08:56:21.624Z",
                    "reviewerName": "Nora Russell",
                    "reviewerEmail": "nora.russell@x.dummyjson.com"
                }
            ],
            "returnPolicy": "90 days return policy",
            "minimumOrderQuantity": 2,
            "meta": {
                "createdAt": "2024-05-23T08:56:21.624Z",
                "updatedAt": "2024-05-23T08:56:21.624Z",
                "barcode": "9261269777547",
                "qrCode": "https://assets.dummyjson.com/public/qr-code.png"
            },
            "images": [
                "https://cdn.dummyjson.com/products/images/mobile-accessories/Apple%20AirPods%20Max%20Silver/1.png"
            ],
            "thumbnail": "https://cdn.dummyjson.com/products/images/mobile-accessories/Apple%20AirPods%20Max%20Silver/thumbnail.png"
        },
        {
            "id": 104,
            "title": "Apple iPhone Charger",
            "description": "The Apple iPhone Charger is a high-quality charger designed for fast and efficient charging of your iPhone. Ensure your device stays powered up and ready to go.",
            "category": "mobile-accessories",
            "price": 19.99,
            "discountPercentage": 1.01,
            "rating": 3.03,
            "stock": 4,
            "tags": [
                "electronics",
                "chargers"
            ],
            "brand": "Apple",
            "sku": "YAA6EHI7",
            "weight": 5,
            "dimensions": {
                "width": 28.77,
                "height": 25.05,
                "depth": 29.55
            },
            "warrantyInformation": "2 year warranty",
            "shippingInformation": "Ships in 1 week",
            "availabilityStatus": "Low Stock",
            "reviews": [
                {
                    "rating": 5,
                    "comment": "Very satisfied!",
                    "date": "2024-05-23T08:56:21.624Z",
                    "reviewerName": "Emily Johnson",
                    "reviewerEmail": "emily.johnson@x.dummyjson.com"
                },
                {
                    "rating": 4,
                    "comment": "Very pleased!",
                    "date": "2024-05-23T08:56:21.624Z",
                    "reviewerName": "Charlotte Lopez",
                    "reviewerEmail": "charlotte.lopez@x.dummyjson.com"
                },
                {
                    "rating": 5,
                    "comment": "Highly recommended!",
                    "date": "2024-05-23T08:56:21.624Z",
                    "reviewerName": "Cameron Perez",
                    "reviewerEmail": "cameron.perez@x.dummyjson.com"
                }
            ],
            "returnPolicy": "60 days return policy",
            "minimumOrderQuantity": 43,
            "meta": {
                "createdAt": "2024-05-23T08:56:21.624Z",
                "updatedAt": "2024-05-23T08:56:21.624Z",
                "barcode": "9483427398580",
                "qrCode": "https://assets.dummyjson.com/public/qr-code.png"
            },
            "images": [
                "https://cdn.dummyjson.com/products/images/mobile-accessories/Apple%20iPhone%20Charger/1.png",
                "https://cdn.dummyjson.com/products/images/mobile-accessories/Apple%20iPhone%20Charger/2.png"
            ],
            "thumbnail": "https://cdn.dummyjson.com/products/images/mobile-accessories/Apple%20iPhone%20Charger/thumbnail.png"
        },
        {
            "id": 105,
            "title": "Apple MagSafe Battery Pack",
            "description": "The Apple MagSafe Battery Pack is a portable and convenient way to add extra battery life to your MagSafe-compatible iPhone. Attach it magnetically for a secure connection.",
            "category": "mobile-accessories",
            "price": 99.99,
            "discountPercentage": 10.27,
            "rating": 2.61,
            "stock": 80,
            "tags": [
                "electronics",
                "power banks"
            ],
            "brand": "Apple",
            "sku": "XNFJURL7",
            "weight": 6,
            "dimensions": {
                "width": 21.61,
                "height": 7.98,
                "depth": 9.32
            },
            "warrantyInformation": "3 year warranty",
            "shippingInformation": "Ships in 3-5 business days",
            "availabilityStatus": "In Stock",
            "reviews": [
                {
                    "rating": 5,
                    "comment": "Very pleased!",
                    "date": "2024-05-23T08:56:21.624Z",
                    "reviewerName": "Hazel Gardner",
                    "reviewerEmail": "hazel.gardner@x.dummyjson.com"
                },
                {
                    "rating": 5,
                    "comment": "Very satisfied!",
                    "date": "2024-05-23T08:56:21.624Z",
                    "reviewerName": "Aurora Rodriguez",
                    "reviewerEmail": "aurora.rodriguez@x.dummyjson.com"
                },
                {
                    "rating": 5,
                    "comment": "Very pleased!",
                    "date": "2024-05-23T08:56:21.624Z",
                    "reviewerName": "Victoria McDonald",
                    "reviewerEmail": "victoria.mcdonald@x.dummyjson.com"
                }
            ],
            "returnPolicy": "No return policy",
            "minimumOrderQuantity": 4,
            "meta": {
                "createdAt": "2024-05-23T08:56:21.624Z",
                "updatedAt": "2024-05-23T08:56:21.624Z",
                "barcode": "1850091228580",
                "qrCode": "https://assets.dummyjson.com/public/qr-code.png"
            },
            "images": [
                "https://cdn.dummyjson.com/products/images/mobile-accessories/Apple%20MagSafe%20Battery%20Pack/1.png",
                "https://cdn.dummyjson.com/products/images/mobile-accessories/Apple%20MagSafe%20Battery%20Pack/2.png"
            ],
            "thumbnail": "https://cdn.dummyjson.com/products/images/mobile-accessories/Apple%20MagSafe%20Battery%20Pack/thumbnail.png"
        },
        {
            "id": 107,
            "title": "Beats Flex Wireless Earphones",
            "description": "The Beats Flex Wireless Earphones offer a comfortable and versatile audio experience. With magnetic earbuds and up to 12 hours of battery life, they are ideal for everyday use.",
            "category": "mobile-accessories",
            "price": 49.99,
            "discountPercentage": 8.27,
            "rating": 4.17,
            "stock": 49,
            "tags": [
                "electronics",
                "wireless earphones"
            ],
            "brand": "Beats",
            "sku": "7N15J2UK",
            "weight": 6,
            "dimensions": {
                "width": 23.49,
                "height": 15.22,
                "depth": 20.05
            },
            "warrantyInformation": "1 week warranty",
            "shippingInformation": "Ships overnight",
            "availabilityStatus": "In Stock",
            "reviews": [
                {
                    "rating": 5,
                    "comment": "Very satisfied!",
                    "date": "2024-05-23T08:56:21.624Z",
                    "reviewerName": "Hannah Robinson",
                    "reviewerEmail": "hannah.robinson@x.dummyjson.com"
                },
                {
                    "rating": 4,
                    "comment": "Awesome product!",
                    "date": "2024-05-23T08:56:21.624Z",
                    "reviewerName": "Grace Perry",
                    "reviewerEmail": "grace.perry@x.dummyjson.com"
                },
                {
                    "rating": 5,
                    "comment": "Very satisfied!",
                    "date": "2024-05-23T08:56:21.624Z",
                    "reviewerName": "Grayson Coleman",
                    "reviewerEmail": "grayson.coleman@x.dummyjson.com"
                }
            ],
            "returnPolicy": "7 days return policy",
            "minimumOrderQuantity": 19,
            "meta": {
                "createdAt": "2024-05-23T08:56:21.624Z",
                "updatedAt": "2024-05-23T08:56:21.624Z",
                "barcode": "4068884711976",
                "qrCode": "https://assets.dummyjson.com/public/qr-code.png"
            },
            "images": [
                "https://cdn.dummyjson.com/products/images/mobile-accessories/Beats%20Flex%20Wireless%20Earphones/1.png"
            ],
            "thumbnail": "https://cdn.dummyjson.com/products/images/mobile-accessories/Beats%20Flex%20Wireless%20Earphones/thumbnail.png"
        },
        {
            "id": 108,
            "title": "iPhone 12 Silicone Case with MagSafe Plum",
            "description": "The iPhone 12 Silicone Case with MagSafe in Plum is a stylish and protective case designed for the iPhone 12. It features MagSafe technology for easy attachment of accessories.",
            "category": "mobile-accessories",
            "price": 29.99,
            "discountPercentage": 14.35,
            "rating": 4.41,
            "stock": 51,
            "tags": [
                "electronics",
                "phone accessories"
            ],
            "brand": "Apple",
            "sku": "3UHE8VLA",
            "weight": 5,
            "dimensions": {
                "width": 6.32,
                "height": 23.37,
                "depth": 21.62
            },
            "warrantyInformation": "1 year warranty",
            "shippingInformation": "Ships in 1 month",
            "availabilityStatus": "In Stock",
            "reviews": [
                {
                    "rating": 1,
                    "comment": "Very disappointed!",
                    "date": "2024-05-23T08:56:21.624Z",
                    "reviewerName": "Isaac Lawrence",
                    "reviewerEmail": "isaac.lawrence@x.dummyjson.com"
                },
                {
                    "rating": 1,
                    "comment": "Would not recommend!",
                    "date": "2024-05-23T08:56:21.624Z",
                    "reviewerName": "Emily Johnson",
                    "reviewerEmail": "emily.johnson@x.dummyjson.com"
                },
                {
                    "rating": 4,
                    "comment": "Highly recommended!",
                    "date": "2024-05-23T08:56:21.624Z",
                    "reviewerName": "Mateo Bennett",
                    "reviewerEmail": "mateo.bennett@x.dummyjson.com"
                }
            ],
            "returnPolicy": "30 days return policy",
            "minimumOrderQuantity": 19,
            "meta": {
                "createdAt": "2024-05-23T08:56:21.624Z",
                "updatedAt": "2024-05-23T08:56:21.624Z",
                "barcode": "4106912332105",
                "qrCode": "https://assets.dummyjson.com/public/qr-code.png"
            },
            "images": [
                "https://cdn.dummyjson.com/products/images/mobile-accessories/iPhone%2012%20Silicone%20Case%20with%20MagSafe%20Plum/1.png",
                "https://cdn.dummyjson.com/products/images/mobile-accessories/iPhone%2012%20Silicone%20Case%20with%20MagSafe%20Plum/2.png",
                "https://cdn.dummyjson.com/products/images/mobile-accessories/iPhone%2012%20Silicone%20Case%20with%20MagSafe%20Plum/3.png",
                "https://cdn.dummyjson.com/products/images/mobile-accessories/iPhone%2012%20Silicone%20Case%20with%20MagSafe%20Plum/4.png"
            ],
            "thumbnail": "https://cdn.dummyjson.com/products/images/mobile-accessories/iPhone%2012%20Silicone%20Case%20with%20MagSafe%20Plum/thumbnail.png"
        },
        {
            "id": 110,
            "title": "Selfie Lamp with iPhone",
            "description": "The Selfie Lamp with iPhone is a portable and adjustable LED light designed to enhance your selfies and video calls. Attach it to your iPhone for well-lit photos.",
            "category": "mobile-accessories",
            "price": 14.99,
            "discountPercentage": 13.86,
            "rating": 2.84,
            "stock": 89,
            "tags": [
                "electronics",
                "selfie accessories"
            ],
            "brand": "GadgetMaster",
            "sku": "2VZ1ZNMO",
            "weight": 7,
            "dimensions": {
                "width": 13.38,
                "height": 26.33,
                "depth": 22.71
            },
            "warrantyInformation": "1 week warranty",
            "shippingInformation": "Ships in 1 week",
            "availabilityStatus": "In Stock",
            "reviews": [
                {
                    "rating": 5,
                    "comment": "Very happy with my purchase!",
                    "date": "2024-05-23T08:56:21.624Z",
                    "reviewerName": "Hannah Howard",
                    "reviewerEmail": "hannah.howard@x.dummyjson.com"
                },
                {
                    "rating": 5,
                    "comment": "Excellent quality!",
                    "date": "2024-05-23T08:56:21.624Z",
                    "reviewerName": "William Gonzalez",
                    "reviewerEmail": "william.gonzalez@x.dummyjson.com"
                },
                {
                    "rating": 3,
                    "comment": "Would not buy again!",
                    "date": "2024-05-23T08:56:21.624Z",
                    "reviewerName": "Amelia Perez",
                    "reviewerEmail": "amelia.perez@x.dummyjson.com"
                }
            ],
            "returnPolicy": "90 days return policy",
            "minimumOrderQuantity": 4,
            "meta": {
                "createdAt": "2024-05-23T08:56:21.624Z",
                "updatedAt": "2024-05-23T08:56:21.624Z",
                "barcode": "6205123036707",
                "qrCode": "https://assets.dummyjson.com/public/qr-code.png"
            },
            "images": [
                "https://cdn.dummyjson.com/products/images/mobile-accessories/Selfie%20Lamp%20with%20iPhone/1.png"
            ],
            "thumbnail": "https://cdn.dummyjson.com/products/images/mobile-accessories/Selfie%20Lamp%20with%20iPhone/thumbnail.png"
        },
        {
            "id": 111,
            "title": "Selfie Stick Monopod",
            "description": "The Selfie Stick Monopod is a extendable and foldable device for capturing the perfect selfie or group photo. Compatible with smartphones and cameras.",
            "category": "mobile-accessories",
            "price": 12.99,
            "discountPercentage": 15.29,
            "rating": 2.93,
            "stock": 33,
            "tags": [
                "electronics",
                "selfie accessories"
            ],
            "brand": "SnapTech",
            "sku": "9T6WSF1E",
            "weight": 7,
            "dimensions": {
                "width": 6.11,
                "height": 27.92,
                "depth": 23.63
            },
            "warrantyInformation": "3 year warranty",
            "shippingInformation": "Ships overnight",
            "availabilityStatus": "In Stock",
            "reviews": [
                {
                    "rating": 5,
                    "comment": "Great product!",
                    "date": "2024-05-23T08:56:21.624Z",
                    "reviewerName": "Aaron Cook",
                    "reviewerEmail": "aaron.cook@x.dummyjson.com"
                },
                {
                    "rating": 4,
                    "comment": "Very happy with my purchase!",
                    "date": "2024-05-23T08:56:21.624Z",
                    "reviewerName": "Emma Wilson",
                    "reviewerEmail": "emma.wilson@x.dummyjson.com"
                },
                {
                    "rating": 1,
                    "comment": "Would not recommend!",
                    "date": "2024-05-23T08:56:21.624Z",
                    "reviewerName": "Mia Miller",
                    "reviewerEmail": "mia.miller@x.dummyjson.com"
                }
            ],
            "returnPolicy": "60 days return policy",
            "minimumOrderQuantity": 10,
            "meta": {
                "createdAt": "2024-05-23T08:56:21.624Z",
                "updatedAt": "2024-05-23T08:56:21.624Z",
                "barcode": "2854098561118",
                "qrCode": "https://assets.dummyjson.com/public/qr-code.png"
            },
            "images": [
                "https://cdn.dummyjson.com/products/images/mobile-accessories/Selfie%20Stick%20Monopod/1.png"
            ],
            "thumbnail": "https://cdn.dummyjson.com/products/images/mobile-accessories/Selfie%20Stick%20Monopod/thumbnail.png"
        },
        {
            "id": 121,
            "title": "iPhone 5s",
            "description": "The iPhone 5s is a classic smartphone known for its compact design and advanced features during its release. While it's an older model, it still provides a reliable user experience.",
            "category": "smartphones",
            "price": 199.99,
            "discountPercentage": 11.85,
            "rating": 3.92,
            "stock": 65,
            "tags": [
                "smartphones",
                "apple"
            ],
            "brand": "Apple",
            "sku": "AZ1L68SM",
            "weight": 4,
            "dimensions": {
                "width": 8.49,
                "height": 25.34,
                "depth": 18.12
            },
            "warrantyInformation": "1 week warranty",
            "shippingInformation": "Ships in 1 week",
            "availabilityStatus": "In Stock",
            "reviews": [
                {
                    "rating": 4,
                    "comment": "Highly impressed!",
                    "date": "2024-05-23T08:56:21.625Z",
                    "reviewerName": "Wyatt Perry",
                    "reviewerEmail": "wyatt.perry@x.dummyjson.com"
                },
                {
                    "rating": 5,
                    "comment": "Awesome product!",
                    "date": "2024-05-23T08:56:21.625Z",
                    "reviewerName": "Olivia Anderson",
                    "reviewerEmail": "olivia.anderson@x.dummyjson.com"
                },
                {
                    "rating": 4,
                    "comment": "Highly recommended!",
                    "date": "2024-05-23T08:56:21.625Z",
                    "reviewerName": "Mateo Nguyen",
                    "reviewerEmail": "mateo.nguyen@x.dummyjson.com"
                }
            ],
            "returnPolicy": "No return policy",
            "minimumOrderQuantity": 2,
            "meta": {
                "createdAt": "2024-05-23T08:56:21.625Z",
                "updatedAt": "2024-05-23T08:56:21.625Z",
                "barcode": "2903942810911",
                "qrCode": "https://assets.dummyjson.com/public/qr-code.png"
            },
            "images": [
                "https://cdn.dummyjson.com/products/images/smartphones/iPhone%205s/1.png",
                "https://cdn.dummyjson.com/products/images/smartphones/iPhone%205s/2.png",
                "https://cdn.dummyjson.com/products/images/smartphones/iPhone%205s/3.png"
            ],
            "thumbnail": "https://cdn.dummyjson.com/products/images/smartphones/iPhone%205s/thumbnail.png"
        },
        {
            "id": 122,
            "title": "iPhone 6",
            "description": "The iPhone 6 is a stylish and capable smartphone with a larger display and improved performance. It introduced new features and design elements, making it a popular choice in its time.",
            "category": "smartphones",
            "price": 299.99,
            "discountPercentage": 4.54,
            "rating": 3.76,
            "stock": 99,
            "tags": [
                "smartphones",
                "apple"
            ],
            "brand": "Apple",
            "sku": "ZPXH3X9J",
            "weight": 8,
            "dimensions": {
                "width": 16.21,
                "height": 22.94,
                "depth": 5.63
            },
            "warrantyInformation": "3 year warranty",
            "shippingInformation": "Ships overnight",
            "availabilityStatus": "In Stock",
            "reviews": [
                {
                    "rating": 5,
                    "comment": "Would buy again!",
                    "date": "2024-05-23T08:56:21.625Z",
                    "reviewerName": "Nicholas Bailey",
                    "reviewerEmail": "nicholas.bailey@x.dummyjson.com"
                },
                {
                    "rating": 5,
                    "comment": "Great product!",
                    "date": "2024-05-23T08:56:21.625Z",
                    "reviewerName": "Clara Berry",
                    "reviewerEmail": "clara.berry@x.dummyjson.com"
                },
                {
                    "rating": 3,
                    "comment": "Not as described!",
                    "date": "2024-05-23T08:56:21.625Z",
                    "reviewerName": "Gavin Stanley",
                    "reviewerEmail": "gavin.stanley@x.dummyjson.com"
                }
            ],
            "returnPolicy": "60 days return policy",
            "minimumOrderQuantity": 3,
            "meta": {
                "createdAt": "2024-05-23T08:56:21.625Z",
                "updatedAt": "2024-05-23T08:56:21.625Z",
                "barcode": "2517230562429",
                "qrCode": "https://assets.dummyjson.com/public/qr-code.png"
            },
            "images": [
                "https://cdn.dummyjson.com/products/images/smartphones/iPhone%206/1.png",
                "https://cdn.dummyjson.com/products/images/smartphones/iPhone%206/2.png",
                "https://cdn.dummyjson.com/products/images/smartphones/iPhone%206/3.png"
            ],
            "thumbnail": "https://cdn.dummyjson.com/products/images/smartphones/iPhone%206/thumbnail.png"
        },
        {
            "id": 123,
            "title": "iPhone 13 Pro",
            "description": "The iPhone 13 Pro is a cutting-edge smartphone with a powerful camera system, high-performance chip, and stunning display. It offers advanced features for users who demand top-notch technology.",
            "category": "smartphones",
            "price": 1099.99,
            "discountPercentage": 18.3,
            "rating": 3.42,
            "stock": 26,
            "tags": [
                "smartphones",
                "apple"
            ],
            "brand": "Apple",
            "sku": "YGQKHPGK",
            "weight": 8,
            "dimensions": {
                "width": 22.39,
                "height": 9.77,
                "depth": 19.6
            },
            "warrantyInformation": "1 year warranty",
            "shippingInformation": "Ships in 2 weeks",
            "availabilityStatus": "In Stock",
            "reviews": [
                {
                    "rating": 5,
                    "comment": "Highly impressed!",
                    "date": "2024-05-23T08:56:21.625Z",
                    "reviewerName": "Aria Roberts",
                    "reviewerEmail": "aria.roberts@x.dummyjson.com"
                },
                {
                    "rating": 4,
                    "comment": "Great product!",
                    "date": "2024-05-23T08:56:21.625Z",
                    "reviewerName": "Ryan Graham",
                    "reviewerEmail": "ryan.graham@x.dummyjson.com"
                },
                {
                    "rating": 2,
                    "comment": "Poor quality!",
                    "date": "2024-05-23T08:56:21.625Z",
                    "reviewerName": "Mason Wright",
                    "reviewerEmail": "mason.wright@x.dummyjson.com"
                }
            ],
            "returnPolicy": "7 days return policy",
            "minimumOrderQuantity": 1,
            "meta": {
                "createdAt": "2024-05-23T08:56:21.625Z",
                "updatedAt": "2024-05-23T08:56:21.625Z",
                "barcode": "2986724589988",
                "qrCode": "https://assets.dummyjson.com/public/qr-code.png"
            },
            "images": [
                "https://cdn.dummyjson.com/products/images/smartphones/iPhone%2013%20Pro/1.png",
                "https://cdn.dummyjson.com/products/images/smartphones/iPhone%2013%20Pro/2.png",
                "https://cdn.dummyjson.com/products/images/smartphones/iPhone%2013%20Pro/3.png"
            ],
            "thumbnail": "https://cdn.dummyjson.com/products/images/smartphones/iPhone%2013%20Pro/thumbnail.png"
        },
        {
            "id": 124,
            "title": "iPhone X",
            "description": "The iPhone X is a flagship smartphone featuring a bezel-less OLED display, facial recognition technology (Face ID), and impressive performance. It represents a milestone in iPhone design and innovation.",
            "category": "smartphones",
            "price": 899.99,
            "discountPercentage": 14.19,
            "rating": 4.96,
            "stock": 99,
            "tags": [
                "smartphones",
                "apple"
            ],
            "brand": "Apple",
            "sku": "9QN3UDUD",
            "weight": 10,
            "dimensions": {
                "width": 27.86,
                "height": 8.53,
                "depth": 17.07
            },
            "warrantyInformation": "3 months warranty",
            "shippingInformation": "Ships in 1 month",
            "availabilityStatus": "In Stock",
            "reviews": [
                {
                    "rating": 1,
                    "comment": "Very unhappy with my purchase!",
                    "date": "2024-05-23T08:56:21.625Z",
                    "reviewerName": "Eleanor Tyler",
                    "reviewerEmail": "eleanor.tyler@x.dummyjson.com"
                },
                {
                    "rating": 5,
                    "comment": "Very satisfied!",
                    "date": "2024-05-23T08:56:21.625Z",
                    "reviewerName": "Maya Reed",
                    "reviewerEmail": "maya.reed@x.dummyjson.com"
                },
                {
                    "rating": 4,
                    "comment": "Fast shipping!",
                    "date": "2024-05-23T08:56:21.625Z",
                    "reviewerName": "Elena Baker",
                    "reviewerEmail": "elena.baker@x.dummyjson.com"
                }
            ],
            "returnPolicy": "30 days return policy",
            "minimumOrderQuantity": 2,
            "meta": {
                "createdAt": "2024-05-23T08:56:21.625Z",
                "updatedAt": "2024-05-23T08:56:21.625Z",
                "barcode": "4331405454760",
                "qrCode": "https://assets.dummyjson.com/public/qr-code.png"
            },
            "images": [
                "https://cdn.dummyjson.com/products/images/smartphones/iPhone%20X/1.png",
                "https://cdn.dummyjson.com/products/images/smartphones/iPhone%20X/2.png",
                "https://cdn.dummyjson.com/products/images/smartphones/iPhone%20X/3.png"
            ],
            "thumbnail": "https://cdn.dummyjson.com/products/images/smartphones/iPhone%20X/thumbnail.png"
        },
        {
            "id": 125,
            "title": "Oppo A57",
            "description": "The Oppo A57 is a mid-range smartphone known for its sleek design and capable features. It offers a balance of performance and affordability, making it a popular choice.",
            "category": "smartphones",
            "price": 249.99,
            "discountPercentage": 12.17,
            "rating": 3.1,
            "stock": 76,
            "tags": [
                "smartphones",
                "oppo"
            ],
            "brand": "Oppo",
            "sku": "J1NO9ULG",
            "weight": 3,
            "dimensions": {
                "width": 29.52,
                "height": 11.25,
                "depth": 14.41
            },
            "warrantyInformation": "No warranty",
            "shippingInformation": "Ships in 1 month",
            "availabilityStatus": "In Stock",
            "reviews": [
                {
                    "rating": 2,
                    "comment": "Not worth the price!",
                    "date": "2024-05-23T08:56:21.625Z",
                    "reviewerName": "Owen Fisher",
                    "reviewerEmail": "owen.fisher@x.dummyjson.com"
                },
                {
                    "rating": 4,
                    "comment": "Fast shipping!",
                    "date": "2024-05-23T08:56:21.625Z",
                    "reviewerName": "Jack Ward",
                    "reviewerEmail": "jack.ward@x.dummyjson.com"
                },
                {
                    "rating": 2,
                    "comment": "Very dissatisfied!",
                    "date": "2024-05-23T08:56:21.625Z",
                    "reviewerName": "Nora Mills",
                    "reviewerEmail": "nora.mills@x.dummyjson.com"
                }
            ],
            "returnPolicy": "30 days return policy",
            "minimumOrderQuantity": 5,
            "meta": {
                "createdAt": "2024-05-23T08:56:21.625Z",
                "updatedAt": "2024-05-23T08:56:21.625Z",
                "barcode": "1743445108634",
                "qrCode": "https://assets.dummyjson.com/public/qr-code.png"
            },
            "images": [
                "https://cdn.dummyjson.com/products/images/smartphones/Oppo%20A57/1.png",
                "https://cdn.dummyjson.com/products/images/smartphones/Oppo%20A57/2.png",
                "https://cdn.dummyjson.com/products/images/smartphones/Oppo%20A57/3.png"
            ],
            "thumbnail": "https://cdn.dummyjson.com/products/images/smartphones/Oppo%20A57/thumbnail.png"
        },
        {
            "id": 126,
            "title": "Oppo F19 Pro Plus",
            "description": "The Oppo F19 Pro Plus is a feature-rich smartphone with a focus on camera capabilities. It boasts advanced photography features and a powerful performance for a premium user experience.",
            "category": "smartphones",
            "price": 399.99,
            "discountPercentage": 15.62,
            "rating": 2.57,
            "stock": 92,
            "tags": [
                "smartphones",
                "oppo"
            ],
            "brand": "Oppo",
            "sku": "H2TTGWXB",
            "weight": 2,
            "dimensions": {
                "width": 20.35,
                "height": 16.4,
                "depth": 13.31
            },
            "warrantyInformation": "3 year warranty",
            "shippingInformation": "Ships in 1-2 business days",
            "availabilityStatus": "In Stock",
            "reviews": [
                {
                    "rating": 4,
                    "comment": "Would buy again!",
                    "date": "2024-05-23T08:56:21.625Z",
                    "reviewerName": "Benjamin Foster",
                    "reviewerEmail": "benjamin.foster@x.dummyjson.com"
                },
                {
                    "rating": 5,
                    "comment": "Very pleased!",
                    "date": "2024-05-23T08:56:21.625Z",
                    "reviewerName": "Lillian Bishop",
                    "reviewerEmail": "lillian.bishop@x.dummyjson.com"
                },
                {
                    "rating": 3,
                    "comment": "Would not recommend!",
                    "date": "2024-05-23T08:56:21.625Z",
                    "reviewerName": "Harper Garcia",
                    "reviewerEmail": "harper.garcia@x.dummyjson.com"
                }
            ],
            "returnPolicy": "30 days return policy",
            "minimumOrderQuantity": 5,
            "meta": {
                "createdAt": "2024-05-23T08:56:21.625Z",
                "updatedAt": "2024-05-23T08:56:21.625Z",
                "barcode": "7451360954140",
                "qrCode": "https://assets.dummyjson.com/public/qr-code.png"
            },
            "images": [
                "https://cdn.dummyjson.com/products/images/smartphones/Oppo%20F19%20Pro%20Plus/1.png",
                "https://cdn.dummyjson.com/products/images/smartphones/Oppo%20F19%20Pro%20Plus/2.png",
                "https://cdn.dummyjson.com/products/images/smartphones/Oppo%20F19%20Pro%20Plus/3.png"
            ],
            "thumbnail": "https://cdn.dummyjson.com/products/images/smartphones/Oppo%20F19%20Pro%20Plus/thumbnail.png"
        },
        {
            "id": 127,
            "title": "Oppo K1",
            "description": "The Oppo K1 series offers a range of smartphones with various features and specifications. Known for their stylish design and reliable performance, the Oppo K1 series caters to diverse user preferences.",
            "category": "smartphones",
            "price": 299.99,
            "discountPercentage": 14.58,
            "rating": 3.39,
            "stock": 61,
            "tags": [
                "smartphones",
                "oppo"
            ],
            "brand": "Oppo",
            "sku": "ELZ94HM3",
            "weight": 2,
            "dimensions": {
                "width": 21.83,
                "height": 27.83,
                "depth": 27.47
            },
            "warrantyInformation": "2 year warranty",
            "shippingInformation": "Ships in 2 weeks",
            "availabilityStatus": "In Stock",
            "reviews": [
                {
                    "rating": 2,
                    "comment": "Would not buy again!",
                    "date": "2024-05-23T08:56:21.625Z",
                    "reviewerName": "Penelope Harper",
                    "reviewerEmail": "penelope.harper@x.dummyjson.com"
                },
                {
                    "rating": 4,
                    "comment": "Very satisfied!",
                    "date": "2024-05-23T08:56:21.625Z",
                    "reviewerName": "Nathan Reed",
                    "reviewerEmail": "nathan.reed@x.dummyjson.com"
                },
                {
                    "rating": 5,
                    "comment": "Very happy with my purchase!",
                    "date": "2024-05-23T08:56:21.625Z",
                    "reviewerName": "Madison Stewart",
                    "reviewerEmail": "madison.stewart@x.dummyjson.com"
                }
            ],
            "returnPolicy": "No return policy",
            "minimumOrderQuantity": 1,
            "meta": {
                "createdAt": "2024-05-23T08:56:21.625Z",
                "updatedAt": "2024-05-23T08:56:21.625Z",
                "barcode": "7535531820285",
                "qrCode": "https://assets.dummyjson.com/public/qr-code.png"
            },
            "images": [
                "https://cdn.dummyjson.com/products/images/smartphones/Oppo%20K1/1.png",
                "https://cdn.dummyjson.com/products/images/smartphones/Oppo%20K1/2.png",
                "https://cdn.dummyjson.com/products/images/smartphones/Oppo%20K1/3.png",
                "https://cdn.dummyjson.com/products/images/smartphones/Oppo%20K1/4.png"
            ],
            "thumbnail": "https://cdn.dummyjson.com/products/images/smartphones/Oppo%20K1/thumbnail.png"
        },
        {
            "id": 128,
            "title": "Realme C35",
            "description": "The Realme C35 is a budget-friendly smartphone with a focus on providing essential features for everyday use. It offers a reliable performance and user-friendly experience.",
            "category": "smartphones",
            "price": 149.99,
            "discountPercentage": 16.47,
            "rating": 2.56,
            "stock": 81,
            "tags": [
                "smartphones",
                "realme"
            ],
            "brand": "Realme",
            "sku": "25KENV7J",
            "weight": 6,
            "dimensions": {
                "width": 21.74,
                "height": 28.75,
                "depth": 22.22
            },
            "warrantyInformation": "Lifetime warranty",
            "shippingInformation": "Ships in 1 week",
            "availabilityStatus": "In Stock",
            "reviews": [
                {
                    "rating": 5,
                    "comment": "Very happy with my purchase!",
                    "date": "2024-05-23T08:56:21.625Z",
                    "reviewerName": "Ava Harrison",
                    "reviewerEmail": "ava.harrison@x.dummyjson.com"
                },
                {
                    "rating": 3,
                    "comment": "Waste of money!",
                    "date": "2024-05-23T08:56:21.625Z",
                    "reviewerName": "Sophia Brown",
                    "reviewerEmail": "sophia.brown@x.dummyjson.com"
                },
                {
                    "rating": 5,
                    "comment": "Great product!",
                    "date": "2024-05-23T08:56:21.625Z",
                    "reviewerName": "Grace Perry",
                    "reviewerEmail": "grace.perry@x.dummyjson.com"
                }
            ],
            "returnPolicy": "30 days return policy",
            "minimumOrderQuantity": 1,
            "meta": {
                "createdAt": "2024-05-23T08:56:21.625Z",
                "updatedAt": "2024-05-23T08:56:21.625Z",
                "barcode": "3119744926904",
                "qrCode": "https://assets.dummyjson.com/public/qr-code.png"
            },
            "images": [
                "https://cdn.dummyjson.com/products/images/smartphones/Realme%20C35/1.png",
                "https://cdn.dummyjson.com/products/images/smartphones/Realme%20C35/2.png",
                "https://cdn.dummyjson.com/products/images/smartphones/Realme%20C35/3.png"
            ],
            "thumbnail": "https://cdn.dummyjson.com/products/images/smartphones/Realme%20C35/thumbnail.png"
        },
        {
            "id": 129,
            "title": "Realme X",
            "description": "The Realme X is a mid-range smartphone known for its sleek design and impressive display. It offers a good balance of performance and camera capabilities for users seeking a quality device.",
            "category": "smartphones",
            "price": 299.99,
            "discountPercentage": 2.39,
            "rating": 4.42,
            "stock": 87,
            "tags": [
                "smartphones",
                "realme"
            ],
            "brand": "Realme",
            "sku": "5E11C5C4",
            "weight": 1,
            "dimensions": {
                "width": 29.32,
                "height": 16.3,
                "depth": 24.12
            },
            "warrantyInformation": "1 month warranty",
            "shippingInformation": "Ships in 3-5 business days",
            "availabilityStatus": "In Stock",
            "reviews": [
                {
                    "rating": 4,
                    "comment": "Highly recommended!",
                    "date": "2024-05-23T08:56:21.625Z",
                    "reviewerName": "Benjamin Foster",
                    "reviewerEmail": "benjamin.foster@x.dummyjson.com"
                },
                {
                    "rating": 4,
                    "comment": "Very satisfied!",
                    "date": "2024-05-23T08:56:21.625Z",
                    "reviewerName": "Madison Collins",
                    "reviewerEmail": "madison.collins@x.dummyjson.com"
                },
                {
                    "rating": 5,
                    "comment": "Fast shipping!",
                    "date": "2024-05-23T08:56:21.625Z",
                    "reviewerName": "Emily Johnson",
                    "reviewerEmail": "emily.johnson@x.dummyjson.com"
                }
            ],
            "returnPolicy": "7 days return policy",
            "minimumOrderQuantity": 1,
            "meta": {
                "createdAt": "2024-05-23T08:56:21.625Z",
                "updatedAt": "2024-05-23T08:56:21.625Z",
                "barcode": "0139612574728",
                "qrCode": "https://assets.dummyjson.com/public/qr-code.png"
            },
            "images": [
                "https://cdn.dummyjson.com/products/images/smartphones/Realme%20X/1.png",
                "https://cdn.dummyjson.com/products/images/smartphones/Realme%20X/2.png",
                "https://cdn.dummyjson.com/products/images/smartphones/Realme%20X/3.png"
            ],
            "thumbnail": "https://cdn.dummyjson.com/products/images/smartphones/Realme%20X/thumbnail.png"
        },
        {
            "id": 130,
            "title": "Realme XT",
            "description": "The Realme XT is a feature-rich smartphone with a focus on camera technology. It comes equipped with advanced camera sensors, delivering high-quality photos and videos for photography enthusiasts.",
            "category": "smartphones",
            "price": 349.99,
            "discountPercentage": 3.03,
            "rating": 4.14,
            "stock": 53,
            "tags": [
                "smartphones",
                "realme"
            ],
            "brand": "Realme",
            "sku": "GHDMRAP2",
            "weight": 4,
            "dimensions": {
                "width": 28.82,
                "height": 23.44,
                "depth": 6.21
            },
            "warrantyInformation": "1 week warranty",
            "shippingInformation": "Ships in 1 month",
            "availabilityStatus": "In Stock",
            "reviews": [
                {
                    "rating": 5,
                    "comment": "Awesome product!",
                    "date": "2024-05-23T08:56:21.625Z",
                    "reviewerName": "Hannah Howard",
                    "reviewerEmail": "hannah.howard@x.dummyjson.com"
                },
                {
                    "rating": 1,
                    "comment": "Would not recommend!",
                    "date": "2024-05-23T08:56:21.625Z",
                    "reviewerName": "Claire Foster",
                    "reviewerEmail": "claire.foster@x.dummyjson.com"
                },
                {
                    "rating": 1,
                    "comment": "Very dissatisfied!",
                    "date": "2024-05-23T08:56:21.625Z",
                    "reviewerName": "Nora Russell",
                    "reviewerEmail": "nora.russell@x.dummyjson.com"
                }
            ],
            "returnPolicy": "60 days return policy",
            "minimumOrderQuantity": 5,
            "meta": {
                "createdAt": "2024-05-23T08:56:21.625Z",
                "updatedAt": "2024-05-23T08:56:21.625Z",
                "barcode": "3985844484131",
                "qrCode": "https://assets.dummyjson.com/public/qr-code.png"
            },
            "images": [
                "https://cdn.dummyjson.com/products/images/smartphones/Realme%20XT/1.png",
                "https://cdn.dummyjson.com/products/images/smartphones/Realme%20XT/2.png",
                "https://cdn.dummyjson.com/products/images/smartphones/Realme%20XT/3.png"
            ],
            "thumbnail": "https://cdn.dummyjson.com/products/images/smartphones/Realme%20XT/thumbnail.png"
        },
        {
            "id": 131,
            "title": "Samsung Galaxy S7",
            "description": "The Samsung Galaxy S7 is a flagship smartphone known for its sleek design and advanced features. It features a high-resolution display, powerful camera, and robust performance.",
            "category": "smartphones",
            "price": 299.99,
            "discountPercentage": 8.83,
            "rating": 4.9,
            "stock": 55,
            "tags": [
                "smartphones",
                "samsung galaxy"
            ],
            "brand": "Samsung",
            "sku": "VZF4Z58Z",
            "weight": 8,
            "dimensions": {
                "width": 23.33,
                "height": 27.33,
                "depth": 27.02
            },
            "warrantyInformation": "1 month warranty",
            "shippingInformation": "Ships in 2 weeks",
            "availabilityStatus": "In Stock",
            "reviews": [
                {
                    "rating": 5,
                    "comment": "Would buy again!",
                    "date": "2024-05-23T08:56:21.625Z",
                    "reviewerName": "Jace Smith",
                    "reviewerEmail": "jace.smith@x.dummyjson.com"
                },
                {
                    "rating": 4,
                    "comment": "Would buy again!",
                    "date": "2024-05-23T08:56:21.625Z",
                    "reviewerName": "Ruby Andrews",
                    "reviewerEmail": "ruby.andrews@x.dummyjson.com"
                },
                {
                    "rating": 5,
                    "comment": "Great value for money!",
                    "date": "2024-05-23T08:56:21.625Z",
                    "reviewerName": "Aria Roberts",
                    "reviewerEmail": "aria.roberts@x.dummyjson.com"
                }
            ],
            "returnPolicy": "No return policy",
            "minimumOrderQuantity": 1,
            "meta": {
                "createdAt": "2024-05-23T08:56:21.625Z",
                "updatedAt": "2024-05-23T08:56:21.625Z",
                "barcode": "8841359359362",
                "qrCode": "https://assets.dummyjson.com/public/qr-code.png"
            },
            "images": [
                "https://cdn.dummyjson.com/products/images/smartphones/Samsung%20Galaxy%20S7/1.png",
                "https://cdn.dummyjson.com/products/images/smartphones/Samsung%20Galaxy%20S7/2.png",
                "https://cdn.dummyjson.com/products/images/smartphones/Samsung%20Galaxy%20S7/3.png"
            ],
            "thumbnail": "https://cdn.dummyjson.com/products/images/smartphones/Samsung%20Galaxy%20S7/thumbnail.png"
        },
        {
            "id": 132,
            "title": "Samsung Galaxy S8",
            "description": "The Samsung Galaxy S8 is a premium smartphone with an Infinity Display, offering a stunning visual experience. It boasts advanced camera capabilities and cutting-edge technology.",
            "category": "smartphones",
            "price": 499.99,
            "discountPercentage": 2.69,
            "rating": 3.69,
            "stock": 75,
            "tags": [
                "smartphones",
                "samsung galaxy"
            ],
            "brand": "Samsung",
            "sku": "GLXQQKBF",
            "weight": 6,
            "dimensions": {
                "width": 6.88,
                "height": 8.96,
                "depth": 18.13
            },
            "warrantyInformation": "Lifetime warranty",
            "shippingInformation": "Ships in 3-5 business days",
            "availabilityStatus": "In Stock",
            "reviews": [
                {
                    "rating": 2,
                    "comment": "Very unhappy with my purchase!",
                    "date": "2024-05-23T08:56:21.625Z",
                    "reviewerName": "Christopher West",
                    "reviewerEmail": "christopher.west@x.dummyjson.com"
                },
                {
                    "rating": 5,
                    "comment": "Very happy with my purchase!",
                    "date": "2024-05-23T08:56:21.625Z",
                    "reviewerName": "Hazel Evans",
                    "reviewerEmail": "hazel.evans@x.dummyjson.com"
                },
                {
                    "rating": 4,
                    "comment": "Very happy with my purchase!",
                    "date": "2024-05-23T08:56:21.625Z",
                    "reviewerName": "Luna Russell",
                    "reviewerEmail": "luna.russell@x.dummyjson.com"
                }
            ],
            "returnPolicy": "No return policy",
            "minimumOrderQuantity": 1,
            "meta": {
                "createdAt": "2024-05-23T08:56:21.625Z",
                "updatedAt": "2024-05-23T08:56:21.625Z",
                "barcode": "1337599403784",
                "qrCode": "https://assets.dummyjson.com/public/qr-code.png"
            },
            "images": [
                "https://cdn.dummyjson.com/products/images/smartphones/Samsung%20Galaxy%20S8/1.png",
                "https://cdn.dummyjson.com/products/images/smartphones/Samsung%20Galaxy%20S8/2.png",
                "https://cdn.dummyjson.com/products/images/smartphones/Samsung%20Galaxy%20S8/3.png"
            ],
            "thumbnail": "https://cdn.dummyjson.com/products/images/smartphones/Samsung%20Galaxy%20S8/thumbnail.png"
        },
        {
            "id": 133,
            "title": "Samsung Galaxy S10",
            "description": "The Samsung Galaxy S10 is a flagship device featuring a dynamic AMOLED display, versatile camera system, and powerful performance. It represents innovation and excellence in smartphone technology.",
            "category": "smartphones",
            "price": 699.99,
            "discountPercentage": 0.97,
            "rating": 2.81,
            "stock": 40,
            "tags": [
                "smartphones",
                "samsung galaxy"
            ],
            "brand": "Samsung",
            "sku": "5GJFL98I",
            "weight": 3,
            "dimensions": {
                "width": 28.23,
                "height": 7.35,
                "depth": 10.68
            },
            "warrantyInformation": "1 month warranty",
            "shippingInformation": "Ships overnight",
            "availabilityStatus": "In Stock",
            "reviews": [
                {
                    "rating": 4,
                    "comment": "Great value for money!",
                    "date": "2024-05-23T08:56:21.625Z",
                    "reviewerName": "Grace Perry",
                    "reviewerEmail": "grace.perry@x.dummyjson.com"
                },
                {
                    "rating": 4,
                    "comment": "Highly impressed!",
                    "date": "2024-05-23T08:56:21.625Z",
                    "reviewerName": "Elijah Hill",
                    "reviewerEmail": "elijah.hill@x.dummyjson.com"
                },
                {
                    "rating": 4,
                    "comment": "Would buy again!",
                    "date": "2024-05-23T08:56:21.625Z",
                    "reviewerName": "Eleanor Tyler",
                    "reviewerEmail": "eleanor.tyler@x.dummyjson.com"
                }
            ],
            "returnPolicy": "No return policy",
            "minimumOrderQuantity": 1,
            "meta": {
                "createdAt": "2024-05-23T08:56:21.625Z",
                "updatedAt": "2024-05-23T08:56:21.625Z",
                "barcode": "0311929399881",
                "qrCode": "https://assets.dummyjson.com/public/qr-code.png"
            },
            "images": [
                "https://cdn.dummyjson.com/products/images/smartphones/Samsung%20Galaxy%20S10/1.png",
                "https://cdn.dummyjson.com/products/images/smartphones/Samsung%20Galaxy%20S10/2.png",
                "https://cdn.dummyjson.com/products/images/smartphones/Samsung%20Galaxy%20S10/3.png"
            ],
            "thumbnail": "https://cdn.dummyjson.com/products/images/smartphones/Samsung%20Galaxy%20S10/thumbnail.png"
        },
        {
            "id": 134,
            "title": "Vivo S1",
            "description": "The Vivo S1 is a stylish and mid-range smartphone offering a blend of design and performance. It features a vibrant display, capable camera system, and reliable functionality.",
            "category": "smartphones",
            "price": 249.99,
            "discountPercentage": 4.25,
            "rating": 2.83,
            "stock": 13,
            "tags": [
                "smartphones",
                "vivo"
            ],
            "brand": "Vivo",
            "sku": "BG6974E7",
            "weight": 1,
            "dimensions": {
                "width": 28.83,
                "height": 26.69,
                "depth": 23.12
            },
            "warrantyInformation": "1 week warranty",
            "shippingInformation": "Ships overnight",
            "availabilityStatus": "In Stock",
            "reviews": [
                {
                    "rating": 5,
                    "comment": "Very pleased!",
                    "date": "2024-05-23T08:56:21.625Z",
                    "reviewerName": "Alice Smith",
                    "reviewerEmail": "alice.smith@x.dummyjson.com"
                },
                {
                    "rating": 5,
                    "comment": "Great value for money!",
                    "date": "2024-05-23T08:56:21.625Z",
                    "reviewerName": "Harper Kelly",
                    "reviewerEmail": "harper.kelly@x.dummyjson.com"
                },
                {
                    "rating": 5,
                    "comment": "Great product!",
                    "date": "2024-05-23T08:56:21.625Z",
                    "reviewerName": "Lillian Simmons",
                    "reviewerEmail": "lillian.simmons@x.dummyjson.com"
                }
            ],
            "returnPolicy": "7 days return policy",
            "minimumOrderQuantity": 3,
            "meta": {
                "createdAt": "2024-05-23T08:56:21.625Z",
                "updatedAt": "2024-05-23T08:56:21.625Z",
                "barcode": "4070349673041",
                "qrCode": "https://assets.dummyjson.com/public/qr-code.png"
            },
            "images": [
                "https://cdn.dummyjson.com/products/images/smartphones/Vivo%20S1/1.png",
                "https://cdn.dummyjson.com/products/images/smartphones/Vivo%20S1/2.png",
                "https://cdn.dummyjson.com/products/images/smartphones/Vivo%20S1/3.png"
            ],
            "thumbnail": "https://cdn.dummyjson.com/products/images/smartphones/Vivo%20S1/thumbnail.png"
        },
        {
            "id": 135,
            "title": "Vivo V9",
            "description": "The Vivo V9 is a smartphone known for its sleek design and emphasis on capturing high-quality selfies. It features a notch display, dual-camera setup, and a modern design.",
            "category": "smartphones",
            "price": 299.99,
            "discountPercentage": 14.57,
            "rating": 3.1,
            "stock": 19,
            "tags": [
                "smartphones",
                "vivo"
            ],
            "brand": "Vivo",
            "sku": "N9WFE2WH",
            "weight": 5,
            "dimensions": {
                "width": 27.29,
                "height": 9.73,
                "depth": 14.79
            },
            "warrantyInformation": "1 week warranty",
            "shippingInformation": "Ships overnight",
            "availabilityStatus": "In Stock",
            "reviews": [
                {
                    "rating": 3,
                    "comment": "Would not recommend!",
                    "date": "2024-05-23T08:56:21.625Z",
                    "reviewerName": "Elijah Stewart",
                    "reviewerEmail": "elijah.stewart@x.dummyjson.com"
                },
                {
                    "rating": 4,
                    "comment": "Great product!",
                    "date": "2024-05-23T08:56:21.625Z",
                    "reviewerName": "Aria Roberts",
                    "reviewerEmail": "aria.roberts@x.dummyjson.com"
                },
                {
                    "rating": 4,
                    "comment": "Very happy with my purchase!",
                    "date": "2024-05-23T08:56:21.625Z",
                    "reviewerName": "Hannah Howard",
                    "reviewerEmail": "hannah.howard@x.dummyjson.com"
                }
            ],
            "returnPolicy": "No return policy",
            "minimumOrderQuantity": 2,
            "meta": {
                "createdAt": "2024-05-23T08:56:21.625Z",
                "updatedAt": "2024-05-23T08:56:21.625Z",
                "barcode": "1506104702332",
                "qrCode": "https://assets.dummyjson.com/public/qr-code.png"
            },
            "images": [
                "https://cdn.dummyjson.com/products/images/smartphones/Vivo%20V9/1.png",
                "https://cdn.dummyjson.com/products/images/smartphones/Vivo%20V9/2.png",
                "https://cdn.dummyjson.com/products/images/smartphones/Vivo%20V9/3.png"
            ],
            "thumbnail": "https://cdn.dummyjson.com/products/images/smartphones/Vivo%20V9/thumbnail.png"
        },
        {
            "id": 136,
            "title": "Vivo X21",
            "description": "The Vivo X21 is a premium smartphone with a focus on cutting-edge technology. It features an in-display fingerprint sensor, a high-resolution display, and advanced camera capabilities.",
            "category": "smartphones",
            "price": 499.99,
            "discountPercentage": 7.32,
            "rating": 2.75,
            "stock": 0,
            "tags": [
                "smartphones",
                "vivo"
            ],
            "brand": "Vivo",
            "sku": "KSF00BOC",
            "weight": 7,
            "dimensions": {
                "width": 5.72,
                "height": 16.47,
                "depth": 27.76
            },
            "warrantyInformation": "1 week warranty",
            "shippingInformation": "Ships overnight",
            "availabilityStatus": "Out of Stock",
            "reviews": [
                {
                    "rating": 5,
                    "comment": "Highly recommended!",
                    "date": "2024-05-23T08:56:21.625Z",
                    "reviewerName": "Logan Lee",
                    "reviewerEmail": "logan.lee@x.dummyjson.com"
                },
                {
                    "rating": 5,
                    "comment": "Highly recommended!",
                    "date": "2024-05-23T08:56:21.625Z",
                    "reviewerName": "Nolan Gonzalez",
                    "reviewerEmail": "nolan.gonzalez@x.dummyjson.com"
                },
                {
                    "rating": 4,
                    "comment": "Fast shipping!",
                    "date": "2024-05-23T08:56:21.625Z",
                    "reviewerName": "Bella Grant",
                    "reviewerEmail": "bella.grant@x.dummyjson.com"
                }
            ],
            "returnPolicy": "30 days return policy",
            "minimumOrderQuantity": 4,
            "meta": {
                "createdAt": "2024-05-23T08:56:21.625Z",
                "updatedAt": "2024-05-23T08:56:21.625Z",
                "barcode": "2543504494043",
                "qrCode": "https://assets.dummyjson.com/public/qr-code.png"
            },
            "images": [
                "https://cdn.dummyjson.com/products/images/smartphones/Vivo%20X21/1.png",
                "https://cdn.dummyjson.com/products/images/smartphones/Vivo%20X21/2.png",
                "https://cdn.dummyjson.com/products/images/smartphones/Vivo%20X21/3.png"
            ],
            "thumbnail": "https://cdn.dummyjson.com/products/images/smartphones/Vivo%20X21/thumbnail.png"
        }
    ],
    "total": 23,
    "skip": 0,
    "limit": 23
}
]]></system-out>
  </testcase>
  <testcase name="sortProducts" classname="apitesting_restassured.Testsuite" time="0.881">
    <system-out><![CDATA[HTTP/1.1 200 OK
Server: Cowboy
Report-To: {"group":"heroku-nel","max_age":3600,"endpoints":[{"url":"https://nel.heroku.com/reports?ts=1721450483&sid=e11707d5-02a7-43ef-b45e-2cf4d2036f7d&s=OmzBCmXJXQjS3iItrzR%2FmccIjn5voR18AGjafu4wp0E%3D"}]}
Reporting-Endpoints: heroku-nel=https://nel.heroku.com/reports?ts=1721450483&sid=e11707d5-02a7-43ef-b45e-2cf4d2036f7d&s=OmzBCmXJXQjS3iItrzR%2FmccIjn5voR18AGjafu4wp0E%3D
Nel: {"report_to":"heroku-nel","max_age":3600,"success_fraction":0.005,"failure_fraction":0.05,"response_headers":["Via"]}
Connection: keep-alive
Access-Control-Allow-Origin: *
X-Dns-Prefetch-Control: off
X-Frame-Options: SAMEORIGIN
Strict-Transport-Security: max-age=15552000; includeSubDomains
X-Download-Options: noopen
X-Content-Type-Options: nosniff
X-Xss-Protection: 1; mode=block
X-Ratelimit-Limit: 100
X-Ratelimit-Remaining: 92
Date: Sat, 20 Jul 2024 04:41:23 GMT
X-Ratelimit-Reset: 1721450487
Content-Type: application/json; charset=utf-8
Etag: W/"bbca-LMIJFhXEjN+TNKLwZ7EPCY4flQU"
Vary: Accept-Encoding
Content-Encoding: gzip
Transfer-Encoding: chunked
Via: 1.1 vegur

{
    "products": [
        {
            "id": 167,
            "title": "300 Touring",
            "description": "The 300 Touring is a stylish and comfortable sedan, known for its luxurious features and smooth performance.",
            "category": "vehicle",
            "price": 28999.99,
            "discountPercentage": 7.15,
            "rating": 4.56,
            "stock": 53,
            "tags": [
                "sedans",
                "vehicles"
            ],
            "brand": "Chrysler",
            "sku": "SPG50KEL",
            "weight": 5,
            "dimensions": {
                "width": 5.03,
                "height": 6.98,
                "depth": 8.65
            },
            "warrantyInformation": "3 year warranty",
            "shippingInformation": "Ships overnight",
            "availabilityStatus": "In Stock",
            "reviews": [
                {
                    "rating": 2,
                    "comment": "Would not recommend!",
                    "date": "2024-05-23T08:56:21.626Z",
                    "reviewerName": "Miles Stevenson",
                    "reviewerEmail": "miles.stevenson@x.dummyjson.com"
                },
                {
                    "rating": 5,
                    "comment": "Very happy with my purchase!",
                    "date": "2024-05-23T08:56:21.626Z",
                    "reviewerName": "Hannah Robinson",
                    "reviewerEmail": "hannah.robinson@x.dummyjson.com"
                },
                {
                    "rating": 5,
                    "comment": "Great value for money!",
                    "date": "2024-05-23T08:56:21.626Z",
                    "reviewerName": "Harper Turner",
                    "reviewerEmail": "harper.turner@x.dummyjson.com"
                }
            ],
            "returnPolicy": "No return policy",
            "minimumOrderQuantity": 1,
            "meta": {
                "createdAt": "2024-05-23T08:56:21.626Z",
                "updatedAt": "2024-05-23T08:56:21.626Z",
                "barcode": "4354670429851",
                "qrCode": "https://assets.dummyjson.com/public/qr-code.png"
            },
            "images": [
                "https://cdn.dummyjson.com/products/images/vehicle/300%20Touring/1.png",
                "https://cdn.dummyjson.com/products/images/vehicle/300%20Touring/2.png",
                "https://cdn.dummyjson.com/products/images/vehicle/300%20Touring/3.png",
                "https://cdn.dummyjson.com/products/images/vehicle/300%20Touring/4.png",
                "https://cdn.dummyjson.com/products/images/vehicle/300%20Touring/5.png",
                "https://cdn.dummyjson.com/products/images/vehicle/300%20Touring/6.png"
            ],
            "thumbnail": "https://cdn.dummyjson.com/products/images/vehicle/300%20Touring/thumbnail.png"
        },
        {
            "id": 99,
            "title": "Amazon Echo Plus",
            "description": "The Amazon Echo Plus is a smart speaker with built-in Alexa voice control. It features premium sound quality and serves as a hub for controlling smart home devices.",
            "category": "mobile-accessories",
            "price": 99.99,
            "discountPercentage": 16.3,
            "rating": 3.52,
            "stock": 50,
            "tags": [
                "electronics",
                "smart speakers"
            ],
            "brand": "Amazon",
            "sku": "YHLK4W9V",
            "weight": 7,
            "dimensions": {
                "width": 8.1,
                "height": 7.74,
                "depth": 5.68
            },
            "warrantyInformation": "1 month warranty",
            "shippingInformation": "Ships in 1 week",
            "availabilityStatus": "In Stock",
            "reviews": [
                {
                    "rating": 4,
                    "comment": "Highly recommended!",
                    "date": "2024-05-23T08:56:21.624Z",
                    "reviewerName": "Nora Mills",
                    "reviewerEmail": "nora.mills@x.dummyjson.com"
                },
                {
                    "rating": 4,
                    "comment": "Fast shipping!",
                    "date": "2024-05-23T08:56:21.624Z",
                    "reviewerName": "Ava Taylor",
                    "reviewerEmail": "ava.taylor@x.dummyjson.com"
                },
                {
                    "rating": 4,
                    "comment": "Very pleased!",
                    "date": "2024-05-23T08:56:21.624Z",
                    "reviewerName": "Aria Flores",
                    "reviewerEmail": "aria.flores@x.dummyjson.com"
                }
            ],
            "returnPolicy": "90 days return policy",
            "minimumOrderQuantity": 1,
            "meta": {
                "createdAt": "2024-05-23T08:56:21.624Z",
                "updatedAt": "2024-05-23T08:56:21.624Z",
                "barcode": "0697313083842",
                "qrCode": "https://assets.dummyjson.com/public/qr-code.png"
            },
            "images": [
                "https://cdn.dummyjson.com/products/images/mobile-accessories/Amazon%20Echo%20Plus/1.png",
                "https://cdn.dummyjson.com/products/images/mobile-accessories/Amazon%20Echo%20Plus/2.png"
            ],
            "thumbnail": "https://cdn.dummyjson.com/products/images/mobile-accessories/Amazon%20Echo%20Plus/thumbnail.png"
        },
        {
            "id": 137,
            "title": "American Football",
            "description": "The American Football is a classic ball used in American football games. It is designed for throwing and catching, making it an essential piece of equipment for the sport.",
            "category": "sports-accessories",
            "price": 19.99,
            "discountPercentage": 10.28,
            "rating": 3.78,
            "stock": 48,
            "tags": [
                "sports equipment",
                "american football"
            ],
            "sku": "QLDVAXMJ",
            "weight": 9,
            "dimensions": {
                "width": 9.74,
                "height": 23.16,
                "depth": 26.86
            },
            "warrantyInformation": "1 month warranty",
            "shippingInformation": "Ships in 2 weeks",
            "availabilityStatus": "In Stock",
            "reviews": [
                {
                    "rating": 4,
                    "comment": "Excellent quality!",
                    "date": "2024-05-23T08:56:21.625Z",
                    "reviewerName": "Jaxon Barnes",
                    "reviewerEmail": "jaxon.barnes@x.dummyjson.com"
                },
                {
                    "rating": 4,
                    "comment": "Great product!",
                    "date": "2024-05-23T08:56:21.625Z",
                    "reviewerName": "Aurora Lawson",
                    "reviewerEmail": "aurora.lawson@x.dummyjson.com"
                },
                {
                    "rating": 4,
                    "comment": "Awesome product!",
                    "date": "2024-05-23T08:56:21.625Z",
                    "reviewerName": "Evan Reed",
                    "reviewerEmail": "evan.reed@x.dummyjson.com"
                }
            ],
            "returnPolicy": "30 days return policy",
            "minimumOrderQuantity": 23,
            "meta": {
                "createdAt": "2024-05-23T08:56:21.625Z",
                "updatedAt": "2024-05-23T08:56:21.625Z",
                "barcode": "2510402973927",
                "qrCode": "https://assets.dummyjson.com/public/qr-code.png"
            },
            "images": [
                "https://cdn.dummyjson.com/products/images/sports-accessories/American%20Football/1.png"
            ],
            "thumbnail": "https://cdn.dummyjson.com/products/images/sports-accessories/American%20Football/thumbnail.png"
        },
        {
            "id": 11,
            "title": "Annibale Colombo Bed",
            "description": "The Annibale Colombo Bed is a luxurious and elegant bed frame, crafted with high-quality materials for a comfortable and stylish bedroom.",
            "category": "furniture",
            "price": 1899.99,
            "discountPercentage": 0.29,
            "rating": 4.14,
            "stock": 47,
            "tags": [
                "furniture",
                "beds"
            ],
            "brand": "Annibale Colombo",
            "sku": "4KMDTZWF",
            "weight": 3,
            "dimensions": {
                "width": 28.75,
                "height": 26.88,
                "depth": 24.47
            },
            "warrantyInformation": "2 year warranty",
            "shippingInformation": "Ships overnight",
            "availabilityStatus": "In Stock",
            "reviews": [
                {
                    "rating": 4,
                    "comment": "Great value for money!",
                    "date": "2024-05-23T08:56:21.620Z",
                    "reviewerName": "Julian Newton",
                    "reviewerEmail": "julian.newton@x.dummyjson.com"
                },
                {
                    "rating": 5,
                    "comment": "Would buy again!",
                    "date": "2024-05-23T08:56:21.620Z",
                    "reviewerName": "Madison Collins",
                    "reviewerEmail": "madison.collins@x.dummyjson.com"
                },
                {
                    "rating": 4,
                    "comment": "Would buy again!",
                    "date": "2024-05-23T08:56:21.620Z",
                    "reviewerName": "Clara Berry",
                    "reviewerEmail": "clara.berry@x.dummyjson.com"
                }
            ],
            "returnPolicy": "7 days return policy",
            "minimumOrderQuantity": 1,
            "meta": {
                "createdAt": "2024-05-23T08:56:21.620Z",
                "updatedAt": "2024-05-23T08:56:21.620Z",
                "barcode": "7113807059215",
                "qrCode": "https://assets.dummyjson.com/public/qr-code.png"
            },
            "images": [
                "https://cdn.dummyjson.com/products/images/furniture/Annibale%20Colombo%20Bed/1.png",
                "https://cdn.dummyjson.com/products/images/furniture/Annibale%20Colombo%20Bed/2.png",
                "https://cdn.dummyjson.com/products/images/furniture/Annibale%20Colombo%20Bed/3.png"
            ],
            "thumbnail": "https://cdn.dummyjson.com/products/images/furniture/Annibale%20Colombo%20Bed/thumbnail.png"
        },
        {
            "id": 12,
            "title": "Annibale Colombo Sofa",
            "description": "The Annibale Colombo Sofa is a sophisticated and comfortable seating option, featuring exquisite design and premium upholstery for your living room.",
            "category": "furniture",
            "price": 2499.99,
            "discountPercentage": 18.54,
            "rating": 3.08,
            "stock": 16,
            "tags": [
                "furniture",
                "sofas"
            ],
            "brand": "Annibale Colombo",
            "sku": "LUU95CQP",
            "weight": 3,
            "dimensions": {
                "width": 20.97,
                "height": 19.11,
                "depth": 25.81
            },
            "warrantyInformation": "1 month warranty",
            "shippingInformation": "Ships overnight",
            "availabilityStatus": "In Stock",
            "reviews": [
                {
                    "rating": 5,
                    "comment": "Very satisfied!",
                    "date": "2024-05-23T08:56:21.620Z",
                    "reviewerName": "Tyler Davis",
                    "reviewerEmail": "tyler.davis@x.dummyjson.com"
                },
                {
                    "rating": 5,
                    "comment": "Excellent quality!",
                    "date": "2024-05-23T08:56:21.620Z",
                    "reviewerName": "Hannah Robinson",
                    "reviewerEmail": "hannah.robinson@x.dummyjson.com"
                },
                {
                    "rating": 3,
                    "comment": "Waste of money!",
                    "date": "2024-05-23T08:56:21.620Z",
                    "reviewerName": "Madison Collins",
                    "reviewerEmail": "madison.collins@x.dummyjson.com"
                }
            ],
            "returnPolicy": "7 days return policy",
            "minimumOrderQuantity": 1,
            "meta": {
                "createdAt": "2024-05-23T08:56:21.620Z",
                "updatedAt": "2024-05-23T08:56:21.620Z",
                "barcode": "0426785817074",
                "qrCode": "https://assets.dummyjson.com/public/qr-code.png"
            },
            "images": [
                "https://cdn.dummyjson.com/products/images/furniture/Annibale%20Colombo%20Sofa/1.png",
                "https://cdn.dummyjson.com/products/images/furniture/Annibale%20Colombo%20Sofa/2.png",
                "https://cdn.dummyjson.com/products/images/furniture/Annibale%20Colombo%20Sofa/3.png"
            ],
            "thumbnail": "https://cdn.dummyjson.com/products/images/furniture/Annibale%20Colombo%20Sofa/thumbnail.png"
        },
        {
            "id": 16,
            "title": "Apple",
            "description": "Fresh and crisp apples, perfect for snacking or incorporating into various recipes.",
            "category": "groceries",
            "price": 1.99,
            "discountPercentage": 1.97,
            "rating": 2.96,
            "stock": 9,
            "tags": [
                "fruits"
            ],
            "sku": "QTROUV79",
            "weight": 8,
            "dimensions": {
                "width": 8.29,
                "height": 5.58,
                "depth": 12.41
            },
            "warrantyInformation": "2 year warranty",
            "shippingInformation": "Ships in 2 weeks",
            "availabilityStatus": "In Stock",
            "reviews": [
                {
                    "rating": 4,
                    "comment": "Great product!",
                    "date": "2024-05-23T08:56:21.620Z",
                    "reviewerName": "Logan Lee",
                    "reviewerEmail": "logan.lee@x.dummyjson.com"
                },
                {
                    "rating": 4,
                    "comment": "Great product!",
                    "date": "2024-05-23T08:56:21.620Z",
                    "reviewerName": "Elena Long",
                    "reviewerEmail": "elena.long@x.dummyjson.com"
                },
                {
                    "rating": 1,
                    "comment": "Not as described!",
                    "date": "2024-05-23T08:56:21.620Z",
                    "reviewerName": "Grayson Coleman",
                    "reviewerEmail": "grayson.coleman@x.dummyjson.com"
                }
            ],
            "returnPolicy": "60 days return policy",
            "minimumOrderQuantity": 44,
            "meta": {
                "createdAt": "2024-05-23T08:56:21.620Z",
                "updatedAt": "2024-05-23T08:56:21.620Z",
                "barcode": "2517819903837",
                "qrCode": "https://assets.dummyjson.com/public/qr-code.png"
            },
            "images": [
                "https://cdn.dummyjson.com/products/images/groceries/Apple/1.png"
            ],
            "thumbnail": "https://cdn.dummyjson.com/products/images/groceries/Apple/thumbnail.png"
        },
        {
            "id": 101,
            "title": "Apple AirPods Max Silver",
            "description": "The Apple AirPods Max in Silver are premium over-ear headphones with high-fidelity audio, adaptive EQ, and active noise cancellation. Experience immersive sound in style.",
            "category": "mobile-accessories",
            "price": 549.99,
            "discountPercentage": 11.7,
            "rating": 3.11,
            "stock": 7,
            "tags": [
                "electronics",
                "over-ear headphones"
            ],
            "brand": "Apple",
            "sku": "HPK82VDE",
            "weight": 4,
            "dimensions": {
                "width": 7.73,
                "height": 18.36,
                "depth": 17.87
            },
            "warrantyInformation": "3 months warranty",
            "shippingInformation": "Ships in 1 month",
            "availabilityStatus": "In Stock",
            "reviews": [
                {
                    "rating": 1,
                    "comment": "Waste of money!",
                    "date": "2024-05-23T08:56:21.624Z",
                    "reviewerName": "Harper Kelly",
                    "reviewerEmail": "harper.kelly@x.dummyjson.com"
                },
                {
                    "rating": 3,
                    "comment": "Not as described!",
                    "date": "2024-05-23T08:56:21.624Z",
                    "reviewerName": "Abigail Rivera",
                    "reviewerEmail": "abigail.rivera@x.dummyjson.com"
                },
                {
                    "rating": 5,
                    "comment": "Excellent quality!",
                    "date": "2024-05-23T08:56:21.624Z",
                    "reviewerName": "Nora Russell",
                    "reviewerEmail": "nora.russell@x.dummyjson.com"
                }
            ],
            "returnPolicy": "90 days return policy",
            "minimumOrderQuantity": 2,
            "meta": {
                "createdAt": "2024-05-23T08:56:21.624Z",
                "updatedAt": "2024-05-23T08:56:21.624Z",
                "barcode": "9261269777547",
                "qrCode": "https://assets.dummyjson.com/public/qr-code.png"
            },
            "images": [
                "https://cdn.dummyjson.com/products/images/mobile-accessories/Apple%20AirPods%20Max%20Silver/1.png"
            ],
            "thumbnail": "https://cdn.dummyjson.com/products/images/mobile-accessories/Apple%20AirPods%20Max%20Silver/thumbnail.png"
        },
        {
            "id": 100,
            "title": "Apple Airpods",
            "description": "The Apple Airpods offer a seamless wireless audio experience. With easy pairing, high-quality sound, and Siri integration, they are perfect for on-the-go listening.",
            "category": "mobile-accessories",
            "price": 129.99,
            "discountPercentage": 4.82,
            "rating": 4.38,
            "stock": 93,
            "tags": [
                "electronics",
                "wireless earphones"
            ],
            "brand": "Apple",
            "sku": "H76W8TSP",
            "weight": 3,
            "dimensions": {
                "width": 22.62,
                "height": 9.92,
                "depth": 18.15
            },
            "warrantyInformation": "No warranty",
            "shippingInformation": "Ships in 3-5 business days",
            "availabilityStatus": "In Stock",
            "reviews": [
                {
                    "rating": 3,
                    "comment": "Waste of money!",
                    "date": "2024-05-23T08:56:21.624Z",
                    "reviewerName": "Aaliyah Hanson",
                    "reviewerEmail": "aaliyah.hanson@x.dummyjson.com"
                },
                {
                    "rating": 2,
                    "comment": "Waste of money!",
                    "date": "2024-05-23T08:56:21.624Z",
                    "reviewerName": "Leah Gutierrez",
                    "reviewerEmail": "leah.gutierrez@x.dummyjson.com"
                },
                {
                    "rating": 3,
                    "comment": "Not worth the price!",
                    "date": "2024-05-23T08:56:21.624Z",
                    "reviewerName": "Jace Smith",
                    "reviewerEmail": "jace.smith@x.dummyjson.com"
                }
            ],
            "returnPolicy": "60 days return policy",
            "minimumOrderQuantity": 3,
            "meta": {
                "createdAt": "2024-05-23T08:56:21.624Z",
                "updatedAt": "2024-05-23T08:56:21.624Z",
                "barcode": "3925144121840",
                "qrCode": "https://assets.dummyjson.com/public/qr-code.png"
            },
            "images": [
                "https://cdn.dummyjson.com/products/images/mobile-accessories/Apple%20Airpods/1.png",
                "https://cdn.dummyjson.com/products/images/mobile-accessories/Apple%20Airpods/2.png",
                "https://cdn.dummyjson.com/products/images/mobile-accessories/Apple%20Airpods/3.png"
            ],
            "thumbnail": "https://cdn.dummyjson.com/products/images/mobile-accessories/Apple%20Airpods/thumbnail.png"
        },
        {
            "id": 102,
            "title": "Apple Airpower Wireless Charger",
            "description": "The Apple AirPower Wireless Charger provides a convenient way to charge your compatible Apple devices wirelessly. Simply place your devices on the charging mat for effortless charging.",
            "category": "mobile-accessories",
            "price": 79.99,
            "discountPercentage": 6.54,
            "rating": 4.51,
            "stock": 78,
            "tags": [
                "electronics",
                "wireless chargers"
            ],
            "brand": "Apple",
            "sku": "CBIU3PMZ",
            "weight": 3,
            "dimensions": {
                "width": 25.51,
                "height": 20.44,
                "depth": 26.48
            },
            "warrantyInformation": "Lifetime warranty",
            "shippingInformation": "Ships in 1 month",
            "availabilityStatus": "In Stock",
            "reviews": [
                {
                    "rating": 5,
                    "comment": "Awesome product!",
                    "date": "2024-05-23T08:56:21.624Z",
                    "reviewerName": "Bella Gonzalez",
                    "reviewerEmail": "bella.gonzalez@x.dummyjson.com"
                },
                {
                    "rating": 4,
                    "comment": "Very pleased!",
                    "date": "2024-05-23T08:56:21.624Z",
                    "reviewerName": "Eli Bennett",
                    "reviewerEmail": "eli.bennett@x.dummyjson.com"
                },
                {
                    "rating": 5,
                    "comment": "Very pleased!",
                    "date": "2024-05-23T08:56:21.624Z",
                    "reviewerName": "Cameron Perez",
                    "reviewerEmail": "cameron.perez@x.dummyjson.com"
                }
            ],
            "returnPolicy": "7 days return policy",
            "minimumOrderQuantity": 8,
            "meta": {
                "createdAt": "2024-05-23T08:56:21.624Z",
                "updatedAt": "2024-05-23T08:56:21.624Z",
                "barcode": "6981066059882",
                "qrCode": "https://assets.dummyjson.com/public/qr-code.png"
            },
            "images": [
                "https://cdn.dummyjson.com/products/images/mobile-accessories/Apple%20Airpower%20Wireless%20Charger/1.png"
            ],
            "thumbnail": "https://cdn.dummyjson.com/products/images/mobile-accessories/Apple%20Airpower%20Wireless%20Charger/thumbnail.png"
        },
        {
            "id": 103,
            "title": "Apple HomePod Mini Cosmic Grey",
            "description": "The Apple HomePod Mini in Cosmic Grey is a compact smart speaker that delivers impressive audio and integrates seamlessly with the Apple ecosystem for a smart home experience.",
            "category": "mobile-accessories",
            "price": 99.99,
            "discountPercentage": 3.7,
            "rating": 4.51,
            "stock": 65,
            "tags": [
                "electronics",
                "smart speakers"
            ],
            "brand": "Apple",
            "sku": "LDHQAT4B",
            "weight": 2,
            "dimensions": {
                "width": 21.14,
                "height": 12.62,
                "depth": 20.13
            },
            "warrantyInformation": "1 month warranty",
            "shippingInformation": "Ships overnight",
            "availabilityStatus": "In Stock",
            "reviews": [
                {
                    "rating": 3,
                    "comment": "Very dissatisfied!",
                    "date": "2024-05-23T08:56:21.624Z",
                    "reviewerName": "Evelyn Gonzalez",
                    "reviewerEmail": "evelyn.gonzalez@x.dummyjson.com"
                },
                {
                    "rating": 1,
                    "comment": "Very unhappy with my purchase!",
                    "date": "2024-05-23T08:56:21.624Z",
                    "reviewerName": "Mateo Perez",
                    "reviewerEmail": "mateo.perez@x.dummyjson.com"
                },
                {
                    "rating": 4,
                    "comment": "Would buy again!",
                    "date": "2024-05-23T08:56:21.624Z",
                    "reviewerName": "Nora Mills",
                    "reviewerEmail": "nora.mills@x.dummyjson.com"
                }
            ],
            "returnPolicy": "7 days return policy",
            "minimumOrderQuantity": 8,
            "meta": {
                "createdAt": "2024-05-23T08:56:21.624Z",
                "updatedAt": "2024-05-23T08:56:21.624Z",
                "barcode": "3484370545271",
                "qrCode": "https://assets.dummyjson.com/public/qr-code.png"
            },
            "images": [
                "https://cdn.dummyjson.com/products/images/mobile-accessories/Apple%20HomePod%20Mini%20Cosmic%20Grey/1.png"
            ],
            "thumbnail": "https://cdn.dummyjson.com/products/images/mobile-accessories/Apple%20HomePod%20Mini%20Cosmic%20Grey/thumbnail.png"
        },
        {
            "id": 78,
            "title": "Apple MacBook Pro 14 Inch Space Grey",
            "description": "The MacBook Pro 14 Inch in Space Grey is a powerful and sleek laptop, featuring Apple's M1 Pro chip for exceptional performance and a stunning Retina display.",
            "category": "laptops",
            "price": 1999.99,
            "discountPercentage": 9.25,
            "rating": 3.13,
            "stock": 39,
            "tags": [
                "laptops",
                "apple"
            ],
            "brand": "Apple",
            "sku": "QDKO6NRJ",
            "weight": 4,
            "dimensions": {
                "width": 12.38,
                "height": 21.55,
                "depth": 27.95
            },
            "warrantyInformation": "1 month warranty",
            "shippingInformation": "Ships in 1 week",
            "availabilityStatus": "In Stock",
            "reviews": [
                {
                    "rating": 5,
                    "comment": "Would buy again!",
                    "date": "2024-05-23T08:56:21.622Z",
                    "reviewerName": "Hunter Gordon",
                    "reviewerEmail": "hunter.gordon@x.dummyjson.com"
                },
                {
                    "rating": 5,
                    "comment": "Would buy again!",
                    "date": "2024-05-23T08:56:21.622Z",
                    "reviewerName": "Emma Wilson",
                    "reviewerEmail": "emma.wilson@x.dummyjson.com"
                },
                {
                    "rating": 5,
                    "comment": "Very pleased!",
                    "date": "2024-05-23T08:56:21.622Z",
                    "reviewerName": "David Martinez",
                    "reviewerEmail": "david.martinez@x.dummyjson.com"
                }
            ],
            "returnPolicy": "30 days return policy",
            "minimumOrderQuantity": 1,
            "meta": {
                "createdAt": "2024-05-23T08:56:21.622Z",
                "updatedAt": "2024-05-23T08:56:21.622Z",
                "barcode": "3883623063065",
                "qrCode": "https://assets.dummyjson.com/public/qr-code.png"
            },
            "images": [
                "https://cdn.dummyjson.com/products/images/laptops/Apple%20MacBook%20Pro%2014%20Inch%20Space%20Grey/1.png",
                "https://cdn.dummyjson.com/products/images/laptops/Apple%20MacBook%20Pro%2014%20Inch%20Space%20Grey/2.png",
                "https://cdn.dummyjson.com/products/images/laptops/Apple%20MacBook%20Pro%2014%20Inch%20Space%20Grey/3.png"
            ],
            "thumbnail": "https://cdn.dummyjson.com/products/images/laptops/Apple%20MacBook%20Pro%2014%20Inch%20Space%20Grey/thumbnail.png"
        },
        {
            "id": 105,
            "title": "Apple MagSafe Battery Pack",
            "description": "The Apple MagSafe Battery Pack is a portable and convenient way to add extra battery life to your MagSafe-compatible iPhone. Attach it magnetically for a secure connection.",
            "category": "mobile-accessories",
            "price": 99.99,
            "discountPercentage": 10.27,
            "rating": 2.61,
            "stock": 80,
            "tags": [
                "electronics",
                "power banks"
            ],
            "brand": "Apple",
            "sku": "XNFJURL7",
            "weight": 6,
            "dimensions": {
                "width": 21.61,
                "height": 7.98,
                "depth": 9.32
            },
            "warrantyInformation": "3 year warranty",
            "shippingInformation": "Ships in 3-5 business days",
            "availabilityStatus": "In Stock",
            "reviews": [
                {
                    "rating": 5,
                    "comment": "Very pleased!",
                    "date": "2024-05-23T08:56:21.624Z",
                    "reviewerName": "Hazel Gardner",
                    "reviewerEmail": "hazel.gardner@x.dummyjson.com"
                },
                {
                    "rating": 5,
                    "comment": "Very satisfied!",
                    "date": "2024-05-23T08:56:21.624Z",
                    "reviewerName": "Aurora Rodriguez",
                    "reviewerEmail": "aurora.rodriguez@x.dummyjson.com"
                },
                {
                    "rating": 5,
                    "comment": "Very pleased!",
                    "date": "2024-05-23T08:56:21.624Z",
                    "reviewerName": "Victoria McDonald",
                    "reviewerEmail": "victoria.mcdonald@x.dummyjson.com"
                }
            ],
            "returnPolicy": "No return policy",
            "minimumOrderQuantity": 4,
            "meta": {
                "createdAt": "2024-05-23T08:56:21.624Z",
                "updatedAt": "2024-05-23T08:56:21.624Z",
                "barcode": "1850091228580",
                "qrCode": "https://assets.dummyjson.com/public/qr-code.png"
            },
            "images": [
                "https://cdn.dummyjson.com/products/images/mobile-accessories/Apple%20MagSafe%20Battery%20Pack/1.png",
                "https://cdn.dummyjson.com/products/images/mobile-accessories/Apple%20MagSafe%20Battery%20Pack/2.png"
            ],
            "thumbnail": "https://cdn.dummyjson.com/products/images/mobile-accessories/Apple%20MagSafe%20Battery%20Pack/thumbnail.png"
        },
        {
            "id": 106,
            "title": "Apple Watch Series 4 Gold",
            "description": "The Apple Watch Series 4 in Gold is a stylish and advanced smartwatch with features like heart rate monitoring, fitness tracking, and a beautiful Retina display.",
            "category": "mobile-accessories",
            "price": 349.99,
            "discountPercentage": 5.14,
            "rating": 4.42,
            "stock": 68,
            "tags": [
                "electronics",
                "smartwatches"
            ],
            "brand": "Apple",
            "sku": "ZNXPOEPT",
            "weight": 6,
            "dimensions": {
                "width": 8.96,
                "height": 28.26,
                "depth": 26.46
            },
            "warrantyInformation": "6 months warranty",
            "shippingInformation": "Ships in 1-2 business days",
            "availabilityStatus": "In Stock",
            "reviews": [
                {
                    "rating": 3,
                    "comment": "Would not buy again!",
                    "date": "2024-05-23T08:56:21.624Z",
                    "reviewerName": "Ellie Stewart",
                    "reviewerEmail": "ellie.stewart@x.dummyjson.com"
                },
                {
                    "rating": 1,
                    "comment": "Poor quality!",
                    "date": "2024-05-23T08:56:21.624Z",
                    "reviewerName": "Grayson Coleman",
                    "reviewerEmail": "grayson.coleman@x.dummyjson.com"
                },
                {
                    "rating": 4,
                    "comment": "Fast shipping!",
                    "date": "2024-05-23T08:56:21.624Z",
                    "reviewerName": "Alice Smith",
                    "reviewerEmail": "alice.smith@x.dummyjson.com"
                }
            ],
            "returnPolicy": "60 days return policy",
            "minimumOrderQuantity": 2,
            "meta": {
                "createdAt": "2024-05-23T08:56:21.624Z",
                "updatedAt": "2024-05-23T08:56:21.624Z",
                "barcode": "4492482209885",
                "qrCode": "https://assets.dummyjson.com/public/qr-code.png"
            },
            "images": [
                "https://cdn.dummyjson.com/products/images/mobile-accessories/Apple%20Watch%20Series%204%20Gold/1.png",
                "https://cdn.dummyjson.com/products/images/mobile-accessories/Apple%20Watch%20Series%204%20Gold/2.png",
                "https://cdn.dummyjson.com/products/images/mobile-accessories/Apple%20Watch%20Series%204%20Gold/3.png"
            ],
            "thumbnail": "https://cdn.dummyjson.com/products/images/mobile-accessories/Apple%20Watch%20Series%204%20Gold/thumbnail.png"
        },
        {
            "id": 104,
            "title": "Apple iPhone Charger",
            "description": "The Apple iPhone Charger is a high-quality charger designed for fast and efficient charging of your iPhone. Ensure your device stays powered up and ready to go.",
            "category": "mobile-accessories",
            "price": 19.99,
            "discountPercentage": 1.01,
            "rating": 3.03,
            "stock": 4,
            "tags": [
                "electronics",
                "chargers"
            ],
            "brand": "Apple",
            "sku": "YAA6EHI7",
            "weight": 5,
            "dimensions": {
                "width": 28.77,
                "height": 25.05,
                "depth": 29.55
            },
            "warrantyInformation": "2 year warranty",
            "shippingInformation": "Ships in 1 week",
            "availabilityStatus": "Low Stock",
            "reviews": [
                {
                    "rating": 5,
                    "comment": "Very satisfied!",
                    "date": "2024-05-23T08:56:21.624Z",
                    "reviewerName": "Emily Johnson",
                    "reviewerEmail": "emily.johnson@x.dummyjson.com"
                },
                {
                    "rating": 4,
                    "comment": "Very pleased!",
                    "date": "2024-05-23T08:56:21.624Z",
                    "reviewerName": "Charlotte Lopez",
                    "reviewerEmail": "charlotte.lopez@x.dummyjson.com"
                },
                {
                    "rating": 5,
                    "comment": "Highly recommended!",
                    "date": "2024-05-23T08:56:21.624Z",
                    "reviewerName": "Cameron Perez",
                    "reviewerEmail": "cameron.perez@x.dummyjson.com"
                }
            ],
            "returnPolicy": "60 days return policy",
            "minimumOrderQuantity": 43,
            "meta": {
                "createdAt": "2024-05-23T08:56:21.624Z",
                "updatedAt": "2024-05-23T08:56:21.624Z",
                "barcode": "9483427398580",
                "qrCode": "https://assets.dummyjson.com/public/qr-code.png"
            },
            "images": [
                "https://cdn.dummyjson.com/products/images/mobile-accessories/Apple%20iPhone%20Charger/1.png",
                "https://cdn.dummyjson.com/products/images/mobile-accessories/Apple%20iPhone%20Charger/2.png"
            ],
            "thumbnail": "https://cdn.dummyjson.com/products/images/mobile-accessories/Apple%20iPhone%20Charger/thumbnail.png"
        },
        {
            "id": 79,
            "title": "Asus Zenbook Pro Dual Screen Laptop",
            "description": "The Asus Zenbook Pro Dual Screen Laptop is a high-performance device with dual screens, providing productivity and versatility for creative professionals.",
            "category": "laptops",
            "price": 1799.99,
            "discountPercentage": 9.21,
            "rating": 3.14,
            "stock": 38,
            "tags": [
                "laptops"
            ],
            "brand": "Asus",
            "sku": "4A9KFMBG",
            "weight": 8,
            "dimensions": {
                "width": 19.67,
                "height": 11.05,
                "depth": 14.32
            },
            "warrantyInformation": "No warranty",
            "shippingInformation": "Ships in 3-5 business days",
            "availabilityStatus": "In Stock",
            "reviews": [
                {
                    "rating": 5,
                    "comment": "Very satisfied!",
                    "date": "2024-05-23T08:56:21.622Z",
                    "reviewerName": "Jack Ward",
                    "reviewerEmail": "jack.ward@x.dummyjson.com"
                },
                {
                    "rating": 1,
                    "comment": "Very disappointed!",
                    "date": "2024-05-23T08:56:21.622Z",
                    "reviewerName": "Ava Harris",
                    "reviewerEmail": "ava.harris@x.dummyjson.com"
                },
                {
                    "rating": 5,
                    "comment": "Great value for money!",
                    "date": "2024-05-23T08:56:21.622Z",
                    "reviewerName": "Brayden Fleming",
                    "reviewerEmail": "brayden.fleming@x.dummyjson.com"
                }
            ],
            "returnPolicy": "No return policy",
            "minimumOrderQuantity": 1,
            "meta": {
                "createdAt": "2024-05-23T08:56:21.622Z",
                "updatedAt": "2024-05-23T08:56:21.622Z",
                "barcode": "2899455033799",
                "qrCode": "https://assets.dummyjson.com/public/qr-code.png"
            },
            "images": [
                "https://cdn.dummyjson.com/products/images/laptops/Asus%20Zenbook%20Pro%20Dual%20Screen%20Laptop/1.png",
                "https://cdn.dummyjson.com/products/images/laptops/Asus%20Zenbook%20Pro%20Dual%20Screen%20Laptop/2.png",
                "https://cdn.dummyjson.com/products/images/laptops/Asus%20Zenbook%20Pro%20Dual%20Screen%20Laptop/3.png"
            ],
            "thumbnail": "https://cdn.dummyjson.com/products/images/laptops/Asus%20Zenbook%20Pro%20Dual%20Screen%20Laptop/thumbnail.png"
        },
        {
            "id": 118,
            "title": "Attitude Super Leaves Hand Soap",
            "description": "Attitude Super Leaves Hand Soap is a natural and nourishing hand soap enriched with the goodness of super leaves. It cleanses and moisturizes your hands, leaving them feeling fresh and soft.",
            "category": "skin-care",
            "price": 8.99,
            "discountPercentage": 17.42,
            "rating": 4.68,
            "stock": 98,
            "tags": [
                "personal care",
                "hand soap"
            ],
            "brand": "Attitude",
            "sku": "E6U3C701",
            "weight": 6,
            "dimensions": {
                "width": 9.98,
                "height": 14.56,
                "depth": 19.38
            },
            "warrantyInformation": "3 months warranty",
            "shippingInformation": "Ships in 1 month",
            "availabilityStatus": "In Stock",
            "reviews": [
                {
                    "rating": 2,
                    "comment": "Would not buy again!",
                    "date": "2024-05-23T08:56:21.625Z",
                    "reviewerName": "Luke Cooper",
                    "reviewerEmail": "luke.cooper@x.dummyjson.com"
                },
                {
                    "rating": 4,
                    "comment": "Fast shipping!",
                    "date": "2024-05-23T08:56:21.625Z",
                    "reviewerName": "Mason Parker",
                    "reviewerEmail": "mason.parker@x.dummyjson.com"
                },
                {
                    "rating": 4,
                    "comment": "Very happy with my purchase!",
                    "date": "2024-05-23T08:56:21.625Z",
                    "reviewerName": "Ella Adams",
                    "reviewerEmail": "ella.adams@x.dummyjson.com"
                }
            ],
            "returnPolicy": "No return policy",
            "minimumOrderQuantity": 32,
            "meta": {
                "createdAt": "2024-05-23T08:56:21.625Z",
                "updatedAt": "2024-05-23T08:56:21.625Z",
                "barcode": "4295199431696",
                "qrCode": "https://assets.dummyjson.com/public/qr-code.png"
            },
            "images": [
                "https://cdn.dummyjson.com/products/images/skin-care/Attitude%20Super%20Leaves%20Hand%20Soap/1.png",
                "https://cdn.dummyjson.com/products/images/skin-care/Attitude%20Super%20Leaves%20Hand%20Soap/2.png",
                "https://cdn.dummyjson.com/products/images/skin-care/Attitude%20Super%20Leaves%20Hand%20Soap/3.png"
            ],
            "thumbnail": "https://cdn.dummyjson.com/products/images/skin-care/Attitude%20Super%20Leaves%20Hand%20Soap/thumbnail.png"
        },
        {
            "id": 48,
            "title": "Bamboo Spatula",
            "description": "The Bamboo Spatula is a versatile kitchen tool made from eco-friendly bamboo. Ideal for flipping, stirring, and serving various dishes.",
            "category": "kitchen-accessories",
            "price": 7.99,
            "discountPercentage": 4.85,
            "rating": 4.4,
            "stock": 0,
            "tags": [
                "kitchen tools",
                "utensils"
            ],
            "sku": "MYIWU1I6",
            "weight": 4,
            "dimensions": {
                "width": 27.97,
                "height": 21.77,
                "depth": 21.38
            },
            "warrantyInformation": "1 year warranty",
            "shippingInformation": "Ships in 1 month",
            "availabilityStatus": "Out of Stock",
            "reviews": [
                {
                    "rating": 4,
                    "comment": "Very happy with my purchase!",
                    "date": "2024-05-23T08:56:21.621Z",
                    "reviewerName": "Olivia Anderson",
                    "reviewerEmail": "olivia.anderson@x.dummyjson.com"
                },
                {
                    "rating": 5,
                    "comment": "Fast shipping!",
                    "date": "2024-05-23T08:56:21.621Z",
                    "reviewerName": "Grayson Coleman",
                    "reviewerEmail": "grayson.coleman@x.dummyjson.com"
                },
                {
                    "rating": 4,
                    "comment": "Great product!",
                    "date": "2024-05-23T08:56:21.621Z",
                    "reviewerName": "Mia Miller",
                    "reviewerEmail": "mia.miller@x.dummyjson.com"
                }
            ],
            "returnPolicy": "7 days return policy",
            "minimumOrderQuantity": 26,
            "meta": {
                "createdAt": "2024-05-23T08:56:21.621Z",
                "updatedAt": "2024-05-23T08:56:21.621Z",
                "barcode": "4736572105219",
                "qrCode": "https://assets.dummyjson.com/public/qr-code.png"
            },
            "images": [
                "https://cdn.dummyjson.com/products/images/kitchen-accessories/Bamboo%20Spatula/1.png"
            ],
            "thumbnail": "https://cdn.dummyjson.com/products/images/kitchen-accessories/Bamboo%20Spatula/thumbnail.png"
        },
        {
            "id": 138,
            "title": "Baseball Ball",
            "description": "The Baseball Ball is a standard baseball used in baseball games. It features a durable leather cover and is designed for pitching, hitting, and fielding in the game of baseball.",
            "category": "sports-accessories",
            "price": 8.99,
            "discountPercentage": 13.72,
            "rating": 4.76,
            "stock": 71,
            "tags": [
                "sports equipment",
                "baseball"
            ],
            "sku": "VXE0FZPJ",
            "weight": 6,
            "dimensions": {
                "width": 21.26,
                "height": 20.59,
                "depth": 18.28
            },
            "warrantyInformation": "3 year warranty",
            "shippingInformation": "Ships overnight",
            "availabilityStatus": "In Stock",
            "reviews": [
                {
                    "rating": 5,
                    "comment": "Great product!",
                    "date": "2024-05-23T08:56:21.625Z",
                    "reviewerName": "Henry Adams",
                    "reviewerEmail": "henry.adams@x.dummyjson.com"
                },
                {
                    "rating": 2,
                    "comment": "Waste of money!",
                    "date": "2024-05-23T08:56:21.625Z",
                    "reviewerName": "Zoe Bennett",
                    "reviewerEmail": "zoe.bennett@x.dummyjson.com"
                },
                {
                    "rating": 4,
                    "comment": "Would buy again!",
                    "date": "2024-05-23T08:56:21.625Z",
                    "reviewerName": "Henry Turner",
                    "reviewerEmail": "henry.turner@x.dummyjson.com"
                }
            ],
            "returnPolicy": "No return policy",
            "minimumOrderQuantity": 38,
            "meta": {
                "createdAt": "2024-05-23T08:56:21.625Z",
                "updatedAt": "2024-05-23T08:56:21.625Z",
                "barcode": "2160728153953",
                "qrCode": "https://assets.dummyjson.com/public/qr-code.png"
            },
            "images": [
                "https://cdn.dummyjson.com/products/images/sports-accessories/Baseball%20Ball/1.png"
            ],
            "thumbnail": "https://cdn.dummyjson.com/products/images/sports-accessories/Baseball%20Ball/thumbnail.png"
        },
        {
            "id": 139,
            "title": "Baseball Glove",
            "description": "The Baseball Glove is a protective glove worn by baseball players. It is designed to catch and field the baseball, providing players with comfort and control during the game.",
            "category": "sports-accessories",
            "price": 24.99,
            "discountPercentage": 16.27,
            "rating": 2.72,
            "stock": 43,
            "tags": [
                "sports equipment",
                "baseball"
            ],
            "sku": "WOP4GLB6",
            "weight": 7,
            "dimensions": {
                "width": 15.64,
                "height": 18.72,
                "depth": 26.09
            },
            "warrantyInformation": "3 year warranty",
            "shippingInformation": "Ships in 3-5 business days",
            "availabilityStatus": "In Stock",
            "reviews": [
                {
                    "rating": 5,
                    "comment": "Would buy again!",
                    "date": "2024-05-23T08:56:21.625Z",
                    "reviewerName": "Julian James",
                    "reviewerEmail": "julian.james@x.dummyjson.com"
                },
                {
                    "rating": 5,
                    "comment": "Very happy with my purchase!",
                    "date": "2024-05-23T08:56:21.625Z",
                    "reviewerName": "Samantha Martinez",
                    "reviewerEmail": "samantha.martinez@x.dummyjson.com"
                },
                {
                    "rating": 5,
                    "comment": "Highly impressed!",
                    "date": "2024-05-23T08:56:21.625Z",
                    "reviewerName": "Layla Sullivan",
                    "reviewerEmail": "layla.sullivan@x.dummyjson.com"
                }
            ],
            "returnPolicy": "90 days return policy",
            "minimumOrderQuantity": 3,
            "meta": {
                "createdAt": "2024-05-23T08:56:21.625Z",
                "updatedAt": "2024-05-23T08:56:21.625Z",
                "barcode": "6055304153121",
                "qrCode": "https://assets.dummyjson.com/public/qr-code.png"
            },
            "images": [
                "https://cdn.dummyjson.com/products/images/sports-accessories/Baseball%20Glove/1.png",
                "https://cdn.dummyjson.com/products/images/sports-accessories/Baseball%20Glove/2.png",
                "https://cdn.dummyjson.com/products/images/sports-accessories/Baseball%20Glove/3.png"
            ],
            "thumbnail": "https://cdn.dummyjson.com/products/images/sports-accessories/Baseball%20Glove/thumbnail.png"
        },
        {
            "id": 140,
            "title": "Basketball",
            "description": "The Basketball is a standard ball used in basketball games. It is designed for dribbling, shooting, and passing in the game of basketball, suitable for both indoor and outdoor play.",
            "category": "sports-accessories",
            "price": 14.99,
            "discountPercentage": 18.05,
            "rating": 4.15,
            "stock": 100,
            "tags": [
                "sports equipment",
                "basketball"
            ],
            "sku": "EMF68NH8",
            "weight": 10,
            "dimensions": {
                "width": 15.68,
                "height": 23.18,
                "depth": 16.25
            },
            "warrantyInformation": "3 months warranty",
            "shippingInformation": "Ships in 1 month",
            "availabilityStatus": "In Stock",
            "reviews": [
                {
                    "rating": 2,
                    "comment": "Not worth the price!",
                    "date": "2024-05-23T08:56:21.625Z",
                    "reviewerName": "Luna Russell",
                    "reviewerEmail": "luna.russell@x.dummyjson.com"
                },
                {
                    "rating": 5,
                    "comment": "Highly impressed!",
                    "date": "2024-05-23T08:56:21.625Z",
                    "reviewerName": "Asher Scott",
                    "reviewerEmail": "asher.scott@x.dummyjson.com"
                },
                {
                    "rating": 4,
                    "comment": "Awesome product!",
                    "date": "2024-05-23T08:56:21.625Z",
                    "reviewerName": "Max Russell",
                    "reviewerEmail": "max.russell@x.dummyjson.com"
                }
            ],
            "returnPolicy": "30 days return policy",
            "minimumOrderQuantity": 2,
            "meta": {
                "createdAt": "2024-05-23T08:56:21.625Z",
                "updatedAt": "2024-05-23T08:56:21.625Z",
                "barcode": "0365979467747",
                "qrCode": "https://assets.dummyjson.com/public/qr-code.png"
            },
            "images": [
                "https://cdn.dummyjson.com/products/images/sports-accessories/Basketball/1.png"
            ],
            "thumbnail": "https://cdn.dummyjson.com/products/images/sports-accessories/Basketball/thumbnail.png"
        },
        {
            "id": 141,
            "title": "Basketball Rim",
            "description": "The Basketball Rim is a sturdy hoop and net assembly mounted on a basketball backboard. It provides a target for shooting and scoring in the game of basketball.",
            "category": "sports-accessories",
            "price": 39.99,
            "discountPercentage": 6.02,
            "rating": 4.98,
            "stock": 57,
            "tags": [
                "sports equipment",
                "basketball"
            ],
            "sku": "ENEWIQSR",
            "weight": 7,
            "dimensions": {
                "width": 12.95,
                "height": 15.58,
                "depth": 15.23
            },
            "warrantyInformation": "Lifetime warranty",
            "shippingInformation": "Ships in 2 weeks",
            "availabilityStatus": "In Stock",
            "reviews": [
                {
                    "rating": 5,
                    "comment": "Awesome product!",
                    "date": "2024-05-23T08:56:21.625Z",
                    "reviewerName": "Lily Lee",
                    "reviewerEmail": "lily.lee@x.dummyjson.com"
                },
                {
                    "rating": 5,
                    "comment": "Awesome product!",
                    "date": "2024-05-23T08:56:21.625Z",
                    "reviewerName": "Avery Carter",
                    "reviewerEmail": "avery.carter@x.dummyjson.com"
                },
                {
                    "rating": 4,
                    "comment": "Very happy with my purchase!",
                    "date": "2024-05-23T08:56:21.625Z",
                    "reviewerName": "Miles Stevenson",
                    "reviewerEmail": "miles.stevenson@x.dummyjson.com"
                }
            ],
            "returnPolicy": "7 days return policy",
            "minimumOrderQuantity": 10,
            "meta": {
                "createdAt": "2024-05-23T08:56:21.625Z",
                "updatedAt": "2024-05-23T08:56:21.625Z",
                "barcode": "6350072055940",
                "qrCode": "https://assets.dummyjson.com/public/qr-code.png"
            },
            "images": [
                "https://cdn.dummyjson.com/products/images/sports-accessories/Basketball%20Rim/1.png"
            ],
            "thumbnail": "https://cdn.dummyjson.com/products/images/sports-accessories/Basketball%20Rim/thumbnail.png"
        },
        {
            "id": 107,
            "title": "Beats Flex Wireless Earphones",
            "description": "The Beats Flex Wireless Earphones offer a comfortable and versatile audio experience. With magnetic earbuds and up to 12 hours of battery life, they are ideal for everyday use.",
            "category": "mobile-accessories",
            "price": 49.99,
            "discountPercentage": 8.27,
            "rating": 4.17,
            "stock": 49,
            "tags": [
                "electronics",
                "wireless earphones"
            ],
            "brand": "Beats",
            "sku": "7N15J2UK",
            "weight": 6,
            "dimensions": {
                "width": 23.49,
                "height": 15.22,
                "depth": 20.05
            },
            "warrantyInformation": "1 week warranty",
            "shippingInformation": "Ships overnight",
            "availabilityStatus": "In Stock",
            "reviews": [
                {
                    "rating": 5,
                    "comment": "Very satisfied!",
                    "date": "2024-05-23T08:56:21.624Z",
                    "reviewerName": "Hannah Robinson",
                    "reviewerEmail": "hannah.robinson@x.dummyjson.com"
                },
                {
                    "rating": 4,
                    "comment": "Awesome product!",
                    "date": "2024-05-23T08:56:21.624Z",
                    "reviewerName": "Grace Perry",
                    "reviewerEmail": "grace.perry@x.dummyjson.com"
                },
                {
                    "rating": 5,
                    "comment": "Very satisfied!",
                    "date": "2024-05-23T08:56:21.624Z",
                    "reviewerName": "Grayson Coleman",
                    "reviewerEmail": "grayson.coleman@x.dummyjson.com"
                }
            ],
            "returnPolicy": "7 days return policy",
            "minimumOrderQuantity": 19,
            "meta": {
                "createdAt": "2024-05-23T08:56:21.624Z",
                "updatedAt": "2024-05-23T08:56:21.624Z",
                "barcode": "4068884711976",
                "qrCode": "https://assets.dummyjson.com/public/qr-code.png"
            },
            "images": [
                "https://cdn.dummyjson.com/products/images/mobile-accessories/Beats%20Flex%20Wireless%20Earphones/1.png"
            ],
            "thumbnail": "https://cdn.dummyjson.com/products/images/mobile-accessories/Beats%20Flex%20Wireless%20Earphones/thumbnail.png"
        },
        {
            "id": 13,
            "title": "Bedside Table African Cherry",
            "description": "The Bedside Table in African Cherry is a stylish and functional addition to your bedroom, providing convenient storage space and a touch of elegance.",
            "category": "furniture",
            "price": 299.99,
            "discountPercentage": 9.58,
            "rating": 4.48,
            "stock": 16,
            "tags": [
                "furniture",
                "bedside tables"
            ],
            "brand": "Furniture Co.",
            "sku": "OWPLTZYX",
            "weight": 10,
            "dimensions": {
                "width": 25.43,
                "height": 20.2,
                "depth": 24.95
            },
            "warrantyInformation": "6 months warranty",
            "shippingInformation": "Ships in 1-2 business days",
            "availabilityStatus": "In Stock",
            "reviews": [
                {
                    "rating": 5,
                    "comment": "Very happy with my purchase!",
                    "date": "2024-05-23T08:56:21.620Z",
                    "reviewerName": "John Doe",
                    "reviewerEmail": "john.doe@x.dummyjson.com"
                },
                {
                    "rating": 4,
                    "comment": "Highly recommended!",
                    "date": "2024-05-23T08:56:21.620Z",
                    "reviewerName": "Avery Carter",
                    "reviewerEmail": "avery.carter@x.dummyjson.com"
                },
                {
                    "rating": 4,
                    "comment": "Very pleased!",
                    "date": "2024-05-23T08:56:21.620Z",
                    "reviewerName": "Evelyn Sanchez",
                    "reviewerEmail": "evelyn.sanchez@x.dummyjson.com"
                }
            ],
            "returnPolicy": "No return policy",
            "minimumOrderQuantity": 5,
            "meta": {
                "createdAt": "2024-05-23T08:56:21.620Z",
                "updatedAt": "2024-05-23T08:56:21.620Z",
                "barcode": "2913244159666",
                "qrCode": "https://assets.dummyjson.com/public/qr-code.png"
            },
            "images": [
                "https://cdn.dummyjson.com/products/images/furniture/Bedside%20Table%20African%20Cherry/1.png",
                "https://cdn.dummyjson.com/products/images/furniture/Bedside%20Table%20African%20Cherry/2.png",
                "https://cdn.dummyjson.com/products/images/furniture/Bedside%20Table%20African%20Cherry/3.png"
            ],
            "thumbnail": "https://cdn.dummyjson.com/products/images/furniture/Bedside%20Table%20African%20Cherry/thumbnail.png"
        },
        {
            "id": 17,
            "title": "Beef Steak",
            "description": "High-quality beef steak, great for grilling or cooking to your preferred level of doneness.",
            "category": "groceries",
            "price": 12.99,
            "discountPercentage": 17.99,
            "rating": 2.83,
            "stock": 96,
            "tags": [
                "meat"
            ],
            "sku": "BWWA2MSO",
            "weight": 9,
            "dimensions": {
                "width": 23.35,
                "height": 13.48,
                "depth": 26.4
            },
            "warrantyInformation": "1 month warranty",
            "shippingInformation": "Ships overnight",
            "availabilityStatus": "In Stock",
            "reviews": [
                {
                    "rating": 4,
                    "comment": "Very pleased!",
                    "date": "2024-05-23T08:56:21.620Z",
                    "reviewerName": "Ethan Martinez",
                    "reviewerEmail": "ethan.martinez@x.dummyjson.com"
                },
                {
                    "rating": 3,
                    "comment": "Disappointing product!",
                    "date": "2024-05-23T08:56:21.620Z",
                    "reviewerName": "Owen Fisher",
                    "reviewerEmail": "owen.fisher@x.dummyjson.com"
                },
                {
                    "rating": 4,
                    "comment": "Very happy with my purchase!",
                    "date": "2024-05-23T08:56:21.620Z",
                    "reviewerName": "Scarlett Wright",
                    "reviewerEmail": "scarlett.wright@x.dummyjson.com"
                }
            ],
            "returnPolicy": "90 days return policy",
            "minimumOrderQuantity": 21,
            "meta": {
                "createdAt": "2024-05-23T08:56:21.620Z",
                "updatedAt": "2024-05-23T08:56:21.620Z",
                "barcode": "8335515097879",
                "qrCode": "https://assets.dummyjson.com/public/qr-code.png"
            },
            "images": [
                "https://cdn.dummyjson.com/products/images/groceries/Beef%20Steak/1.png"
            ],
            "thumbnail": "https://cdn.dummyjson.com/products/images/groceries/Beef%20Steak/thumbnail.png"
        },
        {
            "id": 185,
            "title": "Black & Brown Slipper",
            "description": "The Black & Brown Slipper is a comfortable and stylish choice for casual wear. Featuring a blend of black and brown colors, it adds a touch of sophistication to your relaxation.",
            "category": "womens-shoes",
            "price": 19.99,
            "discountPercentage": 13.62,
            "rating": 4.13,
            "stock": 80,
            "tags": [
                "footwear",
                "slippers"
            ],
            "brand": "Comfort Trends",
            "sku": "0EVS1LOK",
            "weight": 9,
            "dimensions": {
                "width": 9.73,
                "height": 15.4,
                "depth": 6.3
            },
            "warrantyInformation": "2 year warranty",
            "shippingInformation": "Ships in 1-2 business days",
            "availabilityStatus": "In Stock",
            "reviews": [
                {
                    "rating": 1,
                    "comment": "Not as described!",
                    "date": "2024-05-23T08:56:21.627Z",
                    "reviewerName": "Ethan Fletcher",
                    "reviewerEmail": "ethan.fletcher@x.dummyjson.com"
                },
                {
                    "rating": 2,
                    "comment": "Very disappointed!",
                    "date": "2024-05-23T08:56:21.627Z",
                    "reviewerName": "Nathan Dixon",
                    "reviewerEmail": "nathan.dixon@x.dummyjson.com"
                },
                {
                    "rating": 5,
                    "comment": "Great value for money!",
                    "date": "2024-05-23T08:56:21.627Z",
                    "reviewerName": "Savannah Gomez",
                    "reviewerEmail": "savannah.gomez@x.dummyjson.com"
                }
            ],
            "returnPolicy": "90 days return policy",
            "minimumOrderQuantity": 29,
            "meta": {
                "createdAt": "2024-05-23T08:56:21.627Z",
                "updatedAt": "2024-05-23T08:56:21.627Z",
                "barcode": "7641648910463",
                "qrCode": "https://assets.dummyjson.com/public/qr-code.png"
            },
            "images": [
                "https://cdn.dummyjson.com/products/images/womens-shoes/Black%20&%20Brown%20Slipper/1.png",
                "https://cdn.dummyjson.com/products/images/womens-shoes/Black%20&%20Brown%20Slipper/2.png",
                "https://cdn.dummyjson.com/products/images/womens-shoes/Black%20&%20Brown%20Slipper/3.png",
                "https://cdn.dummyjson.com/products/images/womens-shoes/Black%20&%20Brown%20Slipper/4.png"
            ],
            "thumbnail": "https://cdn.dummyjson.com/products/images/womens-shoes/Black%20&%20Brown%20Slipper/thumbnail.png"
        },
        {
            "id": 49,
            "title": "Black Aluminium Cup",
            "description": "The Black Aluminium Cup is a stylish and durable cup suitable for both hot and cold beverages. Its sleek black design adds a modern touch to your drinkware collection.",
            "category": "kitchen-accessories",
            "price": 5.99,
            "discountPercentage": 9.22,
            "rating": 3.62,
            "stock": 42,
            "tags": [
                "drinkware",
                "cups"
            ],
            "sku": "1CSCC3UH",
            "weight": 8,
            "dimensions": {
                "width": 7.48,
                "height": 23.98,
                "depth": 12.84
            },
            "warrantyInformation": "Lifetime warranty",
            "shippingInformation": "Ships in 1 week",
            "availabilityStatus": "In Stock",
            "reviews": [
                {
                    "rating": 4,
                    "comment": "Great value for money!",
                    "date": "2024-05-23T08:56:21.621Z",
                    "reviewerName": "Bella Grant",
                    "reviewerEmail": "bella.grant@x.dummyjson.com"
                },
                {
                    "rating": 2,
                    "comment": "Waste of money!",
                    "date": "2024-05-23T08:56:21.621Z",
                    "reviewerName": "Layla Young",
                    "reviewerEmail": "layla.young@x.dummyjson.com"
                },
                {
                    "rating": 2,
                    "comment": "Would not recommend!",
                    "date": "2024-05-23T08:56:21.621Z",
                    "reviewerName": "Wyatt Perry",
                    "reviewerEmail": "wyatt.perry@x.dummyjson.com"
                }
            ],
            "returnPolicy": "7 days return policy",
            "minimumOrderQuantity": 5,
            "meta": {
                "createdAt": "2024-05-23T08:56:21.621Z",
                "updatedAt": "2024-05-23T08:56:21.621Z",
                "barcode": "9830484636197",
                "qrCode": "https://assets.dummyjson.com/public/qr-code.png"
            },
            "images": [
                "https://cdn.dummyjson.com/products/images/kitchen-accessories/Black%20Aluminium%20Cup/1.png",
                "https://cdn.dummyjson.com/products/images/kitchen-accessories/Black%20Aluminium%20Cup/2.png"
            ],
            "thumbnail": "https://cdn.dummyjson.com/products/images/kitchen-accessories/Black%20Aluminium%20Cup/thumbnail.png"
        },
        {
            "id": 154,
            "title": "Black Sun Glasses",
            "description": "The Black Sun Glasses are a classic and stylish choice, featuring a sleek black frame and tinted lenses. They provide both UV protection and a fashionable look.",
            "category": "sunglasses",
            "price": 29.99,
            "discountPercentage": 14.22,
            "rating": 3.23,
            "stock": 100,
            "tags": [
                "eyewear",
                "sunglasses"
            ],
            "brand": "Fashion Shades",
            "sku": "572XJQ54",
            "weight": 3,
            "dimensions": {
                "width": 14.41,
                "height": 22.93,
                "depth": 9.36
            },
            "warrantyInformation": "1 year warranty",
            "shippingInformation": "Ships in 3-5 business days",
            "availabilityStatus": "In Stock",
            "reviews": [
                {
                    "rating": 2,
                    "comment": "Disappointing product!",
                    "date": "2024-05-23T08:56:21.626Z",
                    "reviewerName": "Hunter Gordon",
                    "reviewerEmail": "hunter.gordon@x.dummyjson.com"
                },
                {
                    "rating": 4,
                    "comment": "Fast shipping!",
                    "date": "2024-05-23T08:56:21.626Z",
                    "reviewerName": "Christopher West",
                    "reviewerEmail": "christopher.west@x.dummyjson.com"
                },
                {
                    "rating": 5,
                    "comment": "Would buy again!",
                    "date": "2024-05-23T08:56:21.626Z",
                    "reviewerName": "Addison Ward",
                    "reviewerEmail": "addison.ward@x.dummyjson.com"
                }
            ],
            "returnPolicy": "No return policy",
            "minimumOrderQuantity": 18,
            "meta": {
                "createdAt": "2024-05-23T08:56:21.626Z",
                "updatedAt": "2024-05-23T08:56:21.626Z",
                "barcode": "5882136939141",
                "qrCode": "https://assets.dummyjson.com/public/qr-code.png"
            },
            "images": [
                "https://cdn.dummyjson.com/products/images/sunglasses/Black%20Sun%20Glasses/1.png",
                "https://cdn.dummyjson.com/products/images/sunglasses/Black%20Sun%20Glasses/2.png",
                "https://cdn.dummyjson.com/products/images/sunglasses/Black%20Sun%20Glasses/3.png"
            ],
            "thumbnail": "https://cdn.dummyjson.com/products/images/sunglasses/Black%20Sun%20Glasses/thumbnail.png"
        },
        {
            "id": 50,
            "title": "Black Whisk",
            "description": "The Black Whisk is a kitchen essential for whisking and beating ingredients. Its ergonomic handle and sleek design make it a practical and stylish tool.",
            "category": "kitchen-accessories",
            "price": 9.99,
            "discountPercentage": 16.87,
            "rating": 2.88,
            "stock": 17,
            "tags": [
                "kitchen tools",
                "utensils"
            ],
            "sku": "0TDFNB1Q",
            "weight": 6,
            "dimensions": {
                "width": 21.06,
                "height": 15.46,
                "depth": 13.28
            },
            "warrantyInformation": "5 year warranty",
            "shippingInformation": "Ships in 3-5 business days",
            "availabilityStatus": "In Stock",
            "reviews": [
                {
                    "rating": 1,
                    "comment": "Disappointing product!",
                    "date": "2024-05-23T08:56:21.621Z",
                    "reviewerName": "Claire Foster",
                    "reviewerEmail": "claire.foster@x.dummyjson.com"
                },
                {
                    "rating": 3,
                    "comment": "Would not buy again!",
                    "date": "2024-05-23T08:56:21.621Z",
                    "reviewerName": "Sophia Jones",
                    "reviewerEmail": "sophia.jones@x.dummyjson.com"
                },
                {
                    "rating": 4,
                    "comment": "Great value for money!",
                    "date": "2024-05-23T08:56:21.621Z",
                    "reviewerName": "Avery Scott",
                    "reviewerEmail": "avery.scott@x.dummyjson.com"
                }
            ],
            "returnPolicy": "30 days return policy",
            "minimumOrderQuantity": 30,
            "meta": {
                "createdAt": "2024-05-23T08:56:21.621Z",
                "updatedAt": "2024-05-23T08:56:21.621Z",
                "barcode": "6349276911476",
                "qrCode": "https://assets.dummyjson.com/public/qr-code.png"
            },
            "images": [
                "https://cdn.dummyjson.com/products/images/kitchen-accessories/Black%20Whisk/1.png"
            ],
            "thumbnail": "https://cdn.dummyjson.com/products/images/kitchen-accessories/Black%20Whisk/thumbnail.png"
        },
        {
            "id": 177,
            "title": "Black Women's Gown",
            "description": "The Black Women's Gown is an elegant and timeless evening gown. With a sleek black design, it's perfect for formal events and special occasions, exuding sophistication and style.",
            "category": "womens-dresses",
            "price": 129.99,
            "discountPercentage": 5.86,
            "rating": 4.77,
            "stock": 59,
            "tags": [
                "clothing",
                "gowns"
            ],
            "sku": "CL0LXEBG",
            "weight": 7,
            "dimensions": {
                "width": 22.4,
                "height": 22.15,
                "depth": 21.87
            },
            "warrantyInformation": "Lifetime warranty",
            "shippingInformation": "Ships in 1 month",
            "availabilityStatus": "In Stock",
            "reviews": [
                {
                    "rating": 5,
                    "comment": "Very satisfied!",
                    "date": "2024-05-23T08:56:21.627Z",
                    "reviewerName": "Aria Flores",
                    "reviewerEmail": "aria.flores@x.dummyjson.com"
                },
                {
                    "rating": 5,
                    "comment": "Great product!",
                    "date": "2024-05-23T08:56:21.627Z",
                    "reviewerName": "Stella Hughes",
                    "reviewerEmail": "stella.hughes@x.dummyjson.com"
                },
                {
                    "rating": 1,
                    "comment": "Not as described!",
                    "date": "2024-05-23T08:56:21.627Z",
                    "reviewerName": "Mason Pearson",
                    "reviewerEmail": "mason.pearson@x.dummyjson.com"
                }
            ],
            "returnPolicy": "7 days return policy",
            "minimumOrderQuantity": 2,
            "meta": {
                "createdAt": "2024-05-23T08:56:21.627Z",
                "updatedAt": "2024-05-23T08:56:21.627Z",
                "barcode": "3515162615847",
                "qrCode": "https://assets.dummyjson.com/public/qr-code.png"
            },
            "images": [
                "https://cdn.dummyjson.com/products/images/womens-dresses/Black%20Women's%20Gown/1.png",
                "https://cdn.dummyjson.com/products/images/womens-dresses/Black%20Women's%20Gown/2.png",
                "https://cdn.dummyjson.com/products/images/womens-dresses/Black%20Women's%20Gown/3.png",
                "https://cdn.dummyjson.com/products/images/womens-dresses/Black%20Women's%20Gown/4.png"
            ],
            "thumbnail": "https://cdn.dummyjson.com/products/images/womens-dresses/Black%20Women's%20Gown/thumbnail.png"
        },
        {
            "id": 83,
            "title": "Blue & Black Check Shirt",
            "description": "The Blue & Black Check Shirt is a stylish and comfortable men's shirt featuring a classic check pattern. Made from high-quality fabric, it's suitable for both casual and semi-formal occasions.",
            "category": "mens-shirts",
            "price": 29.99,
            "discountPercentage": 1.41,
            "rating": 4.19,
            "stock": 44,
            "tags": [
                "clothing",
                "men's shirts"
            ],
            "brand": "Fashion Trends",
            "sku": "6RJDTVCU",
            "weight": 6,
            "dimensions": {
                "width": 17.25,
                "height": 27.31,
                "depth": 20.88
            },
            "warrantyInformation": "No warranty",
            "shippingInformation": "Ships in 1 month",
            "availabilityStatus": "In Stock",
            "reviews": [
                {
                    "rating": 4,
                    "comment": "Highly recommended!",
                    "date": "2024-05-23T08:56:21.623Z",
                    "reviewerName": "Mason Parker",
                    "reviewerEmail": "mason.parker@x.dummyjson.com"
                },
                {
                    "rating": 5,
                    "comment": "Highly impressed!",
                    "date": "2024-05-23T08:56:21.623Z",
                    "reviewerName": "Avery Perez",
                    "reviewerEmail": "avery.perez@x.dummyjson.com"
                },
                {
                    "rating": 5,
                    "comment": "Fast shipping!",
                    "date": "2024-05-23T08:56:21.623Z",
                    "reviewerName": "Nathan Reed",
                    "reviewerEmail": "nathan.reed@x.dummyjson.com"
                }
            ],
            "returnPolicy": "7 days return policy",
            "minimumOrderQuantity": 4,
            "meta": {
                "createdAt": "2024-05-23T08:56:21.623Z",
                "updatedAt": "2024-05-23T08:56:21.623Z",
                "barcode": "8840720880947",
                "qrCode": "https://assets.dummyjson.com/public/qr-code.png"
            },
            "images": [
                "https://cdn.dummyjson.com/products/images/mens-shirts/Blue%20&%20Black%20Check%20Shirt/1.png",
                "https://cdn.dummyjson.com/products/images/mens-shirts/Blue%20&%20Black%20Check%20Shirt/2.png",
                "https://cdn.dummyjson.com/products/images/mens-shirts/Blue%20&%20Black%20Check%20Shirt/3.png",
                "https://cdn.dummyjson.com/products/images/mens-shirts/Blue%20&%20Black%20Check%20Shirt/4.png"
            ],
            "thumbnail": "https://cdn.dummyjson.com/products/images/mens-shirts/Blue%20&%20Black%20Check%20Shirt/thumbnail.png"
        }
    ],
    "total": 194,
    "skip": 0,
    "limit": 30
}
]]></system-out>
  </testcase>
  <testcase name="addNewProduct" classname="apitesting_restassured.Testsuite" time="0.765">
    <system-out><![CDATA[HTTP/1.1 201 Created
Server: Cowboy
Report-To: {"group":"heroku-nel","max_age":3600,"endpoints":[{"url":"https://nel.heroku.com/reports?ts=1721450484&sid=e11707d5-02a7-43ef-b45e-2cf4d2036f7d&s=FoKpIRLfR9DAaVQjDQmuPTJEqwYATiVw01xYYV%2F7CB8%3D"}]}
Reporting-Endpoints: heroku-nel=https://nel.heroku.com/reports?ts=1721450484&sid=e11707d5-02a7-43ef-b45e-2cf4d2036f7d&s=FoKpIRLfR9DAaVQjDQmuPTJEqwYATiVw01xYYV%2F7CB8%3D
Nel: {"report_to":"heroku-nel","max_age":3600,"success_fraction":0.005,"failure_fraction":0.05,"response_headers":["Via"]}
Connection: keep-alive
Access-Control-Allow-Origin: *
X-Dns-Prefetch-Control: off
X-Frame-Options: SAMEORIGIN
Strict-Transport-Security: max-age=15552000; includeSubDomains
X-Download-Options: noopen
X-Content-Type-Options: nosniff
X-Xss-Protection: 1; mode=block
X-Ratelimit-Limit: 100
X-Ratelimit-Remaining: 91
Date: Sat, 20 Jul 2024 04:41:24 GMT
X-Ratelimit-Reset: 1721450487
Content-Type: application/json; charset=utf-8
Content-Length: 31
Etag: W/"1f-RqZNit/MiLFVm54Wt4o8zEFLB04"
Vary: Accept-Encoding
Via: 1.1 vegur

{
    "id": 195,
    "title": "BMW Pencil"
}
]]></system-out>
  </testcase>
  <testcase name="updateProduct" classname="apitesting_restassured.Testsuite" time="0.865">
    <system-out><![CDATA[HTTP/1.1 200 OK
Server: Cowboy
Report-To: {"group":"heroku-nel","max_age":3600,"endpoints":[{"url":"https://nel.heroku.com/reports?ts=1721450484&sid=e11707d5-02a7-43ef-b45e-2cf4d2036f7d&s=FoKpIRLfR9DAaVQjDQmuPTJEqwYATiVw01xYYV%2F7CB8%3D"}]}
Reporting-Endpoints: heroku-nel=https://nel.heroku.com/reports?ts=1721450484&sid=e11707d5-02a7-43ef-b45e-2cf4d2036f7d&s=FoKpIRLfR9DAaVQjDQmuPTJEqwYATiVw01xYYV%2F7CB8%3D
Nel: {"report_to":"heroku-nel","max_age":3600,"success_fraction":0.005,"failure_fraction":0.05,"response_headers":["Via"]}
Connection: keep-alive
Access-Control-Allow-Origin: *
X-Dns-Prefetch-Control: off
X-Frame-Options: SAMEORIGIN
Strict-Transport-Security: max-age=15552000; includeSubDomains
X-Download-Options: noopen
X-Content-Type-Options: nosniff
X-Xss-Protection: 1; mode=block
X-Ratelimit-Limit: 100
X-Ratelimit-Remaining: 90
Date: Sat, 20 Jul 2024 04:41:24 GMT
X-Ratelimit-Reset: 1721450487
Content-Type: application/json; charset=utf-8
Content-Length: 547
Etag: W/"223-wBP/m3t9c4ixkh6LI/xGVIYVx70"
Vary: Accept-Encoding
Via: 1.1 vegur

{
    "id": 1,
    "title": "iPhone Galaxy +1",
    "price": 9.99,
    "discountPercentage": 7.17,
    "stock": 5,
    "rating": 4.94,
    "images": [
        "https://cdn.dummyjson.com/products/images/beauty/Essence%20Mascara%20Lash%20Princess/1.png"
    ],
    "thumbnail": "https://cdn.dummyjson.com/products/images/beauty/Essence%20Mascara%20Lash%20Princess/thumbnail.png",
    "description": "The Essence Mascara Lash Princess is a popular mascara known for its volumizing and lengthening effects. Achieve dramatic lashes with this long-lasting and cruelty-free formula.",
    "brand": "Essence",
    "category": "beauty"
}
]]></system-out>
  </testcase>
  <testcase name="Get_current_user" classname="apitesting_restassured.Testsuite" time="0.867">
    <system-out><![CDATA[HTTP/1.1 200 OK
Server: Cowboy
Report-To: {"group":"heroku-nel","max_age":3600,"endpoints":[{"url":"https://nel.heroku.com/reports?ts=1721450485&sid=e11707d5-02a7-43ef-b45e-2cf4d2036f7d&s=t34XxStzStUDJV0Jl9F8vaxPueBbrn1m4yEdxZIcG3o%3D"}]}
Reporting-Endpoints: heroku-nel=https://nel.heroku.com/reports?ts=1721450485&sid=e11707d5-02a7-43ef-b45e-2cf4d2036f7d&s=t34XxStzStUDJV0Jl9F8vaxPueBbrn1m4yEdxZIcG3o%3D
Nel: {"report_to":"heroku-nel","max_age":3600,"success_fraction":0.005,"failure_fraction":0.05,"response_headers":["Via"]}
Connection: keep-alive
Access-Control-Allow-Origin: *
X-Dns-Prefetch-Control: off
X-Frame-Options: SAMEORIGIN
Strict-Transport-Security: max-age=15552000; includeSubDomains
X-Download-Options: noopen
X-Content-Type-Options: nosniff
X-Xss-Protection: 1; mode=block
X-Ratelimit-Limit: 100
X-Ratelimit-Remaining: 89
Date: Sat, 20 Jul 2024 04:41:25 GMT
X-Ratelimit-Reset: 1721450487
Content-Type: application/json; charset=utf-8
Etag: W/"568-BGMOTX/bVP5GlByvRV8oiM9w86Y"
Vary: Accept-Encoding
Content-Encoding: gzip
Transfer-Encoding: chunked
Via: 1.1 vegur

{
    "id": 2,
    "firstName": "Michael",
    "lastName": "Williams",
    "maidenName": "",
    "age": 35,
    "gender": "male",
    "email": "michael.williams@x.dummyjson.com",
    "phone": "+49 258-627-6644",
    "username": "michaelw",
    "password": "michaelwpass",
    "birthDate": "1989-8-10",
    "image": "https://dummyjson.com/icon/michaelw/128",
    "bloodGroup": "B+",
    "height": 186.22,
    "weight": 76.32,
    "eyeColor": "Red",
    "hair": {
        "color": "Green",
        "type": "Straight"
    },
    "ip": "12.13.116.142",
    "address": {
        "address": "385 Fifth Street",
        "city": "Houston",
        "state": "Alabama",
        "stateCode": "AL",
        "postalCode": "38807",
        "coordinates": {
            "lat": 22.815468,
            "lng": 115.608581
        },
        "country": "United States"
    },
    "macAddress": "79:15:78:99:60:aa",
    "university": "Ohio State University",
    "bank": {
        "cardExpire": "02/27",
        "cardNumber": "6737807858721625",
        "cardType": "Elo",
        "currency": "SEK",
        "iban": "83IDT77FWYLCJVR8ISDACFH0"
    },
    "company": {
        "department": "Support",
        "name": "Spinka - Dickinson",
        "title": "Support Specialist",
        "address": {
            "address": "395 Main Street",
            "city": "Los Angeles",
            "state": "New Hampshire",
            "stateCode": "NH",
            "postalCode": "73442",
            "coordinates": {
                "lat": 79.098326,
                "lng": -119.624845
            },
            "country": "United States"
        }
    },
    "ein": "912-602",
    "ssn": "108-953-962",
    "userAgent": "Mozilla/5.0 (Windows NT 10.0; Win64; x64) AppleWebKit/537.36 (KHTML, like Gecko) Edge/97.0.1072.76 Safari/537.36",
    "crypto": {
        "coin": "Bitcoin",
        "wallet": "0xb9fc2fe63b2a6c003f1c324c3bfa53259162181a",
        "network": "Ethereum (ERC20)"
    },
    "role": "admin"
}
]]></system-out>
  </testcase>
  <testcase name="refreshAuthToken" classname="apitesting_restassured.Testsuite" time="0.837">
    <system-out><![CDATA[HTTP/1.1 200 OK
Server: Cowboy
Report-To: {"group":"heroku-nel","max_age":3600,"endpoints":[{"url":"https://nel.heroku.com/reports?ts=1721450486&sid=e11707d5-02a7-43ef-b45e-2cf4d2036f7d&s=i%2FDmkv4VvY92xxBTqhPDd1i2Hifb%2F3rlCRxCCiR12FY%3D"}]}
Reporting-Endpoints: heroku-nel=https://nel.heroku.com/reports?ts=1721450486&sid=e11707d5-02a7-43ef-b45e-2cf4d2036f7d&s=i%2FDmkv4VvY92xxBTqhPDd1i2Hifb%2F3rlCRxCCiR12FY%3D
Nel: {"report_to":"heroku-nel","max_age":3600,"success_fraction":0.005,"failure_fraction":0.05,"response_headers":["Via"]}
Connection: keep-alive
Access-Control-Allow-Origin: *
X-Dns-Prefetch-Control: off
X-Frame-Options: SAMEORIGIN
Strict-Transport-Security: max-age=15552000; includeSubDomains
X-Download-Options: noopen
X-Content-Type-Options: nosniff
X-Xss-Protection: 1; mode=block
X-Ratelimit-Limit: 100
X-Ratelimit-Remaining: 99
Date: Sat, 20 Jul 2024 04:41:26 GMT
X-Ratelimit-Reset: 1721450497
Content-Type: application/json; charset=utf-8
Content-Length: 772
Etag: W/"304-h8lXxOpHAFWuhr82CqzepItIleQ"
Vary: Accept-Encoding
Via: 1.1 vegur

{
    "token": "eyJhbGciOiJIUzI1NiIsInR5cCI6IkpXVCJ9.eyJpZCI6MiwidXNlcm5hbWUiOiJtaWNoYWVsdyIsImVtYWlsIjoibWljaGFlbC53aWxsaWFtc0B4LmR1bW15anNvbi5jb20iLCJmaXJzdE5hbWUiOiJNaWNoYWVsIiwibGFzdE5hbWUiOiJXaWxsaWFtcyIsImdlbmRlciI6Im1hbGUiLCJpbWFnZSI6Imh0dHBzOi8vZHVtbXlqc29uLmNvbS9pY29uL21pY2hhZWx3LzEyOCIsImlhdCI6MTcyMTQ1MDQ4NiwiZXhwIjoxNzIxNDU0MDg2fQ.ZFCkgeTf5xpkKgZbreIJf2usODTx91T5ab-0V7FT9aw",
    "refreshToken": "eyJhbGciOiJIUzI1NiIsInR5cCI6IkpXVCJ9.eyJpZCI6MiwidXNlcm5hbWUiOiJtaWNoYWVsdyIsImVtYWlsIjoibWljaGFlbC53aWxsaWFtc0B4LmR1bW15anNvbi5jb20iLCJmaXJzdE5hbWUiOiJNaWNoYWVsIiwibGFzdE5hbWUiOiJXaWxsaWFtcyIsImdlbmRlciI6Im1hbGUiLCJpbWFnZSI6Imh0dHBzOi8vZHVtbXlqc29uLmNvbS9pY29uL21pY2hhZWx3LzEyOCIsImlhdCI6MTcyMTQ1MDQ4NiwiZXhwIjoxNzI0MDQyNDg2fQ.KYkWroOhNk_nCQg8FMs99Y3z2bL4bvygVWvM93WRy2U"
}
New Token: eyJhbGciOiJIUzI1NiIsInR5cCI6IkpXVCJ9.eyJpZCI6MiwidXNlcm5hbWUiOiJtaWNoYWVsdyIsImVtYWlsIjoibWljaGFlbC53aWxsaWFtc0B4LmR1bW15anNvbi5jb20iLCJmaXJzdE5hbWUiOiJNaWNoYWVsIiwibGFzdE5hbWUiOiJXaWxsaWFtcyIsImdlbmRlciI6Im1hbGUiLCJpbWFnZSI6Imh0dHBzOi8vZHVtbXlqc29uLmNvbS9pY29uL21pY2hhZWx3LzEyOCIsImlhdCI6MTcyMTQ1MDQ4NiwiZXhwIjoxNzIxNDU0MDg2fQ.ZFCkgeTf5xpkKgZbreIJf2usODTx91T5ab-0V7FT9aw
]]></system-out>
  </testcase>
</testsuite>