<?xml version="1.0" encoding="UTF-8"?>
<!-- Generated by org.testng.reporters.JUnitReportReporter -->
<testsuite hostname="DESKTOP-ICLD36V" failures="0" tests="14" name="apitesting_restassured.Testsuite" time="16.839" errors="0" timestamp="2024-07-19T10:56:57 IST" skipped="0">
  <testcase classname="apitesting_restassured.Testsuite" name="limitAndSkipProducts" time="0.896"/>
  <system-out/>
  <testcase classname="apitesting_restassured.Testsuite" name="Get_current_user" time="0.863"/>
  <system-out/>
  <testcase classname="apitesting_restassured.Testsuite" name="getProductsByCategory" time="0.860"/>
  <system-out/>
  <testcase classname="apitesting_restassured.Testsuite" name="searchProducts" time="0.890"/>
  <system-out/>
  <testcase classname="apitesting_restassured.Testsuite" name="updateProduct" time="0.868"/>
  <system-out/>
  <testcase classname="apitesting_restassured.Testsuite" name="sortProducts" time="0.882"/>
  <system-out/>
  <testcase classname="apitesting_restassured.Testsuite" name="getProductsCategoryList" time="0.865"/>
  <system-out/>
  <testcase classname="apitesting_restassured.Testsuite" name="fetchAllProducts" time="0.950"/>
  <system-out/>
  <testcase classname="apitesting_restassured.Testsuite" name="getAllProductCategories" time="0.911"/>
  <system-out/>
  <testcase classname="apitesting_restassured.Testsuite" name="Auth" time="5.331"/>
  <system-out/>
  <testcase classname="apitesting_restassured.Testsuite" name="deleteProduct" time="0.910"/>
  <system-out/>
  <testcase classname="apitesting_restassured.Testsuite" name="refreshAuthToken" time="0.841"/>
  <system-out/>
  <testcase classname="apitesting_restassured.Testsuite" name="fetchSingleProduct" time="0.892"/>
  <system-out/>
  <testcase classname="apitesting_restassured.Testsuite" name="addNewProduct" time="0.880"/>
  <system-out/>
</testsuite> <!-- apitesting_restassured.Testsuite -->
