<?xml version="1.0" encoding="UTF-8"?>
<!-- Generated by org.testng.reporters.JUnitReportReporter -->
<testsuite hostname="DESKTOP-ICLD36V" failures="0" tests="14" name="apitesting_restassured.Testsuite" time="15.414" errors="0" timestamp="2024-07-20T10:11:26 IST" skipped="0">
  <testcase classname="apitesting_restassured.Testsuite" name="deleteProduct" time="0.875"/>
  <system-out/>
  <testcase classname="apitesting_restassured.Testsuite" name="updateProduct" time="0.863"/>
  <system-out/>
  <testcase classname="apitesting_restassured.Testsuite" name="Get_current_user" time="0.860"/>
  <system-out/>
  <testcase classname="apitesting_restassured.Testsuite" name="getProductsCategoryList" time="0.851"/>
  <system-out/>
  <testcase classname="apitesting_restassured.Testsuite" name="getProductsByCategory" time="0.871"/>
  <system-out/>
  <testcase classname="apitesting_restassured.Testsuite" name="searchProducts" time="0.861"/>
  <system-out/>
  <testcase classname="apitesting_restassured.Testsuite" name="fetchAllProducts" time="0.932"/>
  <system-out/>
  <testcase classname="apitesting_restassured.Testsuite" name="limitAndSkipProducts" time="0.867"/>
  <system-out/>
  <testcase classname="apitesting_restassured.Testsuite" name="sortProducts" time="0.864"/>
  <system-out/>
  <testcase classname="apitesting_restassured.Testsuite" name="addNewProduct" time="0.845"/>
  <system-out/>
  <testcase classname="apitesting_restassured.Testsuite" name="fetchSingleProduct" time="0.847"/>
  <system-out/>
  <testcase classname="apitesting_restassured.Testsuite" name="refreshAuthToken" time="0.839"/>
  <system-out/>
  <testcase classname="apitesting_restassured.Testsuite" name="Auth" time="4.167"/>
  <system-out/>
  <testcase classname="apitesting_restassured.Testsuite" name="getAllProductCategories" time="0.872"/>
  <system-out/>
</testsuite> <!-- apitesting_restassured.Testsuite -->
